        5224           6           2
 111  1   6   26  33  17  50 1.76E+02 5.01E-02 6.00E-03  16  84 -30
 111  1   6    1  33  67   0 1.80E+01 3.29E-01 3.00E-03   1  99 -11
 111  1   6    1  33  67   0 2.01E+02 4.54E-02 3.00E-03  17  83 -31
 111  1   6    1 100   0   0 1.79E+01 3.07E-01 3.00E-03   2  98 -12
 111  1   6   13  80   0  20 1.79E+02 4.09E-02 5.00E-03  21  79 -32
 111  1   6    1  75  25   0 1.73E+01 3.03E-01 4.00E-03   1  99 -12
 111  1   6    1  33  67   0 1.74E+02 4.74E-02 3.00E-03  19  81 -30
 111  1   6    1  33  67   0 1.71E+01 2.85E-01 3.00E-03   2  98 -13
 111  1   6    6  75   0  25 1.69E+02 4.59E-02 4.00E-03  20  80 -31
 111  1   6    1  67  33   0 1.79E+01 2.90E-01 3.00E-03   1  99 -12
 111  1   6    1  67   0  33 1.66E+02 5.09E-02 3.00E-03  18  82 -30
 111  1   6    1  33  33  33 1.73E+01 2.97E-01 3.00E-03   1  99 -12
 111  1   6   16  40  20  40 1.63E+02 4.86E-02 5.00E-03  17  83 -30
 111  1   6    1  67  33   0 1.73E+01 2.96E-01 3.00E-03   1  99 -12
 111  1   6    1  33  67   0 1.72E+02 4.97E-02 3.00E-03  16  84 -30
 111  1   6    1  33  33  33 1.71E+01 2.96E-01 3.00E-03   2  98 -12
 111  1   6   10  25  50  25 1.64E+02 4.57E-02 4.00E-03  18  82 -31
 111  1   6    1  67  33   0 1.70E+01 2.99E-01 3.00E-03   1  99 -12
 111  1   6    1  33  67   0 1.62E+02 5.29E-02 3.00E-03  16  84 -29
 111  1   6    1  33  33  33 1.71E+01 3.08E-01 3.00E-03   1  99 -12
 111  1   6    9  25  50  25 1.59E+02 4.83E-02 4.00E-03  17  83 -30
 111  1   6    1  33  67   0 1.73E+01 3.13E-01 3.00E-03   2  98 -12
 111  1   6    1  33  67   0 1.59E+02 4.98E-02 3.00E-03  17  83 -30
 111  1   6    1  75  25   0 1.65E+01 2.97E-01 4.00E-03   1  99 -12
 111  1   6    6  33  33  33 1.56E+02 4.32E-02 3.00E-03  22  78 -31
 111  1   6    1  33  67   0 1.71E+01 2.73E-01 3.00E-03   1  99 -13
 111  1   6    1  33  67   0 1.56E+02 5.01E-02 3.00E-03  17  83 -30
 111  1   6    1  33  67   0 1.64E+01 2.80E-01 3.00E-03   1  99 -13
 111  1   6   19  20  40  40 1.53E+02 4.28E-02 5.00E-03  23  77 -32
 111  1   6    1  33  67   0 1.63E+01 2.80E-01 3.00E-03   2  98 -13
 111  1   6    1  67  33   0 1.61E+02 4.55E-02 3.00E-03  20  80 -31
 111  1   6    1  33  67   0 1.60E+01 2.70E-01 3.00E-03   1  99 -13
 111  1   6   14  60  20  20 1.55E+02 4.55E-02 5.00E-03  19  81 -31
 111  1   6    1  33  67   0 1.60E+01 2.95E-01 3.00E-03   2  98 -12
 111  1   6    1  50  50   0 1.54E+02 4.70E-02 4.00E-03  20  80 -31
 111  1   6    1  33  67   0 1.57E+01 2.78E-01 3.00E-03   1  99 -13
 111  1   6    9  60  20  20 1.51E+02 4.41E-02 5.00E-03  20  80 -31
 111  1   6    1 100   0   0 1.64E+01 2.75E-01 4.00E-03   1  99 -13
 111  1   6    1  67   0  33 1.49E+02 4.87E-02 3.00E-03  18  82 -30
 111  1   6    1  67  33   0 1.59E+01 2.78E-01 3.00E-03   1  99 -13
 111  1   6    6  50  25  25 1.47E+02 4.68E-02 4.00E-03  19  81 -31
 111  1   6    1  75  25   0 1.67E+01 2.75E-01 4.00E-03   1  99 -13
 111  1   6    1  33  33  33 1.47E+02 5.01E-02 3.00E-03  18  82 -30
 111  1   6    1  75  25   0 1.56E+01 2.75E-01 4.00E-03   1  99 -13
 111  1   6    3  50  50   0 1.45E+02 4.70E-02 4.00E-03  21  79 -31
 111  1   6    1  33  67   0 1.71E+01 2.69E-01 3.00E-03   1  99 -13
 111  1   6    1  50  50   0 1.44E+02 4.49E-02 4.00E-03  21  79 -31
 111  1   6    1  33  67   0 1.52E+01 2.88E-01 3.00E-03   1  99 -12
 111  1   6    4  33  33  33 1.43E+02 4.05E-02 3.00E-03  25  75 -32
 111  1   6    1  67   0  33 1.48E+01 2.93E-01 3.00E-03   2  98 -12
 111  1   6    1  67   0  33 1.43E+02 4.56E-02 3.00E-03  21  79 -31
 111  1   6    1  75  25   0 1.48E+01 2.61E-01 4.00E-03   1  99 -13
 111  1   6    2  33  67   0 1.41E+02 4.28E-02 3.00E-03  24  76 -32
 111  1   6    1  33  67   0 1.57E+01 2.99E-01 3.00E-03   1  99 -12
 111  1   6    1  67  33   0 1.41E+02 4.81E-02 3.00E-03  19  81 -30
 111  1   6    1  33  67   0 1.50E+01 3.07E-01 3.00E-03   1  99 -12
 111  1   6   25  33  17  50 1.40E+02 4.69E-02 6.00E-03  20  80 -31
 111  1   6    1  67  33   0 1.54E+01 2.90E-01 3.00E-03   1  99 -12
 111  1   6    1  75  25   0 1.52E+02 4.65E-02 4.00E-03  20  80 -31
 111  1   6    1  33  67   0 1.48E+01 2.73E-01 3.00E-03   1  99 -13
 111  1   6   15  60  20  20 1.47E+02 4.52E-02 5.00E-03  18  82 -31
 111  1   6    1  50  50   0 1.54E+01 2.89E-01 4.00E-03   2  98 -12
 111  1   6    1  33  67   0 1.43E+02 5.03E-02 3.00E-03  16  84 -30
 111  1   6    1  50  50   0 1.52E+01 2.91E-01 4.00E-03   1  99 -12
 111  1   6   22  17  33  50 1.41E+02 4.43E-02 6.00E-03  19  81 -31
 111  1   6    1  67   0  33 1.52E+01 2.93E-01 3.00E-03   2  98 -12
 111  1   6    1 100   0   0 1.54E+02 4.53E-02 4.00E-03  18  82 -31
 111  1   6    1  33  67   0 1.46E+01 2.75E-01 3.00E-03   1  99 -13
 111  1   6   12  60  20  20 1.43E+02 4.49E-02 5.00E-03  19  81 -31
 111  1   6    1  67   0  33 1.50E+01 2.80E-01 3.00E-03   2  98 -13
 111  1   6    1  50  50   0 1.44E+02 4.66E-02 4.00E-03  19  81 -31
 111  1   6    1  75  25   0 1.44E+01 2.74E-01 4.00E-03   1  99 -13
 111  1   6    8  50  25  25 1.39E+02 4.45E-02 4.00E-03  20  80 -31
 111  1   6    1  75  25   0 1.46E+01 3.00E-01 4.00E-03   2  98 -12
 111  1   6    1  75  25   0 1.37E+02 4.81E-02 4.00E-03  18  82 -30
 111  1   6    1  33  67   0 1.42E+01 2.81E-01 3.00E-03   1  99 -13
 111  1   6   26  43  14  43 1.36E+02 4.52E-02 7.00E-03  20  80 -31
 111  1   6    1  67   0  33 1.46E+01 2.84E-01 3.00E-03   2  98 -13
 111  1   6    1  67  33   0 1.41E+02 4.76E-02 3.00E-03  19  81 -30
 111  1   6    1  67   0  33 1.40E+01 2.77E-01 3.00E-03   1  99 -13
 111  1   6   19  20  20  60 1.38E+02 4.17E-02 5.00E-03  21  79 -32
 111  1   6    1  33  67   0 1.49E+01 2.83E-01 3.00E-03   2  98 -13
 111  1   6    1  50  50   0 1.38E+02 4.66E-02 4.00E-03  18  82 -31
 111  1   6    1 100   0   0 1.41E+01 2.74E-01 3.00E-03   1  99 -13
 111  1   6   30  17  17  67 1.35E+02 4.53E-02 6.00E-03  18  82 -31
 111  1   6    1  33  67   0 1.47E+01 2.86E-01 3.00E-03   2  98 -13
 111  1   6    1  57  43   0 1.56E+02 4.26E-02 7.00E-03  17  83 -32
 111  1   6    1  60  40   0 1.38E+01 2.75E-01 5.00E-03   1  99 -13
 111  1   6    6  33  50  17 1.39E+02 4.31E-02 6.00E-03  20  80 -31
 111  1   6    1  40  40  20 1.50E+01 2.71E-01 5.00E-03   2  98 -13
 111  1   6    1  33  50  17 1.36E+02 4.83E-02 6.00E-03  18  82 -30
 111  1   6    1  50  50   0 1.37E+01 2.77E-01 6.00E-03   1  99 -13
 111  1   6   28  22  33  44 1.33E+02 4.63E-02 9.00E-03  18  82 -31
 111  1   6    1  40  40  20 1.44E+01 2.91E-01 5.00E-03   2  98 -12
 111  1   6    1  40  40  20 1.37E+02 4.44E-02 5.00E-03  20  80 -31
 111  1   6    1  60  40   0 1.33E+01 2.67E-01 5.00E-03   1  99 -13
 111  1   6   13  29  29  43 1.34E+02 4.19E-02 7.00E-03  21  79 -32
 111  1   6    1  50  33  17 1.42E+01 2.72E-01 6.00E-03   2  98 -13
 111  1   6    1  80  20   0 1.32E+02 4.85E-02 5.00E-03  18  82 -30
 111  1   6    1  40  40  20 1.34E+01 2.76E-01 5.00E-03   1  99 -13
 111  1   6   24  30  20  50 1.31E+02 4.46E-02 4.00E-02  18  82 -31
 111  1   6    1  53  37  11 1.43E+01 2.87E-01 1.90E-02   2  98 -12
 111  1   6    1  61  33   6 1.41E+02 4.51E-02 1.80E-02  18  82 -31
 111  1   6    1  56  39   6 1.35E+01 2.76E-01 1.80E-02   1  99 -13
 111  1   6   14  31  27  42 1.32E+02 4.31E-02 2.60E-02  19  81 -31
 111  1   6    1  59  35   6 1.41E+01 2.97E-01 1.70E-02   2  98 -12
 111  1   6    1  63  25  12 1.34E+02 4.62E-02 8.00E-03  18  82 -31
 111  1   6    1  50  50   0 1.30E+01 2.83E-01 6.00E-03   1  99 -13
 111  1   6    9  50  25  25 1.29E+02 4.35E-02 8.00E-03  20  80 -31
 111  1   6    1  67  33   0 1.38E+01 2.96E-01 6.00E-03   2  98 -12
 111  1   6    1  50  50   0 1.27E+02 4.62E-02 6.00E-03  19  81 -31
 111  1   6    1  60  40   0 1.29E+01 2.77E-01 5.00E-03   1  99 -13
 111  1   6   23  24  29  47 1.26E+02 4.12E-02 1.70E-02  23  77 -32
 111  1   6    1  57  29  14 1.34E+01 2.86E-01 7.00E-03   2  98 -13
 111  1   6    1  57  43   0 1.32E+02 4.71E-02 7.00E-03  19  81 -31
 111  1   6    1  33  67   0 1.28E+01 2.76E-01 6.00E-03   1  99 -13
 111  1   6   13  44  22  33 1.29E+02 4.19E-02 9.00E-03  21  79 -32
 111  1   6    1  57  43   0 1.34E+01 2.92E-01 7.00E-03   2  98 -12
 111  1   6    1  50  40  10 1.28E+02 4.77E-02 1.00E-02  18  82 -30
 111  1   6    1  43  43  14 1.26E+01 2.81E-01 7.00E-03   1  99 -13
 111  1   6   30  25  25  50 1.26E+02 4.21E-02 1.60E-02  20  80 -32
 111  1   6    1  62  38   0 1.35E+01 2.97E-01 8.00E-03   2  98 -12
 111  1   6    1  50  50   0 1.31E+02 4.43E-02 8.00E-03  20  80 -31
 111  1   6    1  57  29  14 1.26E+01 2.75E-01 7.00E-03   1  99 -13
 111  1   6   17  23  23  54 1.27E+02 3.66E-02 1.30E-02  26  74 -33
 111  1   6    1  43  43  14 1.29E+01 2.90E-01 7.00E-03   2  98 -12
 111  1   6    1  83  17   0 1.26E+02 4.51E-02 6.00E-03  19  81 -31
 111  1   6    1  60  40   0 1.22E+01 2.65E-01 5.00E-03   1  99 -13
 111  1   6    9  29  43  29 1.23E+02 3.94E-02 7.00E-03  23  77 -32
 111  1   6    1  40  40  20 1.29E+01 2.90E-01 5.00E-03   2  98 -12
 111  1   6    1  40  40  20 1.22E+02 4.41E-02 5.00E-03  20  80 -31
 111  1   6    1  40  40  20 1.21E+01 2.73E-01 5.00E-03   2  98 -13
 111  1   6    6  50  17  33 1.21E+02 3.95E-02 6.00E-03  24  76 -32
 111  1   6    1  33  50  17 1.30E+01 2.88E-01 6.00E-03   2  98 -12
 111  1   6    1  50  50   0 1.20E+02 4.68E-02 6.00E-03  18  82 -31
 111  1   6    1  50  33  17 1.20E+01 2.76E-01 6.00E-03   1  99 -13
 111  1   6   22  23  23  54 1.19E+02 4.01E-02 1.30E-02  22  78 -32
 111  1   6    1  57  43   0 1.26E+01 2.95E-01 7.00E-03   2  98 -12
 111  1   6    1  44  44  11 1.28E+02 4.29E-02 9.00E-03  19  81 -31
 111  1   6    1  44  44  11 1.18E+01 2.80E-01 9.00E-03   1  99 -13
 111  1   6   16  33  25  42 1.23E+02 3.91E-02 1.20E-02  22  78 -32
 111  1   6    1  56  33  11 1.24E+01 3.02E-01 9.00E-03   3  97 -12
 111  1   6    1  57  43   0 1.22E+02 4.53E-02 7.00E-03  19  81 -31
 111  1   6    1  33  67   0 1.17E+01 2.85E-01 6.00E-03   2  98 -13
 111  1   6   28  23  23  54 1.19E+02 3.85E-02 1.30E-02  23  77 -33
 111  1   6    1  38  50  13 1.22E+01 3.02E-01 8.00E-03   2  98 -12
 111  1   6    1  57  29  14 1.36E+02 3.92E-02 7.00E-03  20  80 -32
 111  1   6    1  50  50   0 1.14E+01 2.72E-01 6.00E-03   1  99 -13
 111  1   6    8  29  57  14 1.22E+02 3.91E-02 7.00E-03  22  78 -32
 111  1   6    1  60  40   0 1.18E+01 3.10E-01 5.00E-03   2  98 -12
 111  1   6    1  50  50   0 1.18E+02 4.48E-02 6.00E-03  19  81 -31
 111  1   6    1  60  40   0 1.13E+01 2.91E-01 5.00E-03   1  99 -12
 111  1   6   18  25  25  50 1.16E+02 4.14E-02 1.20E-02  22  78 -32
 111  1   6    1  71  29   0 1.16E+01 3.13E-01 7.00E-03   2  98 -12
 111  1   6    1  40  40  20 1.17E+02 4.69E-02 5.00E-03  20  80 -31
 111  1   6    1  60  20  20 1.11E+01 2.88E-01 5.00E-03   1  99 -12
 111  1   6   12  22  44  33 1.15E+02 4.21E-02 9.00E-03  20  80 -32
 111  1   6    1  43  43  14 1.15E+01 3.15E-01 7.00E-03   2  98 -12
 111  1   6    1  29  57  14 1.14E+02 4.70E-02 7.00E-03  19  81 -31
 111  1   6    1  37  50  12 1.11E+01 2.98E-01 8.00E-03   1  99 -12
 111  1   6    6  33  44  22 1.12E+02 3.80E-02 9.00E-03  25  75 -33
 111  1   6    1  43  43  14 1.14E+01 3.08E-01 7.00E-03   2  98 -12
 111  1   6    1  50  38  12 1.12E+02 4.64E-02 8.00E-03  19  81 -31
 111  1   6    1  43  43  14 1.07E+01 2.86E-01 7.00E-03   2  98 -13
 111  1   6    4  40  40  20 1.11E+02 4.07E-02 1.00E-02  23  77 -32
 111  1   6    1  63  37   0 1.08E+01 3.28E-01 8.00E-03   3  97 -11
 111  1   6    1  57  29  14 1.11E+02 4.40E-02 7.00E-03  21  79 -31
 111  1   6    1  57  29  14 1.03E+01 2.91E-01 7.00E-03   2  98 -12
 111  1   6   14  40  30  30 1.10E+02 3.51E-02 1.00E-02  30  70 -34
 111  1   6    1  38  50  12 1.07E+01 3.07E-01 8.00E-03   3  97 -12
 111  1   6    1  57  43   0 1.12E+02 4.25E-02 7.00E-03  23  77 -32
 111  1   6    1  62  38   0 1.01E+01 2.73E-01 8.00E-03   2  98 -13
 111  1   6   10  38  37  25 1.10E+02 3.86E-02 8.00E-03  24  76 -33
 111  1   6    1  33  50  17 1.05E+01 3.08E-01 6.00E-03   2  98 -12
 111  1   6    1  57  43   0 1.09E+02 4.30E-02 7.00E-03  22  78 -31
 111  1   6    1  57  43   0 9.99E+00 2.81E-01 7.00E-03   2  98 -13
 111  1   6    4  30  50  20 1.07E+02 3.72E-02 1.00E-02  28  72 -33
 111  1   6    1  71  29   0 1.03E+01 3.19E-01 7.00E-03   3  97 -11
 111  1   6    1  71  29   0 1.07E+02 4.29E-02 7.00E-03  23  77 -31
 111  1   6    1  57  29  14 9.77E+00 2.83E-01 7.00E-03   2  98 -13
 111  1   6    9  56  22  22 1.05E+02 3.39E-02 9.00E-03  33  67 -34
 111  1   6    1  60  20  20 1.03E+01 3.15E-01 5.00E-03   3  97 -12
 111  1   6    1  57  29  14 1.06E+02 4.23E-02 7.00E-03  23  77 -32
 111  1   6    1  43  43  14 9.64E+00 2.87E-01 7.00E-03   2  98 -12
 111  1   6    6  38  38  25 1.05E+02 3.58E-02 8.00E-03  30  70 -33
 111  1   6    1  57  29  14 9.99E+00 3.11E-01 7.00E-03   3  97 -12
 111  1   6    1  50  50   0 1.04E+02 4.38E-02 6.00E-03  22  78 -31
 111  1   6    1  57  29  14 9.39E+00 2.77E-01 7.00E-03   2  98 -13
 111  1   6    5  44  33  22 1.03E+02 3.45E-02 9.00E-03  32  68 -34
 111  1   6    1  43  43  14 9.71E+00 3.11E-01 7.00E-03   3  97 -12
 111  1   6    1  56  44   0 1.03E+02 4.13E-02 9.00E-03  24  76 -32
 111  1   6    1  44  44  11 9.39E+00 2.77E-01 9.00E-03   2  98 -13
 111  1   6    2  50  40  10 1.02E+02 3.76E-02 1.00E-02  30  70 -33
 111  1   6    1  44  44  11 9.91E+00 3.41E-01 9.00E-03   3  97 -11
 111  1   6    1  71  29   0 1.02E+02 4.44E-02 7.00E-03  22  78 -31
 111  1   6    1  50  40  10 9.27E+00 3.21E-01 1.00E-02   2  98 -11
 111  1   6    8  45  27  27 1.01E+02 3.92E-02 1.10E-02  26  74 -32
 111  1   6    1  40  50  10 9.78E+00 3.32E-01 1.00E-02   3  97 -11
 111  1   6    1  44  56   0 1.01E+02 4.49E-02 9.00E-03  22  78 -31
 111  1   6    1  50  38  12 9.22E+00 2.94E-01 8.00E-03   2  98 -12
 111  1   6    5  43  29  29 9.96E+01 4.15E-02 7.00E-03  24  76 -32
 111  1   6    1  57  29  14 9.46E+00 3.25E-01 7.00E-03   3  97 -11
 111  1   6    1  55  45   0 9.93E+01 4.42E-02 1.10E-02  22  78 -31
 111  1   6    1  38  50  12 9.19E+00 2.80E-01 8.00E-03   2  98 -13
 111  1   6    2  55  36   9 9.81E+01 3.32E-02 1.10E-02  37  63 -34
 111  1   6    1  40  50  10 9.39E+00 3.33E-01 1.00E-02   3  97 -11
 111  1   6    1  50  40  10 9.79E+01 4.18E-02 1.00E-02  25  75 -32
 111  1   6    1  60  40   0 8.76E+00 2.92E-01 1.00E-02   2  98 -12
 111  1   6    2  50  40  10 9.69E+01 3.83E-02 1.00E-02  30  70 -33
 111  1   6    1  44  44  11 9.47E+00 3.43E-01 9.00E-03   3  97 -11
 111  1   6    1  50  40  10 9.66E+01 4.39E-02 1.00E-02  24  76 -31
 111  1   6    1  50  40  10 8.83E+00 3.17E-01 1.00E-02   2  98 -11
 111  1   6    3  45  45   9 9.57E+01 3.80E-02 1.10E-02  31  69 -33
 111  1   6    1  63  37   0 9.81E+00 3.18E-01 8.00E-03   2  98 -11
 111  1   6    1  50  50   0 9.53E+01 4.02E-02 8.00E-03  28  72 -32
 111  1   6    1  40  50  10 8.58E+00 2.90E-01 1.00E-02   2  98 -12
 111  1   6    1  43  43  14 9.43E+01 3.70E-02 7.00E-03  32  68 -33
 111  1   6    1  71  29   0 8.59E+00 3.23E-01 7.00E-03   2  98 -11
 111  1   6    1  50  37  13 9.43E+01 4.91E-02 8.00E-03  20  80 -30
 111  1   6    1  56  44   0 9.04E+00 3.13E-01 9.00E-03   2  98 -12
 111  1   6    8  43  43  14 9.32E+01 4.35E-02 7.00E-03  23  77 -31
 111  1   6    1  60  20  20 9.56E+00 3.28E-01 5.00E-03   3  97 -11
 111  1   6    1  67  33   0 9.38E+01 4.84E-02 6.00E-03  20  80 -30
 111  1   6    1  40  40  20 9.03E+00 3.12E-01 5.00E-03   2  98 -12
 111  1   6    6  57  29  14 9.24E+01 3.76E-02 7.00E-03  30  70 -33
 111  1   6    1  60  20  20 9.14E+00 3.18E-01 5.00E-03   3  97 -11
 111  1   6    1  50  33  17 9.22E+01 4.63E-02 6.00E-03  22  78 -31
 111  1   6    1  83  17   0 8.60E+00 2.75E-01 6.00E-03   2  98 -13
 111  1   6    4  50  33  17 9.09E+01 3.75E-02 6.00E-03  31  69 -33
 111  1   6    1  60  40   0 9.30E+00 3.06E-01 5.00E-03   3  97 -12
 111  1   6    1  40  40  20 9.05E+01 4.25E-02 5.00E-03  26  74 -32
 111  1   6    1  83  17   0 8.48E+00 2.78E-01 6.00E-03   2  98 -13
 111  1   6    2  33  67   0 8.95E+01 3.68E-02 6.00E-03  33  67 -33
 111  1   6    1  43  43  14 9.03E+00 3.26E-01 7.00E-03   3  97 -11
 111  1   6    1  57  43   0 8.92E+01 4.65E-02 7.00E-03  23  77 -31
 111  1   6    1  44  44  11 8.58E+00 3.04E-01 9.00E-03   2  98 -12
 111  1   6    6  50  30  20 8.83E+01 4.09E-02 1.00E-02  27  73 -32
 111  1   6    1  57  43   0 9.31E+00 2.97E-01 7.00E-03   3  97 -12
 111  1   6    1  67  33   0 8.81E+01 4.68E-02 6.00E-03  22  78 -31
 111  1   6    1  43  43  14 8.64E+00 2.74E-01 7.00E-03   2  98 -13
 111  1   6    2  57  43   0 8.69E+01 3.99E-02 7.00E-03  29  71 -32
 111  1   6    1  43  57   0 9.05E+00 3.31E-01 7.00E-03   3  97 -11
 111  1   6    1  33  50  17 8.67E+01 4.56E-02 6.00E-03  24  76 -31
 111  1   6    1  40  40  20 8.44E+00 3.03E-01 5.00E-03   2  98 -12
 111  1   6    5  50  33  17 8.56E+01 3.94E-02 6.00E-03  29  71 -32
 111  1   6    1  60  40   0 8.67E+00 3.09E-01 5.00E-03   3  97 -12
 111  1   6    1  43  43  14 8.58E+01 4.56E-02 7.00E-03  23  77 -31
 111  1   6    1  50  40  10 8.46E+00 2.68E-01 1.00E-02   2  98 -13
 111  1   6    4  57  29  14 8.45E+01 3.68E-02 7.00E-03  33  67 -33
 111  1   6    1  57  29  14 8.86E+00 2.97E-01 7.00E-03   3  97 -12
 111  1   6    1  57  29  14 8.41E+01 4.47E-02 7.00E-03  24  76 -31
 111  1   6    1  57  43   0 8.28E+00 2.63E-01 7.00E-03   2  98 -13
 111  1   6    3  43  43  14 8.30E+01 3.95E-02 7.00E-03  31  69 -32
 111  1   6    1  60  40   0 9.40E+00 2.82E-01 5.00E-03   2  98 -13
 111  1   6    1  43  57   0 8.27E+01 4.29E-02 7.00E-03  26  74 -31
 111  1   6    1  33  67   0 8.29E+00 2.77E-01 6.00E-03   2  98 -13
 111  1   6    2  57  43   0 8.16E+01 4.01E-02 7.00E-03  30  70 -32
 111  1   6    1  40  40  20 9.01E+00 3.16E-01 5.00E-03   3  97 -12
 111  1   6    1  60  40   0 8.14E+01 4.65E-02 5.00E-03  23  77 -31
 111  1   6    1  40  40  20 8.38E+00 2.97E-01 5.00E-03   2  98 -12
 111  1   6  133  11   8  82 8.04E+01 4.76E-02 3.80E-02  23  77 -30
 111  1   6    2  50  50   0 1.02E+01 3.01E-01 6.00E-03   1  99 -12
 111  1   6    1  67  33   0 8.88E+02 5.85E-03 6.00E-03  15  85 -51
 111  1   6    1  57  29  14 1.01E+01 2.65E-01 7.00E-03   1  99 -13
 111  1   6    4  62  25  12 4.42E+02 9.64E-03 8.00E-03  21  79 -46
 111  1   6    1  57  29  14 9.44E+00 2.94E-01 7.00E-03   4  96 -12
 111  1   6    1  50  50   0 2.35E+02 2.03E-02 6.00E-03  18  82 -39
 111  1   6   24  22  33  44 8.88E+00 3.11E-01 9.00E-03   4  96 -12
 111  1   6   51  23  15  62 1.36E+02 2.97E-02 1.30E-02  20  80 -35
 111  1   6    1  50  33  17 9.27E+00 3.31E-01 6.00E-03   3  97 -11
 111  1   6    1  40  40  20 2.40E+02 1.85E-02 5.00E-03  20  80 -40
 111  1   6    1  67  33   0 8.76E+00 2.92E-01 6.00E-03   2  98 -12
 111  1   6   28  25  25  50 1.37E+02 2.66E-02 1.20E-02  23  77 -36
 111  1   6    1  33  67   0 8.84E+00 2.98E-01 6.00E-03   3  97 -12
 111  1   6    1  50  33  17 1.25E+02 3.20E-02 6.00E-03  21  79 -34
 111  1   6    1  40  40  20 8.46E+00 2.71E-01 5.00E-03   2  98 -13
 111  1   6    7  33  50  17 9.09E+01 3.75E-02 6.00E-03  25  75 -33
 111  1   6    1  40  40  20 8.91E+00 2.98E-01 5.00E-03   3  97 -12
 111  1   6    1  60  20  20 8.14E+01 4.62E-02 5.00E-03  21  79 -31
 111  1   6    1  60  40   0 8.32E+00 2.70E-01 5.00E-03   2  98 -13
 111  1   6   13  29  43  29 7.64E+01 4.37E-02 7.00E-03  23  77 -31
 111  1   6    1  50  50   0 8.80E+00 2.88E-01 6.00E-03   3  97 -12
 111  1   6    1  40  60   0 7.53E+01 4.82E-02 5.00E-03  22  78 -30
 111  1   6    1  83  17   0 8.25E+00 2.58E-01 6.00E-03   2  98 -14
 111  1   6    9  33  33  33 7.40E+01 4.03E-02 6.00E-03  28  72 -32
 111  1   6    1  60  40   0 8.51E+00 2.76E-01 5.00E-03   3  97 -13
 111  1   6    1  40  40  20 7.43E+01 4.84E-02 5.00E-03  21  79 -30
 111  1   6    1  50  50   0 8.14E+00 2.57E-01 6.00E-03   2  98 -14
 111  1   6   32  30  20  50 7.27E+01 4.41E-02 1.00E-02  24  76 -31
 111  1   6    1  50  50   0 8.76E+00 2.75E-01 6.00E-03   3  97 -13
 111  1   6    1  71  29   0 1.03E+02 3.65E-02 7.00E-03  22  78 -33
 111  1   6    1  33  67   0 8.28E+00 2.59E-01 6.00E-03   2  98 -14
 111  1   6   11  56  22  22 8.10E+01 4.04E-02 9.00E-03  22  78 -32
 111  1   6    1  60  40   0 8.66E+00 2.81E-01 5.00E-03   3  97 -13
 111  1   6    1  50  50   0 7.26E+01 5.10E-02 6.00E-03  19  81 -30
 111  1   6    1  40  60   0 8.22E+00 2.62E-01 5.00E-03   2  98 -13
 111  1   6   33  21  21  57 7.12E+01 4.71E-02 1.40E-02  21  79 -31
 111  1   6    1  67  33   0 8.63E+00 2.82E-01 6.00E-03   3  97 -13
 111  1   6    1  83  17   0 1.19E+02 3.17E-02 6.00E-03  21  79 -35
 111  1   6    1  40  40  20 8.17E+00 2.66E-01 5.00E-03   2  98 -13
 111  1   6   12  29  29  43 8.45E+01 3.90E-02 7.00E-03  21  79 -32
 111  1   6    1  40  40  20 8.31E+00 2.91E-01 5.00E-03   3  97 -12
 111  1   6    1  33  67   0 7.20E+01 4.98E-02 6.00E-03  19  81 -30
 111  1   6    1  50  38  12 8.05E+00 2.66E-01 8.00E-03   2  98 -13
 111  1   6   27  19  25  56 6.89E+01 4.69E-02 1.60E-02  21  79 -31
 111  1   6    1  50  50   0 8.36E+00 2.77E-01 6.00E-03   3  97 -13
 111  1   6    1  60  40   0 8.19E+01 4.38E-02 5.00E-03  21  79 -31
 111  1   6    1  60  40   0 7.96E+00 2.52E-01 5.00E-03   2  98 -14
 111  1   6   13  57  14  29 7.11E+01 4.14E-02 7.00E-03  24  76 -32
 111  1   6    1  60  20  20 8.32E+00 2.72E-01 5.00E-03   3  97 -13
 111  1   6    1  67  17  17 6.75E+01 5.02E-02 6.00E-03  19  81 -30
 111  1   6    1  60  20  20 7.87E+00 2.53E-01 5.00E-03   2  98 -14
 111  1   6    6  29  57  14 6.56E+01 4.71E-02 7.00E-03  21  79 -31
 111  1   6    1  33  67   0 8.38E+00 2.61E-01 6.00E-03   2  98 -13
 111  1   6    1  67  33   0 6.57E+01 5.39E-02 6.00E-03  18  82 -29
 111  1   6    1  43  57   0 8.05E+00 2.60E-01 7.00E-03   2  98 -13
 111  1   6    4  50  33  17 6.43E+01 4.71E-02 6.00E-03  21  79 -31
 111  1   6    1  60  40   0 7.93E+00 2.92E-01 5.00E-03   3  97 -12
 111  1   6    1  71  29   0 6.42E+01 5.24E-02 7.00E-03  18  82 -29
 111  1   6    1  83  17   0 7.59E+00 2.62E-01 6.00E-03   1  99 -13
 111  1   6   12  38  38  25 6.32E+01 4.54E-02 8.00E-03  23  77 -31
 111  1   6    1  60  40   0 7.77E+00 2.65E-01 5.00E-03   2  98 -13
 111  1   6    1  50  50   0 6.62E+01 5.14E-02 6.00E-03  18  82 -30
 111  1   6    1  40  40  20 7.79E+00 2.52E-01 5.00E-03   1  99 -14
 111  1   6   14  25  37  38 6.38E+01 4.79E-02 8.00E-03  19  81 -30
 111  1   6    1  40  60   0 7.90E+00 2.82E-01 5.00E-03   2  98 -13
 111  1   6    1  40  60   0 6.31E+01 5.12E-02 5.00E-03  19  81 -30
 111  1   6    1  40  40  20 7.41E+00 2.49E-01 5.00E-03   1  99 -14
 111  1   6    7  40  40  20 6.15E+01 4.49E-02 5.00E-03  23  77 -31
 111  1   6    1  50  50   0 8.03E+00 2.72E-01 6.00E-03   3  97 -13
 111  1   6    1  60  40   0 6.15E+01 5.07E-02 5.00E-03  19  81 -30
 111  1   6    1  57  29  14 7.58E+00 2.53E-01 7.00E-03   2  98 -14
 111  1   6    4  62  25  12 6.03E+01 4.35E-02 8.00E-03  24  76 -31
 111  1   6    1  40  60   0 7.41E+00 2.84E-01 5.00E-03   2  98 -13
 111  1   6    1  67  33   0 6.04E+01 5.01E-02 6.00E-03  20  80 -30
 111  1   6    1  60  40   0 7.10E+00 2.48E-01 5.00E-03   1  99 -14
 111  1   6    1  60  40   0 5.94E+01 4.35E-02 5.00E-03  26  74 -31
 111  1   6    1  43  43  14 6.81E+00 2.88E-01 7.00E-03   2  98 -12
 111  1   6    1  40  60   0 5.96E+01 5.12E-02 5.00E-03  19  81 -30
 111  1   6    1  40  60   0 7.22E+00 2.64E-01 5.00E-03   1  99 -13
 111  1   6   11  43  29  29 5.87E+01 4.72E-02 7.00E-03  21  79 -31
 111  1   6    1  40  60   0 7.49E+00 2.73E-01 5.00E-03   2  98 -13
 111  1   6    1  40  60   0 6.09E+01 5.04E-02 5.00E-03  19  81 -30
 111  1   6    1  60  40   0 7.15E+00 2.57E-01 5.00E-03   1  99 -14
 111  1   6    8  33  33  33 5.90E+01 4.54E-02 6.00E-03  21  79 -31
 111  1   6    1  40  40  20 7.35E+00 2.91E-01 5.00E-03   2  98 -12
 111  1   6    1  60  40   0 5.89E+01 5.14E-02 5.00E-03  18  82 -30
 111  1   6    1  60  40   0 7.04E+00 2.67E-01 5.00E-03   1  99 -13
 111  1   6    6  50  25  25 5.77E+01 4.70E-02 8.00E-03  21  79 -31
 111  1   6    1  80  20   0 7.07E+00 2.73E-01 5.00E-03   1  99 -13
 111  1   6    1  57  29  14 5.76E+01 5.40E-02 7.00E-03  17  83 -29
 111  1   6    1  60  40   0 6.85E+00 2.62E-01 5.00E-03   1  99 -13
 111  1   6    5  50  33  17 5.68E+01 4.48E-02 6.00E-03  22  78 -31
 111  1   6    1  43  43  14 6.99E+00 2.74E-01 7.00E-03   2  98 -13
 111  1   6    1  43  57   0 5.71E+01 5.11E-02 7.00E-03  18  82 -30
 111  1   6    1  50  50   0 6.92E+00 2.61E-01 6.00E-03   1  99 -13
 111  1   6    4  33  50  17 5.62E+01 4.14E-02 6.00E-03  25  75 -32
 111  1   6    1  67  33   0 6.64E+00 2.90E-01 6.00E-03   2  98 -12
 111  1   6    1  60  40   0 5.63E+01 5.17E-02 5.00E-03  18  82 -30
 111  1   6    1  50  50   0 6.41E+00 2.61E-01 4.00E-03   1  99 -13
 111  1   6   21  37  12  50 5.55E+01 4.42E-02 8.00E-03  23  77 -31
 111  1   6    1  40  40  20 6.72E+00 2.68E-01 5.00E-03   2  98 -13
 111  1   6    1  57  29  14 6.45E+01 4.49E-02 7.00E-03  20  80 -31
 111  1   6    1  60  40   0 6.69E+00 2.60E-01 5.00E-03   1  99 -13
 111  1   6   17  29  29  43 5.89E+01 4.45E-02 7.00E-03  19  81 -31
 111  1   6    1  60  40   0 6.63E+00 2.88E-01 5.00E-03   2  98 -12
 111  1   6    1  50  33  17 5.71E+01 4.97E-02 6.00E-03  18  82 -30
 111  1   6    1  40  60   0 6.31E+00 2.55E-01 5.00E-03   1  99 -14
 111  1   6    7  33  50  17 5.55E+01 4.58E-02 6.00E-03  21  79 -31
 111  1   6    1  40  40  20 6.70E+00 2.72E-01 5.00E-03   2  98 -13
 111  1   6    1  60  40   0 5.54E+01 4.79E-02 5.00E-03  20  80 -30
 111  1   6    1  60  40   0 6.13E+00 2.48E-01 5.00E-03   1  99 -14
 111  1   6    5  43  43  14 5.47E+01 4.39E-02 7.00E-03  22  78 -31
 111  1   6    1  50  50   0 6.21E+00 2.71E-01 6.00E-03   2  98 -13
 111  1   6    1  60  40   0 5.47E+01 4.70E-02 5.00E-03  20  80 -31
 111  1   6    1  40  60   0 6.07E+00 2.52E-01 5.00E-03   1  99 -14
 111  1   6   13  33  33  33 5.41E+01 4.53E-02 6.00E-03  21  79 -31
 111  1   6    1  60  40   0 6.32E+00 2.70E-01 5.00E-03   2  98 -13
 111  1   6    1  57  29  14 5.58E+01 4.93E-02 7.00E-03  19  81 -30
 111  1   6    1  67  33   0 6.07E+00 2.62E-01 6.00E-03   1  99 -13
 111  1   6    8  57  29  14 5.46E+01 4.67E-02 7.00E-03  19  81 -31
 111  1   6    1  80  20   0 6.23E+00 2.96E-01 5.00E-03   2  98 -12
 111  1   6    1  40  60   0 5.44E+01 4.96E-02 5.00E-03  18  82 -30
 111  1   6    1  40  60   0 5.87E+00 2.84E-01 5.00E-03   1  99 -13
 111  1   6   10  33  33  33 5.37E+01 4.27E-02 6.00E-03  22  78 -32
 111  1   6    1  40  60   0 5.99E+00 2.90E-01 5.00E-03   1  99 -12
 111  1   6    1  40  60   0 5.41E+01 4.73E-02 5.00E-03  19  81 -31
 111  1   6    1  60  40   0 5.75E+00 2.71E-01 5.00E-03   1  99 -13
 111  1   6    7  50  33  17 5.32E+01 4.19E-02 6.00E-03  23  77 -32
 111  1   6    1  60  40   0 5.91E+00 2.83E-01 5.00E-03   2  98 -13
 111  1   6    1  67  33   0 5.33E+01 4.58E-02 6.00E-03  20  80 -31
 111  1   6    1  57  43   0 5.53E+00 2.54E-01 7.00E-03   1  99 -14
 111  1   6   15  40  20  40 5.26E+01 3.92E-02 1.00E-02  25  75 -32
 111  1   6    1  50  50   0 5.61E+00 2.69E-01 6.00E-03   2  98 -13
 111  1   6    1  67  33   0 5.39E+01 4.38E-02 6.00E-03  21  79 -31
 111  1   6    1  71  29   0 5.51E+00 2.51E-01 7.00E-03   1  99 -14
 111  1   6   10  56  22  22 5.28E+01 4.05E-02 9.00E-03  24  76 -32
 111  1   6    1  50  33  17 5.55E+00 2.72E-01 6.00E-03   2  98 -13
 111  1   6    1  40  40  20 5.29E+01 4.69E-02 5.00E-03  19  81 -31
 111  1   6    1  60  40   0 5.35E+00 2.70E-01 5.00E-03   1  99 -13
 111  1   6   22  22  33  44 5.21E+01 4.32E-02 9.00E-03  20  80 -31
 111  1   6    1  40  60   0 5.60E+00 2.88E-01 5.00E-03   2  98 -12
 111  1   6    1  40  40  20 5.26E+01 4.43E-02 5.00E-03  20  80 -31
 111  1   6    1  40  40  20 5.31E+00 2.64E-01 5.00E-03   1  99 -13
 111  1   6   18  29  29  43 5.18E+01 3.88E-02 7.00E-03  24  76 -32
 111  1   6    1  67  33   0 5.30E+00 2.77E-01 9.00E-03   1  99 -13
 111  1   6    1  40  60   0 5.50E+01 4.12E-02 5.00E-03  21  79 -32
 111  1   6    1  40  40  20 5.17E+00 2.57E-01 5.00E-03   1  99 -14
 111  1   6    5  29  57  14 5.19E+01 4.08E-02 7.00E-03  23  77 -32
 111  1   6    1  33  67   0 5.17E+00 2.73E-01 6.00E-03   2  98 -13
 111  1   6    1  57  43   0 5.15E+01 4.69E-02 7.00E-03  19  81 -31
 111  1   6    1  40  40  20 5.18E+00 2.68E-01 5.00E-03   1  99 -13
 111  1   6    9  36  36  27 5.07E+01 4.33E-02 1.10E-02  20  80 -31
 111  1   6    1  67  33   0 5.26E+00 2.98E-01 6.00E-03   2  98 -12
 111  1   6    1  50  50   0 5.09E+01 4.37E-02 6.00E-03  20  80 -31
 111  1   6    1  67  33   0 5.07E+00 2.75E-01 6.00E-03   1  99 -13
 111  1   6    6  33  33  33 5.04E+01 3.99E-02 6.00E-03  24  76 -32
 111  1   6    1  60  40   0 5.12E+00 2.75E-01 5.00E-03   1  99 -13
 111  1   6    1  60  40   0 5.04E+01 4.61E-02 5.00E-03  19  81 -31
 111  1   6    1  60  40   0 4.95E+00 2.67E-01 5.00E-03   1  99 -13
 111  1   6    5  43  43  14 4.98E+01 3.99E-02 7.00E-03  23  77 -32
 111  1   6    1  40  40  20 4.92E+00 2.80E-01 5.00E-03   2  98 -13
 111  1   6    1  40  40  20 4.99E+01 4.36E-02 5.00E-03  20  80 -31
 111  1   6    1  40  60   0 4.88E+00 2.68E-01 5.00E-03   1  99 -13
 111  1   6    4  50  50   0 4.95E+01 3.57E-02 6.00E-03  29  71 -33
 111  1   6    1  40  40  20 4.84E+00 2.95E-01 5.00E-03   2  98 -12
 111  1   6    1  50  33  17 4.96E+01 4.10E-02 6.00E-03  23  77 -32
 111  1   6    1  60  40   0 4.68E+00 2.67E-01 5.00E-03   1  99 -13
 111  1   6    3  33  50  17 4.91E+01 3.58E-02 6.00E-03  30  70 -33
 111  1   6    1  67  33   0 5.11E+00 2.74E-01 6.00E-03   1  99 -13
 111  1   6    1  60  40   0 4.92E+01 3.70E-02 5.00E-03  27  73 -33
 111  1   6    1  60  20  20 4.56E+00 2.60E-01 5.00E-03   1  99 -13
 111  1   6    1  40  40  20 4.87E+01 3.82E-02 5.00E-03  26  74 -33
 111  1   6    1  40  40  20 4.24E+00 3.14E-01 5.00E-03   1  99 -12
 111  1   6    1  60  40   0 4.89E+01 4.72E-02 5.00E-03  17  83 -31
 111  1   6    1  33  67   0 4.78E+00 2.99E-01 6.00E-03   1  99 -12
 111  1   6    2  50  50   0 4.84E+01 4.30E-02 6.00E-03  21  79 -31
 111  1   6    1  62  38   0 4.87E+00 3.39E-01 8.00E-03   2  98 -11
 111  1   6    1  33  67   0 4.84E+01 4.11E-02 6.00E-03  23  77 -32
 111  1   6    1  33  67   0 4.51E+00 3.14E-01 6.00E-03   1  99 -12
 111  1   6    8  33  33  33 4.80E+01 3.52E-02 6.00E-03  29  71 -33
 111  1   6    1  67  33   0 4.71E+00 2.94E-01 6.00E-03   1  99 -12
 111  1   6    1  40  40  20 4.83E+01 3.85E-02 5.00E-03  24  76 -33
 111  1   6    1  60  40   0 4.49E+00 2.54E-01 5.00E-03   1  99 -14
 111  1   6    4  50  33  17 4.78E+01 3.79E-02 6.00E-03  24  76 -33
 111  1   6    1  67  33   0 4.33E+00 2.94E-01 6.00E-03   2  98 -12
 111  1   6    1  43  43  14 4.78E+01 4.30E-02 7.00E-03  20  80 -31
 111  1   6    1  80  20   0 4.28E+00 2.81E-01 5.00E-03   2  98 -13
 111  1   6    8  43  43  14 4.74E+01 3.61E-02 7.00E-03  27  73 -33
 111  1   6    1  60  20  20 4.45E+00 2.89E-01 5.00E-03   1  99 -12
 111  1   6    1  60  40   0 4.79E+01 3.73E-02 5.00E-03  27  73 -33
 111  1   6    1  60  40   0 4.24E+00 2.52E-01 5.00E-03   2  98 -14
 111  1   6    6  33  50  17 4.72E+01 3.66E-02 6.00E-03  26  74 -33
 111  1   6    1  50  50   0 4.36E+00 2.61E-01 6.00E-03   1  99 -13
 111  1   6    1  67  17  17 4.70E+01 4.28E-02 6.00E-03  20  80 -32
 111  1   6    1  40  60   0 4.24E+00 2.64E-01 5.00E-03   1  99 -13
 111  1   6    4  50  50   0 4.66E+01 3.87E-02 6.00E-03  24  76 -33
 111  1   6    1  40  60   0 4.25E+00 2.98E-01 5.00E-03   2  98 -12
 111  1   6    1  40  40  20 4.65E+01 3.97E-02 5.00E-03  23  77 -32
 111  1   6    1  40  60   0 4.16E+00 2.78E-01 5.00E-03   1  99 -13
 111  1   6    4  50  33  17 4.61E+01 3.58E-02 6.00E-03  27  73 -33
 111  1   6    1  83  17   0 4.13E+00 2.98E-01 6.00E-03   2  98 -12
 111  1   6    1  40  40  20 4.61E+01 4.19E-02 5.00E-03  21  79 -32
 111  1   6    1  57  43   0 4.13E+00 2.79E-01 7.00E-03   1  99 -13
 111  1   6    2  33  44  22 4.57E+01 4.00E-02 9.00E-03  23  77 -32
 111  1   6    1  43  43  14 4.34E+00 3.33E-01 7.00E-03   2  98 -11
 111  1   6    1  40  40  20 4.57E+01 3.99E-02 5.00E-03  23  77 -32
 111  1   6    1  60  40   0 4.04E+00 3.17E-01 5.00E-03   2  98 -11
 111  1   6   67  13  13  73 4.53E+01 3.84E-02 1.50E-02  25  75 -33
 111  1   6    1  40  60   0 4.24E+00 3.00E-01 5.00E-03   2  98 -12
 111  1   6    1  40  40  20 1.10E+02 1.79E-02 5.00E-03  23  77 -40
 111  1   6    1  67  33   0 4.07E+00 2.66E-01 6.00E-03   2  98 -13
 111  1   6   41  33   8  58 7.09E+01 2.75E-02 1.20E-02  19  81 -36
 111  1   6    1  40  60   0 4.19E+00 3.04E-01 5.00E-03   2  98 -12
 111  1   6    1  60  40   0 8.26E+01 2.41E-02 5.00E-03  23  77 -37
 111  1   6    1  60  20  20 4.02E+00 3.09E-01 5.00E-03   2  98 -12
 111  1   6   33  30  20  50 5.72E+01 3.27E-02 1.00E-02  20  80 -34
 111  1   6    1  40  40  20 4.11E+00 3.18E-01 5.00E-03   2  98 -11
 111  1   6    1  60  40   0 5.83E+01 3.43E-02 5.00E-03  20  80 -34
 111  1   6    1  43  43  14 3.98E+00 2.95E-01 7.00E-03   2  98 -12
 111  1   6   22  33  22  44 4.92E+01 3.69E-02 9.00E-03  20  80 -33
 111  1   6    1  60  20  20 3.97E+00 3.11E-01 5.00E-03   2  98 -12
 111  1   6    1  60  40   0 6.39E+01 3.06E-02 5.00E-03  21  79 -35
 111  1   6    1  50  50   0 3.87E+00 3.02E-01 6.00E-03   2  98 -12
 111  1   6   13  25  37  38 4.96E+01 3.56E-02 8.00E-03  22  78 -33
 111  1   6    1  60  40   0 3.91E+00 3.13E-01 5.00E-03   2  98 -12
 111  1   6    1  40  40  20 4.89E+01 3.87E-02 5.00E-03  22  78 -33
 111  1   6    1  40  40  20 3.79E+00 2.97E-01 5.00E-03   2  98 -12
 111  1   6    9  29  43  29 4.52E+01 3.83E-02 7.00E-03  22  78 -33
 111  1   6    1  67  33   0 3.94E+00 3.16E-01 6.00E-03   2  98 -12
 111  1   6    1  67  33   0 4.40E+01 4.21E-02 6.00E-03  21  79 -32
 111  1   6    1  67  33   0 3.77E+00 3.07E-01 6.00E-03   2  98 -12
 111  1   6   32  27  27  45 4.35E+01 3.81E-02 1.10E-02  24  76 -33
 111  1   6    1  80  20   0 3.73E+00 3.15E-01 5.00E-03   2  98 -12
 111  1   6    1  43  43  14 4.55E+01 4.03E-02 7.00E-03  22  78 -32
 111  1   6    1  60  20  20 3.64E+00 2.85E-01 5.00E-03   2  98 -13
 111  1   6   22  33  22  44 4.46E+01 3.67E-02 9.00E-03  24  76 -33
 111  1   6    1  40  60   0 3.68E+00 3.08E-01 5.00E-03   2  98 -12
 111  1   6    1  67  33   0 4.67E+01 3.83E-02 6.00E-03  23  77 -33
 111  1   6    1  60  40   0 3.60E+00 3.03E-01 5.00E-03   2  98 -12
 111  1   6   10  29  43  29 4.38E+01 3.64E-02 7.00E-03  24  76 -33
 111  1   6    1  50  50   0 3.56E+00 3.03E-01 4.00E-03   2  98 -12
 111  1   6    1  60  40   0 4.31E+01 4.13E-02 5.00E-03  21  79 -32
 111  1   6    1  40  40  20 3.51E+00 2.83E-01 5.00E-03   2  98 -13
 111  1   6    6  50  33  17 4.26E+01 3.85E-02 6.00E-03  24  76 -33
 111  1   6    1  60  40   0 3.78E+00 2.78E-01 5.00E-03   1  99 -13
 111  1   6    1  60  40   0 4.26E+01 3.90E-02 5.00E-03  24  76 -32
 111  1   6    1  60  40   0 3.54E+00 2.74E-01 5.00E-03   2  98 -13
 111  1   6    2  50  33  17 4.21E+01 3.78E-02 6.00E-03  26  74 -33
 111  1   6    1  71  29   0 3.66E+00 3.47E-01 7.00E-03   3  97 -11
 111  1   6    1  40  40  20 4.21E+01 3.82E-02 5.00E-03  25  75 -33
 111  1   6    1  60  40   0 3.36E+00 3.27E-01 5.00E-03   2  98 -11
 111  1   6   62  21  14  64 4.18E+01 3.63E-02 1.40E-02  27  73 -33
 111  1   6    1  60  40   0 3.51E+00 3.14E-01 5.00E-03   2  98 -12
 111  1   6    1  50  33  17 7.18E+01 2.38E-02 6.00E-03  26  74 -37
 111  1   6    1  40  40  20 3.33E+00 2.89E-01 5.00E-03   2  98 -12
 111  1   6   31  36  18  45 5.24E+01 3.08E-02 1.10E-02  25  75 -35
 111  1   6    1  40  40  20 3.48E+00 3.03E-01 5.00E-03   2  98 -12
 111  1   6    1  60  20  20 4.55E+01 3.88E-02 5.00E-03  22  78 -33
 111  1   6    1  40  40  20 3.43E+00 3.03E-01 5.00E-03   2  98 -12
 111  1   6   54  23  15  62 4.32E+01 3.84E-02 1.30E-02  20  80 -33
 111  1   6    1  50  50   0 3.49E+00 3.31E-01 6.00E-03   2  98 -11
 111  1   6    1  40  60   0 9.39E+01 1.86E-02 5.00E-03  26  74 -40
 111  1   6    1  83  17   0 3.33E+00 2.96E-01 6.00E-03   2  98 -12
 111  1   6    7  50  33  17 5.83E+01 2.55E-02 6.00E-03  30  70 -37
 111  1   6    1  60  40   0 3.43E+00 3.24E-01 5.00E-03   2  98 -11
 111  1   6    1  40  60   0 4.59E+01 3.52E-02 5.00E-03  26  74 -33
 111  1   6    1  67  33   0 3.23E+00 3.00E-01 6.00E-03   2  98 -12
 111  1   6   26  40  20  40 4.20E+01 3.57E-02 1.00E-02  24  76 -33
 111  1   6    1  33  67   0 3.36E+00 3.04E-01 6.00E-03   2  98 -12
 111  1   6    1  40  40  20 5.15E+01 3.20E-02 5.00E-03  24  76 -34
 111  1   6    1  80  20   0 3.23E+00 2.86E-01 5.00E-03   2  98 -13
 111  1   6   15  29  29  43 4.36E+01 3.25E-02 7.00E-03  27  73 -34
 111  1   6    1  60  40   0 3.25E+00 3.19E-01 5.00E-03   2  98 -11
 111  1   6    1  67  33   0 4.13E+01 3.88E-02 6.00E-03  24  76 -32
 111  1   6    1  60  40   0 3.19E+00 3.01E-01 5.00E-03   2  98 -12
 111  1   6   43  33  17  50 4.03E+01 3.63E-02 1.20E-02  26  74 -33
 111  1   6    1  50  50   0 3.30E+00 3.15E-01 4.00E-03   2  98 -12
 111  1   6    1  67  33   0 6.04E+01 2.68E-02 6.00E-03  27  73 -36
 111  1   6    1  67  33   0 3.13E+00 2.83E-01 6.00E-03   2  98 -13
 111  1   6   21  44  11  44 4.60E+01 3.17E-02 9.00E-03  27  73 -35
 111  1   6    1  67  33   0 3.27E+00 3.08E-01 6.00E-03   2  98 -12
 111  1   6    1  67  33   0 4.35E+01 3.66E-02 6.00E-03  23  77 -33
 111  1   6    1  40  60   0 3.13E+00 3.02E-01 5.00E-03   2  98 -12
 111  1   6   13  38  25  38 4.05E+01 3.55E-02 8.00E-03  25  75 -33
 111  1   6    1  60  20  20 3.25E+00 3.11E-01 5.00E-03   2  98 -12
 111  1   6    1  50  50   0 3.98E+01 4.05E-02 6.00E-03  21  79 -32
 111  1   6    1  80  20   0 3.14E+00 3.00E-01 5.00E-03   2  98 -12
 111  1   6    7  33  33  33 3.91E+01 3.84E-02 6.00E-03  23  77 -33
 111  1   6    1  67  33   0 3.35E+00 3.25E-01 6.00E-03   2  98 -11
 111  1   6    1  40  60   0 3.91E+01 4.09E-02 5.00E-03  22  78 -32
 111  1   6    1  50  33  17 3.14E+00 3.11E-01 6.00E-03   2  98 -12
 111  1   6   30  30  20  50 3.86E+01 3.95E-02 1.00E-02  22  78 -32
 111  1   6    1  60  40   0 3.25E+00 3.24E-01 5.00E-03   2  98 -11
 111  1   6    1  55  36   9 5.06E+01 3.29E-02 1.10E-02  24  76 -34
 111  1   6    1  71  29   0 3.07E+00 3.00E-01 7.00E-03   2  98 -12
 111  1   6   17  30  30  40 4.21E+01 3.22E-02 1.00E-02  26  74 -34
 111  1   6    1  50  50   0 3.18E+00 3.18E-01 6.00E-03   2  98 -11
 111  1   6    1  50  50   0 3.88E+01 3.94E-02 6.00E-03  23  77 -32
 111  1   6    1  57  29  14 3.03E+00 2.93E-01 7.00E-03   2  98 -12
 111  1   6   22  29  21  50 3.82E+01 3.56E-02 1.40E-02  25  75 -33
 111  1   6    1  60  20  20 3.19E+00 3.15E-01 5.00E-03   2  98 -12
 111  1   6    1  50  50   0 4.50E+01 3.43E-02 6.00E-03  25  75 -34
 111  1   6    1  50  33  17 3.04E+00 3.07E-01 6.00E-03   2  98 -12
 111  1   6   11  33  33  33 3.93E+01 3.54E-02 6.00E-03  26  74 -33
 111  1   6    1  40  40  20 2.97E+00 3.20E-01 5.00E-03   2  98 -11
 111  1   6    1  60  40   0 3.85E+01 3.89E-02 5.00E-03  25  75 -32
 111  1   6    1  33  56  11 2.86E+00 2.75E-01 9.00E-03   2  98 -13
 111  1   6    6  50  33  17 3.74E+01 3.58E-02 6.00E-03  27  73 -33
 111  1   6    1  43  43  14 3.20E+00 2.78E-01 7.00E-03   2  98 -13
 111  1   6    1  50  50   0 3.71E+01 3.87E-02 6.00E-03  24  76 -33
 111  1   6    1  40  40  20 3.00E+00 2.88E-01 5.00E-03   2  98 -12
 111  1   6    3  67  17  17 3.68E+01 3.71E-02 6.00E-03  26  74 -33
 111  1   6    1  50  50   0 3.19E+00 3.17E-01 4.00E-03   2  98 -11
 111  1   6    1  60  40   0 3.67E+01 3.76E-02 5.00E-03  25  75 -33
 111  1   6    1  50  50   0 2.81E+00 2.97E-01 6.00E-03   2  98 -12
 111  1   6   12  38  37  25 3.64E+01 3.16E-02 8.00E-03  33  67 -35
 111  1   6    1  40  40  20 2.95E+00 2.88E-01 5.00E-03   2  98 -12
 111  1   6    1  67  33   0 3.69E+01 3.74E-02 6.00E-03  25  75 -33
 111  1   6    1  60  20  20 2.86E+00 2.72E-01 5.00E-03   2  98 -13
 111  1   6    9  33  33  33 3.64E+01 3.37E-02 6.00E-03  29  71 -34
 111  1   6    1  40  40  20 3.05E+00 3.07E-01 5.00E-03   2  98 -12
 111  1   6    1  50  50   0 3.61E+01 3.94E-02 8.00E-03  23  77 -32
 111  1   6    1  40  40  20 2.86E+00 3.01E-01 5.00E-03   2  98 -12
 111  1   6    7  50  25  25 3.58E+01 3.31E-02 8.00E-03  30  70 -34
 111  1   6    1  57  29  14 3.01E+00 3.23E-01 7.00E-03   2  98 -11
 111  1   6    1  50  50   0 3.58E+01 3.91E-02 6.00E-03  24  76 -32
 111  1   6    1  60  40   0 2.84E+00 2.95E-01 5.00E-03   2  98 -12
 111  1   6    5  83  17   0 3.55E+01 3.61E-02 6.00E-03  25  75 -33
 111  1   6    1  40  40  20 2.83E+00 3.14E-01 5.00E-03   3  97 -12
 111  1   6    1  57  29  14 3.54E+01 3.91E-02 7.00E-03  23  77 -32
 111  1   6    1  50  50   0 2.78E+00 2.80E-01 6.00E-03   2  98 -13
 111  1   6    4  33  50  17 3.51E+01 3.48E-02 6.00E-03  28  72 -34
 111  1   6    1  60  40   0 2.94E+00 3.26E-01 5.00E-03   3  97 -11
 111  1   6    1  50  50   0 3.50E+01 3.85E-02 6.00E-03  24  76 -33
 111  1   6    1  33  67   0 2.82E+00 3.05E-01 6.00E-03   2  98 -12
 111  1   6    3  45  36  18 3.47E+01 3.46E-02 1.10E-02  29  71 -34
 111  1   6    1  50  37  12 2.99E+00 3.13E-01 8.00E-03   2  98 -12
 111  1   6    1  50  50   0 3.47E+01 3.74E-02 8.00E-03  25  75 -33
 111  1   6    1  67  33   0 2.67E+00 2.95E-01 6.00E-03   2  98 -12
 111  1   6   44  18  18  64 3.44E+01 3.60E-02 1.10E-02  26  74 -33
 111  1   6    1  60  40   0 2.92E+00 3.05E-01 5.00E-03   2  98 -12
 111  1   6    1  60  40   0 5.36E+01 2.66E-02 5.00E-03  26  74 -36
 111  1   6    1  40  60   0 2.80E+00 2.89E-01 5.00E-03   2  98 -12
 111  1   6   25  33  22  44 4.12E+01 3.08E-02 9.00E-03  25  75 -35
 111  1   6    1  50  50   0 2.89E+00 3.17E-01 6.00E-03   2  98 -11
 111  1   6    1  60  20  20 4.37E+01 3.24E-02 5.00E-03  25  75 -34
 111  1   6    1  60  40   0 2.73E+00 2.95E-01 5.00E-03   2  98 -12
 111  1   6   14  29  29  43 3.67E+01 3.32E-02 7.00E-03  27  73 -34
 111  1   6    1  83  17   0 2.82E+00 3.19E-01 6.00E-03   2  98 -11
 111  1   6    1  71  29   0 3.66E+01 3.67E-02 7.00E-03  25  75 -33
 111  1   6    1  57  43   0 2.70E+00 2.94E-01 7.00E-03   2  98 -12
 111  1   6    7  33  33  33 3.46E+01 3.41E-02 9.00E-03  27  73 -34
 111  1   6    1  43  43  14 2.82E+00 3.27E-01 7.00E-03   3  97 -11
 111  1   6    1  40  60   0 3.40E+01 3.98E-02 5.00E-03  22  78 -32
 111  1   6    1  33  50  17 2.64E+00 3.05E-01 6.00E-03   2  98 -12
 111  1   6   51  17  17  67 3.36E+01 3.69E-02 1.20E-02  24  76 -33
 111  1   6    1  83  17   0 2.77E+00 3.24E-01 6.00E-03   2  98 -11
 111  1   6    1  50  33  17 6.63E+01 2.12E-02 6.00E-03  27  73 -39
 111  1   6    1  40  60   0 2.68E+00 2.92E-01 5.00E-03   2  98 -12
 111  1   6   19  38  25  38 4.42E+01 2.89E-02 8.00E-03  26  74 -35
 111  1   6    1  60  20  20 2.81E+00 3.15E-01 5.00E-03   2  98 -12
 111  1   6    1  60  40   0 3.73E+01 3.67E-02 5.00E-03  24  76 -33
 111  1   6    1  67  33   0 2.62E+00 3.05E-01 6.00E-03   2  98 -12
 111  1   6   36  27  27  45 3.45E+01 3.69E-02 1.10E-02  22  78 -33
 111  1   6    1  60  40   0 2.80E+00 3.19E-01 5.00E-03   2  98 -11
 111  1   6    1  60  40   0 4.57E+01 3.07E-02 5.00E-03  24  76 -35
 111  1   6    1  60  40   0 2.65E+00 3.02E-01 5.00E-03   2  98 -12
 111  1   6   34  25  25  50 3.69E+01 3.56E-02 1.20E-02  21  79 -33
 111  1   6    1  37  50  12 2.72E+00 3.33E-01 8.00E-03   2  98 -11
 111  1   6    1  43  57   0 4.65E+01 2.96E-02 7.00E-03  24  76 -35
 111  1   6    1  50  33  17 2.57E+00 3.04E-01 6.00E-03   2  98 -12
 111  1   6    7  57  14  29 3.62E+01 3.27E-02 7.00E-03  25  75 -34
 111  1   6    1  50  33  17 2.74E+00 3.23E-01 6.00E-03   2  98 -11
 111  1   6    1  50  33  17 3.36E+01 3.84E-02 6.00E-03  23  77 -33
 111  1   6    1  40  40  20 2.56E+00 3.09E-01 5.00E-03   2  98 -12
 111  1   6   24  33  22  44 3.22E+01 3.82E-02 9.00E-03  21  79 -33
 111  1   6    1  50  50   0 2.62E+00 3.33E-01 6.00E-03   2  98 -11
 111  1   6    1  50  40  10 3.33E+01 4.01E-02 1.00E-02  22  78 -32
 111  1   6    1  43  43  14 2.54E+00 3.07E-01 7.00E-03   2  98 -12
 111  1   6   14  40  30  30 3.21E+01 3.77E-02 1.00E-02  22  78 -33
 111  1   6    1  43  43  14 2.59E+00 3.38E-01 7.00E-03   2  98 -11
 111  1   6    1  50  50   0 3.16E+01 4.06E-02 6.00E-03  22  78 -32
 111  1   6    1  40  60   0 2.46E+00 3.12E-01 5.00E-03   2  98 -12
 111  1   6    7  38  37  25 3.13E+01 3.54E-02 8.00E-03  25  75 -33
 111  1   6    1  60  40   0 2.58E+00 3.31E-01 5.00E-03   3  97 -11
 111  1   6    1  40  60   0 3.11E+01 4.02E-02 5.00E-03  22  78 -32
 111  1   6    1  67  33   0 2.41E+00 3.07E-01 6.00E-03   2  98 -12
 111  1   6   18  37  25  37 3.07E+01 3.78E-02 8.00E-03  22  78 -33
 111  1   6    1  60  20  20 2.49E+00 3.18E-01 5.00E-03   2  98 -11
 111  1   6    1  50  50   0 3.24E+01 4.00E-02 6.00E-03  22  78 -32
 111  1   6    1  67  33   0 2.44E+00 3.06E-01 6.00E-03   2  98 -12
 111  1   6   17  33  25  42 3.11E+01 3.79E-02 1.20E-02  20  80 -33
 111  1   6    1  80  20   0 2.50E+00 3.41E-01 5.00E-03   3  97 -11
 111  1   6    1  40  40  20 3.06E+01 3.98E-02 5.00E-03  23  77 -32
 111  1   6    1  67  33   0 2.37E+00 3.12E-01 6.00E-03   2  98 -12
 111  1   6   10  57  29  14 3.02E+01 3.38E-02 7.00E-03  28  72 -34
 111  1   6    1  60  40   0 2.43E+00 3.11E-01 5.00E-03   2  98 -12
 111  1   6    1  71  29   0 3.00E+01 4.08E-02 7.00E-03  21  79 -32
 111  1   6    1  33  67   0 2.36E+00 2.99E-01 6.00E-03   2  98 -12
 111  1   6   21  27  27  45 2.97E+01 3.68E-02 1.10E-02  23  77 -33
 111  1   6    1  50  50   0 2.37E+00 3.25E-01 6.00E-03   2  98 -11
 111  1   6    1  60  40   0 3.48E+01 3.45E-02 5.00E-03  25  75 -34
 111  1   6    1  40  40  20 2.29E+00 3.01E-01 5.00E-03   2  98 -12
 111  1   6   13  43  29  29 3.09E+01 3.16E-02 7.00E-03  28  72 -35
 111  1   6    1  67  33   0 2.33E+00 3.17E-01 6.00E-03   2  98 -11
 111  1   6    1  40  50  10 2.94E+01 3.80E-02 1.00E-02  24  76 -33
 111  1   6    1  40  40  20 2.24E+00 2.86E-01 5.00E-03   2  98 -13
 111  1   6    6  40  40  20 2.91E+01 3.40E-02 5.00E-03  27  73 -34
 111  1   6    1  33  67   0 2.37E+00 2.97E-01 6.00E-03   2  98 -12
 111  1   6    1  83  17   0 2.90E+01 3.83E-02 6.00E-03  23  77 -33
 111  1   6    1  40  40  20 2.21E+00 2.87E-01 5.00E-03   2  98 -12
 111  1   6   15  37  25  38 2.87E+01 3.57E-02 8.00E-03  25  75 -33
 111  1   6    1  40  40  20 2.37E+00 3.18E-01 5.00E-03   2  98 -11
 111  1   6    1  50  33  17 2.89E+01 3.82E-02 6.00E-03  24  76 -33
 111  1   6    1  50  50   0 2.19E+00 3.02E-01 6.00E-03   2  98 -12
 111  1   6   10  57  29  14 2.86E+01 3.51E-02 7.00E-03  25  75 -33
 111  1   6    1  60  40   0 2.23E+00 3.20E-01 5.00E-03   2  98 -11
 111  1   6    1  40  40  20 2.83E+01 4.12E-02 5.00E-03  21  79 -32
 111  1   6    1  40  60   0 2.16E+00 3.14E-01 5.00E-03   2  98 -12
 111  1   6    7  50  33  17 2.81E+01 3.63E-02 6.00E-03  24  76 -33
 111  1   6    1  67  33   0 2.30E+00 3.37E-01 6.00E-03   2  98 -11
 111  1   6    1  63  37   0 2.80E+01 3.66E-02 8.00E-03  26  74 -33
 111  1   6    1  71  29   0 2.10E+00 2.98E-01 7.00E-03   2  98 -12
 111  1   6    3  50  38  12 2.77E+01 3.33E-02 8.00E-03  30  70 -34
 111  1   6    1  60  40   0 2.29E+00 3.01E-01 5.00E-03   2  98 -12
 111  1   6    1  60  40   0 2.76E+01 3.56E-02 5.00E-03  27  73 -33
 111  1   6    1  50  33  17 2.07E+00 2.86E-01 6.00E-03   2  98 -13
 111  1   6    1  40  40  20 2.73E+01 3.46E-02 5.00E-03  28  72 -34
 111  1   6    1  60  40   0 1.93E+00 3.58E-01 5.00E-03   2  98 -10
 111  1   6    1  40  40  20 2.73E+01 4.22E-02 5.00E-03  20  80 -32
 111  1   6   17  38  25  38 2.11E+00 2.93E-01 8.00E-03   5  95 -12
 111  1   6    9  33  33  33 2.70E+01 3.75E-02 6.00E-03  23  77 -33
 111  1   6    1  40  40  20 2.19E+00 3.36E-01 5.00E-03   2  98 -11
 111  1   6    1  60  40   0 2.73E+01 4.03E-02 5.00E-03  23  77 -32
 111  1   6    2  67  33   0 2.02E+00 3.22E-01 6.00E-03   2  98 -11
 111  1   6    7  44  33  22 2.69E+01 3.41E-02 9.00E-03  27  73 -34
 111  1   6    2  50  33  17 2.12E+00 2.98E-01 6.00E-03   2  98 -12
 111  1   6    1  60  40   0 2.67E+01 4.09E-02 5.00E-03  21  79 -32
 111  1   6    1  80  20   0 2.08E+00 2.65E-01 5.00E-03   2  98 -13
 111  1   6    4  50  33  17 2.64E+01 3.69E-02 6.00E-03  24  76 -33
 111  1   6    1  60  40   0 2.12E+00 3.28E-01 5.00E-03   3  97 -11
 111  1   6    1  80  20   0 2.63E+01 3.62E-02 5.00E-03  26  74 -33
 111  1   6    1  60  20  20 1.95E+00 3.05E-01 5.00E-03   2  98 -12
 111  1   6    2  67  33   0 2.61E+01 3.39E-02 6.00E-03  31  69 -34
 111  1   6    1  40  60   0 2.04E+00 3.50E-01 5.00E-03   2  98 -10
 111  1   6    1  40  60   0 2.60E+01 3.70E-02 5.00E-03  26  74 -33
 111  1   6   22  38  25  38 1.87E+00 3.18E-01 8.00E-03   5  95 -11
 111  1   6   21  38  25  37 2.58E+01 3.37E-02 8.00E-03  29  71 -34
 111  1   6    1  60  40   0 2.00E+00 3.30E-01 5.00E-03   2  98 -11
 111  1   6    1  60  40   0 2.67E+01 3.47E-02 5.00E-03  30  70 -34
 111  1   6    1  67  17  17 1.88E+00 2.90E-01 6.00E-03   2  98 -12
 111  1   6   10  43  29  29 2.63E+01 3.33E-02 7.00E-03  30  70 -34
 111  1   6    1  40  40  20 1.96E+00 3.11E-01 5.00E-03   2  98 -12
 111  1   6    1  60  40   0 2.60E+01 3.84E-02 5.00E-03  26  74 -33
 111  1   6    1  40  60   0 1.86E+00 3.02E-01 5.00E-03   2  98 -12
 111  1   6   26  30  20  50 2.57E+01 3.51E-02 1.00E-02  26  74 -33
 111  1   6    1  50  33  17 2.00E+00 3.20E-01 6.00E-03   2  98 -11
 111  1   6    1  40  40  20 2.76E+01 3.55E-02 5.00E-03  27  73 -33
 111  1   6    1  50  50   0 1.83E+00 3.07E-01 6.00E-03   2  98 -12
 111  1   6   12  43  29  29 2.60E+01 3.54E-02 7.00E-03  26  74 -33
 111  1   6    1  67  33   0 1.98E+00 3.19E-01 6.00E-03   3  97 -11
 111  1   6    1  50  50   0 2.55E+01 3.86E-02 6.00E-03  25  75 -33
 111  1   6    1  60  40   0 1.84E+00 3.14E-01 5.00E-03   2  98 -12
 111  1   6   23  44  22  33 2.51E+01 3.49E-02 9.00E-03  27  73 -34
 111  1   6    1  40  60   0 1.92E+00 3.24E-01 5.00E-03   2  98 -11
 111  1   6    1  56  33  11 2.53E+01 3.66E-02 9.00E-03  29  71 -33
 111  1   6    1  40  60   0 1.75E+00 2.90E-01 5.00E-03   2  98 -12
 111  1   6   15  29  29  43 2.48E+01 3.40E-02 7.00E-03  29  71 -34
 111  1   6    1  40  40  20 1.93E+00 3.11E-01 5.00E-03   2  98 -12
 111  1   6    1  80  20   0 2.47E+01 3.59E-02 5.00E-03  28  72 -33
 111  1   6    1  50  33  17 1.76E+00 3.00E-01 6.00E-03   2  98 -12
 111  1   6    7  57  29  14 2.43E+01 3.27E-02 7.00E-03  32  68 -34
 111  1   6    1  50  50   0 1.80E+00 3.12E-01 6.00E-03   2  98 -12
 111  1   6    1  60  20  20 2.43E+01 3.79E-02 5.00E-03  26  74 -33
 111  1   6    1  60  20  20 1.72E+00 2.86E-01 5.00E-03   2  98 -13
 111  1   6    4  40  40  20 2.40E+01 3.60E-02 5.00E-03  26  74 -33
 111  1   6    1  40  40  20 1.84E+00 3.39E-01 5.00E-03   3  97 -11
 111  1   6    1  40  60   0 2.38E+01 3.59E-02 5.00E-03  27  73 -33
 111  1   6    2  43  43  14 1.73E+00 3.13E-01 7.00E-03   2  98 -12
 111  1   6   21  45  18  36 2.36E+01 3.32E-02 1.10E-02  32  68 -34
 111  1   6    1  50  50   0 1.75E+00 3.20E-01 6.00E-03   2  98 -11
 111  1   6    1  60  40   0 2.47E+01 3.55E-02 5.00E-03  31  69 -33
 111  1   6    1  60  40   0 1.64E+00 2.67E-01 5.00E-03   2  98 -13
 111  1   6   11  38  38  25 2.40E+01 3.44E-02 8.00E-03  29  71 -34
 111  1   6    1  67  33   0 1.76E+00 3.02E-01 6.00E-03   2  98 -12
 111  1   6    1  80  20   0 2.36E+01 3.71E-02 5.00E-03  27  73 -33
 111  1   6    1  50  50   0 1.69E+00 3.06E-01 6.00E-03   2  98 -12
 111  1   6   24  25  25  50 2.33E+01 3.46E-02 8.00E-03  29  71 -34
 111  1   6    1  67  33   0 1.78E+00 3.24E-01 6.00E-03   2  98 -11
 111  1   6    1  50  33  17 2.58E+01 3.29E-02 6.00E-03  31  69 -34
 111  1   6    1  67  33   0 1.62E+00 2.83E-01 6.00E-03   2  98 -13
 111  1   6   14  33  33  33 2.37E+01 3.30E-02 9.00E-03  31  69 -34
 111  1   6    1  40  60   0 1.69E+00 3.07E-01 5.00E-03   2  98 -12
 111  1   6    1  40  40  20 2.32E+01 3.69E-02 5.00E-03  27  73 -33
 111  1   6    1  60  40   0 1.62E+00 2.98E-01 5.00E-03   2  98 -12
 111  1   6   18  27  27  45 2.28E+01 3.49E-02 1.10E-02  28  72 -34
 111  1   6    1  57  29  14 1.73E+00 3.23E-01 7.00E-03   2  98 -11
 111  1   6    1  71  29   0 2.27E+01 3.69E-02 7.00E-03  28  72 -33
 111  1   6    1  43  43  14 1.62E+00 3.06E-01 7.00E-03   2  98 -12
 111  1   6   10  50  25  25 2.24E+01 3.22E-02 8.00E-03  34  66 -34
 111  1   6    1  33  67   0 1.68E+00 3.06E-01 6.00E-03   2  98 -12
 111  1   6    1  50  50   0 2.23E+01 3.68E-02 6.00E-03  29  71 -33
 111  1   6    1  40  40  20 1.58E+00 2.71E-01 5.00E-03   2  98 -13
 111  1   6    7  40  40  20 2.21E+01 3.17E-02 5.00E-03  35  65 -35
 111  1   6    1  50  50   0 1.65E+00 3.00E-01 6.00E-03   2  98 -12
 111  1   6    1  60  40   0 2.20E+01 3.57E-02 5.00E-03  29  71 -33
 111  1   6    1  50  50   0 1.55E+00 2.85E-01 6.00E-03   2  98 -13
 111  1   6    6  50  33  17 2.18E+01 3.24E-02 6.00E-03  35  65 -34
 111  1   6    1  50  50   0 1.67E+00 2.88E-01 8.00E-03   2  98 -12
 111  1   6    1  50  50   0 2.17E+01 3.50E-02 6.00E-03  31  69 -34
 111  1   6    1  40  40  20 1.56E+00 2.70E-01 5.00E-03   2  98 -13
 111  1   6    4  67  33   0 2.15E+01 3.30E-02 6.00E-03  33  67 -34
 111  1   6    1  57  43   0 1.61E+00 3.19E-01 7.00E-03   2  98 -11
 111  1   6    1  62  38   0 2.14E+01 3.49E-02 8.00E-03  31  69 -34
 111  1   6    1  50  50   0 1.52E+00 2.84E-01 6.00E-03   2  98 -13
 111  1   6    2  43  43  14 2.13E+01 3.27E-02 7.00E-03  36  64 -34
 111  1   6    1  57  29  14 1.63E+00 3.29E-01 7.00E-03   2  98 -11
 111  1   6    1  50  50   0 2.12E+01 3.47E-02 6.00E-03  32  68 -34
 111  1   6    1  40  40  20 1.51E+00 3.00E-01 5.00E-03   2  98 -12
 111  1   6   12  43  29  29 2.10E+01 3.27E-02 7.00E-03  35  65 -34
 111  1   6    1  60  40   0 1.59E+00 3.01E-01 5.00E-03   2  98 -12
 111  1   6    1  60  20  20 2.12E+01 3.56E-02 5.00E-03  31  69 -33
 111  1   6    1  71  29   0 1.53E+00 2.81E-01 7.00E-03   2  98 -13
 111  1   6    8  57  29  14 2.10E+01 3.09E-02 7.00E-03  40  60 -35
 111  1   6    1  67  17  17 1.60E+00 3.12E-01 6.00E-03   2  98 -12
 111  1   6    1  33  50  17 2.08E+01 3.33E-02 6.00E-03  37  63 -34
 111  1   6    1  50  50   0 1.47E+00 2.54E-01 6.00E-03   2  98 -14
 111  1   6   17  44  22  33 2.06E+01 3.35E-02 9.00E-03  33  67 -34
 111  1   6    1  40  60   0 1.56E+00 2.83E-01 5.00E-03   2  98 -13
 111  1   6    1  60  40   0 2.07E+01 3.54E-02 5.00E-03  32  68 -33
 111  1   6    1  40  40  20 1.49E+00 2.64E-01 5.00E-03   2  98 -13
 111  1   6    7  50  33  17 2.04E+01 3.29E-02 6.00E-03  34  66 -34
 111  1   6    1  60  40   0 1.55E+00 2.89E-01 5.00E-03   2  98 -12
 111  1   6    1  83  17   0 2.03E+01 3.68E-02 6.00E-03  29  71 -33
 111  1   6    1  67  33   0 1.48E+00 2.74E-01 6.00E-03   2  98 -13
 111  1   6   13  29  29  43 2.01E+01 3.39E-02 7.00E-03  33  67 -34
 111  1   6    1  50  33  17 1.59E+00 3.02E-01 6.00E-03   2  98 -12
 111  1   6    1  57  29  14 2.03E+01 3.32E-02 7.00E-03  37  63 -34
 111  1   6    1  50  33  17 1.47E+00 2.55E-01 6.00E-03   2  98 -14
 111  1   6    2  40  40  20 2.00E+01 3.30E-02 5.00E-03  38  62 -34
 111  1   6    1  40  40  20 1.55E+00 3.09E-01 5.00E-03   2  98 -12
 111  1   6    1  60  20  20 1.99E+01 3.84E-02 5.00E-03  29  71 -33
 111  1   6    1  40  60   0 1.48E+00 3.14E-01 5.00E-03   2  98 -12
 111  1   6   12  43  29  29 1.97E+01 3.56E-02 7.00E-03  30  70 -33
 111  1   6    1  40  60   0 1.54E+00 3.21E-01 5.00E-03   2  98 -11
 111  1   6    1  67  33   0 1.98E+01 3.53E-02 6.00E-03  32  68 -33
 111  1   6    1  50  50   0 1.47E+00 2.67E-01 6.00E-03   2  98 -13
 111  1   6    8  43  43  14 1.96E+01 3.42E-02 7.00E-03  33  67 -34
 111  1   6    1  67  33   0 1.55E+00 2.96E-01 6.00E-03   2  98 -12
 111  1   6    1  40  40  20 1.95E+01 3.57E-02 5.00E-03  33  67 -33
 111  1   6    1  50  50   0 1.45E+00 2.62E-01 6.00E-03   2  98 -13
 111  1   6   10  33  33  33 1.93E+01 3.42E-02 6.00E-03  34  66 -34
 111  1   6    1  44  44  11 1.54E+00 2.91E-01 9.00E-03   2  98 -12
 111  1   6    1  40  40  20 1.93E+01 3.60E-02 5.00E-03  33  67 -33
 111  1   6    1  60  40   0 1.47E+00 2.64E-01 5.00E-03   2  98 -13
 111  1   6    4  67  17  17 1.91E+01 3.29E-02 6.00E-03  38  62 -34
 111  1   6    1  67  33   0 1.49E+00 3.01E-01 6.00E-03   2  98 -12
 111  1   6    1  43  43  14 1.90E+01 3.80E-02 7.00E-03  30  70 -33
 111  1   6    1  57  29  14 1.47E+00 2.84E-01 7.00E-03   2  98 -13
 111  1   6    6  30  40  30 1.88E+01 3.57E-02 1.00E-02  33  67 -33
 111  1   6    1  62  38   0 1.53E+00 2.74E-01 8.00E-03   2  98 -13
 111  1   6    1  33  67   0 1.88E+01 4.00E-02 6.00E-03  28  72 -32
 111  1   6    1  67  33   0 1.47E+00 2.47E-01 6.00E-03   2  98 -14
 111  1   6    3  67  33   0 1.86E+01 3.66E-02 6.00E-03  32  68 -33
 111  1   6    1  40  60   0 1.64E+00 3.04E-01 5.00E-03   2  98 -12
 111  1   6    1  40  60   0 1.85E+01 3.57E-02 5.00E-03  34  66 -33
 111  1   6    1  57  29  14 1.47E+00 3.04E-01 7.00E-03   2  98 -12
 111  1   6    6  33  50  17 1.84E+01 3.37E-02 6.00E-03  37  63 -34
 111  1   6    1  40  40  20 1.52E+00 2.92E-01 5.00E-03   2  98 -12
 111  1   6    1  40  60   0 1.84E+01 3.68E-02 5.00E-03  32  68 -33
 111  1   6    1  50  50   0 1.43E+00 2.39E-01 6.00E-03   2  98 -14
 111  1   6    5  33  33  33 1.82E+01 3.66E-02 6.00E-03  32  68 -33
 111  1   6    1  67  33   0 1.49E+00 2.91E-01 6.00E-03   2  98 -12
 111  1   6    1  67  33   0 1.81E+01 3.74E-02 6.00E-03  31  69 -33
 111  1   6    1  67  33   0 1.46E+00 2.76E-01 6.00E-03   2  98 -13
 111  1   6    3  60  40   0 1.80E+01 3.47E-02 5.00E-03  37  63 -34
 111  1   6    1  60  40   0 1.56E+00 2.85E-01 5.00E-03   2  98 -13
 111  1   6    1  60  40   0 1.79E+01 3.47E-02 5.00E-03  37  63 -34
 111  1   6    1  50  33  17 1.40E+00 2.45E-01 6.00E-03   2  98 -14
 111  1   6    2  83  17   0 1.78E+01 3.44E-02 6.00E-03  39  61 -34
 111  1   6    1  60  40   0 1.51E+00 2.93E-01 5.00E-03   1  99 -12
 111  1   6    1  57  29  14 1.77E+01 3.58E-02 7.00E-03  35  65 -33
 111  1   6    1  50  33  17 1.42E+00 2.77E-01 6.00E-03   2  98 -13
 111  1   6   24  37  25  38 1.76E+01 3.37E-02 8.00E-03  38  62 -34
 111  1   6    1  67  33   0 1.47E+00 2.78E-01 6.00E-03   2  98 -13
 111  1   6    1  43  43  14 1.88E+01 3.36E-02 7.00E-03  35  65 -34
 111  1   6    1  50  50   0 1.41E+00 2.37E-01 6.00E-03   2  98 -14
 111  1   6   11  33  33  33 1.79E+01 3.56E-02 6.00E-03  33  67 -33
 111  1   6    1  60  40   0 1.49E+00 2.75E-01 5.00E-03   2  98 -13
 111  1   6    1  40  40  20 1.76E+01 3.78E-02 5.00E-03  31  69 -33
 111  1   6    1  60  20  20 1.43E+00 2.69E-01 5.00E-03   2  98 -13
 111  1   6   20  38  25  38 1.74E+01 3.50E-02 8.00E-03  37  63 -34
 111  1   6    1  50  50   0 1.46E+00 2.81E-01 6.00E-03   2  98 -13
 111  1   6    1  67  33   0 1.80E+01 3.76E-02 6.00E-03  32  68 -33
 111  1   6    1  57  29  14 1.44E+00 2.46E-01 7.00E-03   2  98 -14
 111  1   6   11  44  33  22 1.74E+01 3.60E-02 9.00E-03  34  66 -33
 111  1   6    1  40  40  20 1.47E+00 2.70E-01 5.00E-03   2  98 -13
 111  1   6    1  60  40   0 1.71E+01 3.93E-02 5.00E-03  30  70 -32
 111  1   6    1  60  40   0 1.44E+00 2.67E-01 5.00E-03   2  98 -13
 111  1   6    7  50  33  17 1.70E+01 3.80E-02 6.00E-03  31  69 -33
 111  1   6    1  50  33  17 1.44E+00 2.90E-01 6.00E-03   2  98 -12
 111  1   6    1  40  40  20 1.69E+01 4.00E-02 5.00E-03  30  70 -32
 111  1   6    1  60  40   0 1.43E+00 2.61E-01 5.00E-03   2  98 -13
 111  1   6   15  43  29  29 1.67E+01 3.85E-02 7.00E-03  32  68 -33
 111  1   6    1  60  40   0 1.45E+00 2.88E-01 5.00E-03   2  98 -12
 111  1   6    1  43  43  14 1.70E+01 4.03E-02 7.00E-03  30  70 -32
 111  1   6    1  43  43  14 1.45E+00 2.67E-01 7.00E-03   2  98 -13
 111  1   6    7  38  38  25 1.67E+01 3.52E-02 8.00E-03  37  63 -33
 111  1   6    1  40  40  20 1.41E+00 2.76E-01 5.00E-03   2  98 -13
 111  1   6    1  40  40  20 1.67E+01 4.12E-02 5.00E-03  28  72 -32
 111  1   6    1  67  33   0 1.44E+00 2.56E-01 6.00E-03   2  98 -14
 111  1   6   14  43  29  29 1.65E+01 4.12E-02 7.00E-03  27  73 -32
 111  1   6    1  40  40  20 1.50E+00 2.95E-01 5.00E-03   2  98 -12
 111  1   6    1  60  40   0 1.66E+01 3.99E-02 5.00E-03  31  69 -32
 111  1   6    1  50  50   0 1.44E+00 2.72E-01 6.00E-03   2  98 -13
 111  1   6    8  57  29  14 1.63E+01 3.67E-02 7.00E-03  35  65 -33
 111  1   6    1  40  40  20 1.45E+00 2.72E-01 5.00E-03   2  98 -13
 111  1   6    1  60  40   0 1.63E+01 3.88E-02 5.00E-03  33  67 -32
 111  1   6    1  50  33  17 1.42E+00 2.32E-01 6.00E-03   2  98 -15
 111  1   6    6  50  33  17 1.61E+01 3.94E-02 6.00E-03  33  67 -32
 111  1   6    1  67  33   0 1.48E+00 2.64E-01 6.00E-03   2  98 -13
 111  1   6    1  60  40   0 1.60E+01 4.10E-02 5.00E-03  31  69 -32
 111  1   6    1  40  40  20 1.43E+00 2.53E-01 5.00E-03   2  98 -14
 111  1   6   12  33  33  33 1.59E+01 3.80E-02 6.00E-03  32  68 -33
 111  1   6    1  60  40   0 1.40E+00 2.82E-01 5.00E-03   2  98 -13
 111  1   6    1  60  20  20 1.63E+01 3.85E-02 5.00E-03  30  70 -33
 111  1   6    1  60  20  20 1.42E+00 2.54E-01 5.00E-03   2  98 -14
 111  1   6    8  57  29  14 1.59E+01 3.60E-02 7.00E-03  36  64 -33
 111  1   6    1  40  40  20 1.43E+00 2.68E-01 5.00E-03   2  98 -13
 111  1   6    1  67  33   0 1.58E+01 3.95E-02 6.00E-03  32  68 -32
 111  1   6    1  50  50   0 1.42E+00 2.40E-01 6.00E-03   2  98 -14
 111  1   6   14  50  25  25 1.56E+01 3.93E-02 8.00E-03  32  68 -32
 111  1   6    1  40  40  20 1.45E+00 2.70E-01 5.00E-03   2  98 -13
 111  1   6    1  60  40   0 1.57E+01 3.94E-02 5.00E-03  33  67 -32
 111  1   6    1  60  20  20 1.42E+00 2.42E-01 5.00E-03   2  98 -14
 111  1   6    4  40  40  20 1.54E+01 3.82E-02 5.00E-03  35  65 -33
 111  1   6    1  40  40  20 1.37E+00 2.74E-01 5.00E-03   2  98 -13
 111  1   6    1  60  40   0 1.54E+01 4.28E-02 5.00E-03  30  70 -32
 111  1   6    1  60  40   0 1.43E+00 2.62E-01 5.00E-03   2  98 -13
 111  1   6   12  43  29  29 1.53E+01 3.84E-02 7.00E-03  34  66 -33
 111  1   6    1  50  33  17 1.41E+00 2.66E-01 6.00E-03   2  98 -13
 111  1   6    1  67  33   0 1.53E+01 4.25E-02 6.00E-03  29  71 -32
 111  1   6    1  40  60   0 1.44E+00 2.34E-01 5.00E-03   2  98 -15
 111  1   6    6  50  33  17 1.52E+01 3.81E-02 6.00E-03  34  66 -33
 111  1   6    1  80  20   0 1.45E+00 2.56E-01 5.00E-03   2  98 -14
 111  1   6    1  60  20  20 1.51E+01 4.18E-02 5.00E-03  30  70 -32
 111  1   6    1  60  40   0 1.43E+00 2.37E-01 5.00E-03   2  98 -14
 111  1   6    4  43  29  29 1.49E+01 3.71E-02 7.00E-03  37  63 -33
 111  1   6    1  60  40   0 1.37E+00 2.75E-01 5.00E-03   2  98 -13
 111  1   6    1  60  40   0 1.49E+01 4.00E-02 5.00E-03  33  67 -32
 111  1   6    1  40  40  20 1.41E+00 2.41E-01 5.00E-03   2  98 -14
 111  1   6    9  33  33  33 1.48E+01 3.94E-02 6.00E-03  33  67 -32
 111  1   6    1  67  33   0 1.42E+00 2.50E-01 6.00E-03   1  99 -14
 111  1   6    1  67  33   0 1.49E+01 4.15E-02 6.00E-03  31  69 -32
 111  1   6    1  40  40  20 1.44E+00 2.31E-01 5.00E-03   2  98 -15
 111  1   6    6  33  50  17 1.47E+01 3.89E-02 6.00E-03  34  66 -32
 111  1   6    1  40  40  20 1.45E+00 2.51E-01 5.00E-03   2  98 -14
 111  1   6    1  60  40   0 1.47E+01 4.28E-02 5.00E-03  30  70 -32
 111  1   6    1  60  40   0 1.44E+00 2.41E-01 5.00E-03   2  98 -14
 111  1   6    5  33  50  17 1.45E+01 4.06E-02 6.00E-03  32  68 -32
 111  1   6    1  50  50   0 1.40E+00 2.58E-01 6.00E-03   2  98 -14
 111  1   6    1  43  57   0 1.45E+01 4.41E-02 7.00E-03  28  72 -31
 111  1   6    1  40  40  20 1.46E+00 2.40E-01 5.00E-03   2  98 -14
 111  1   6    4  40  40  20 1.43E+01 3.74E-02 5.00E-03  37  63 -33
 111  1   6    1  60  40   0 1.38E+00 2.81E-01 5.00E-03   2  98 -13
 111  1   6    1  60  40   0 1.43E+01 4.17E-02 5.00E-03  31  69 -32
 111  1   6    1  67  33   0 1.43E+00 2.46E-01 6.00E-03   2  98 -14
 111  1   6    9  29  29  43 1.42E+01 3.78E-02 7.00E-03  36  64 -33
 111  1   6    1  67  33   0 1.41E+00 2.45E-01 6.00E-03   1  99 -14
 111  1   6    1  67  33   0 1.44E+01 4.18E-02 6.00E-03  30  70 -32
 111  1   6    1  33  67   0 1.45E+00 2.20E-01 6.00E-03   2  98 -15
 111  1   6    6  50  17  33 1.42E+01 3.82E-02 6.00E-03  36  64 -33
 111  1   6    1  40  40  20 1.44E+00 2.36E-01 5.00E-03   2  98 -14
 111  1   6    1  33  67   0 1.41E+01 4.23E-02 6.00E-03  31  69 -32
 111  1   6    1  67  33   0 1.43E+00 2.27E-01 6.00E-03   2  98 -15
 111  1   6    9  57  14  29 1.40E+01 3.97E-02 7.00E-03  34  66 -32
 111  1   6    1  50  50   0 1.43E+00 2.46E-01 6.00E-03   2  98 -14
 111  1   6    1  40  40  20 1.40E+01 4.30E-02 5.00E-03  30  70 -31
 111  1   6    1  60  20  20 1.45E+00 2.26E-01 5.00E-03   2  98 -15
 111  1   6    4  40  40  20 1.38E+01 3.73E-02 5.00E-03  38  62 -33
 111  1   6    1  83  17   0 1.37E+00 2.55E-01 6.00E-03   2  98 -14
 111  1   6    1  40  40  20 1.38E+01 4.31E-02 5.00E-03  30  70 -31
 111  1   6    1  40  60   0 1.43E+00 2.40E-01 5.00E-03   2  98 -14
 111  1   6    4  62  25  12 1.37E+01 3.98E-02 8.00E-03  34  66 -32
 111  1   6    1  57  43   0 1.40E+00 2.49E-01 7.00E-03   2  98 -14
 111  1   6    1  60  40   0 1.37E+01 4.63E-02 5.00E-03  26  74 -31
 111  1   6    1  60  40   0 1.49E+00 2.35E-01 5.00E-03   2  98 -14
 111  1   6    3  33  50  17 1.36E+01 4.04E-02 6.00E-03  33  67 -32
 111  1   6    1  67  33   0 1.52E+00 2.61E-01 6.00E-03   2  98 -13
 111  1   6    1  40  40  20 1.36E+01 4.30E-02 5.00E-03  30  70 -31
 111  1   6    1  40  40  20 1.44E+00 2.53E-01 5.00E-03   1  99 -14
 111  1   6    2  33  50  17 1.34E+01 3.87E-02 6.00E-03  37  63 -33
 111  1   6    1  60  40   0 1.48E+00 2.60E-01 5.00E-03   2  98 -13
 111  1   6    1  40  40  20 1.35E+01 4.20E-02 5.00E-03  32  68 -32
 111  1   6    1  80  20   0 1.46E+00 2.37E-01 5.00E-03   2  98 -14
 111  1   6    2  50  50   0 1.33E+01 4.10E-02 6.00E-03  34  66 -32
 111  1   6    1  60  40   0 1.47E+00 2.71E-01 5.00E-03   2  98 -13
 111  1   6    1  67  33   0 1.33E+01 4.20E-02 6.00E-03  32  68 -32
 111  1   6    1  50  50   0 1.45E+00 2.47E-01 6.00E-03   2  98 -14
 111  1   6    2  40  40  20 1.32E+01 4.03E-02 5.00E-03  35  65 -32
 111  1   6    1  50  33  17 1.47E+00 2.66E-01 6.00E-03   2  98 -13
 111  1   6    1  50  50   0 1.32E+01 4.07E-02 6.00E-03  34  66 -32
 111  1   6    1  60  40   0 1.44E+00 2.38E-01 5.00E-03   2  98 -14
 111  1   6    1  60  40   0 1.31E+01 4.08E-02 5.00E-03  34  66 -32
 111  1   6    1  60  20  20 1.31E+00 2.91E-01 5.00E-03   2  98 -12
 111  1   6    1  50  50   0 1.31E+01 4.52E-02 6.00E-03  27  73 -31
 111  1   6    1  40  40  20 1.49E+00 2.49E-01 5.00E-03   1  99 -14
 111  1   6    2  60  20  20 1.30E+01 4.24E-02 5.00E-03  32  68 -32
 111  1   6    1  60  40   0 1.48E+00 2.80E-01 5.00E-03   2  98 -13
 111  1   6    1  60  40   0 1.30E+01 4.18E-02 5.00E-03  32  68 -32
 111  1   6    1  40  40  20 1.44E+00 2.44E-01 5.00E-03   2  98 -14
 111  1   6    1  60  20  20 1.29E+01 3.88E-02 5.00E-03  37  63 -32
 111  1   6    1  60  40   0 1.33E+00 2.81E-01 5.00E-03   2  98 -13
 111  1   6    1  60  20  20 1.29E+01 4.48E-02 5.00E-03  28  72 -31
 111  1   6    1  67  33   0 1.49E+00 2.48E-01 6.00E-03   1  99 -14
 111  1   6    2  43  43  14 1.28E+01 4.42E-02 7.00E-03  30  70 -31
 111  1   6    1  60  40   0 1.50E+00 2.80E-01 5.00E-03   2  98 -13
 111  1   6    1  57  43   0 1.28E+01 4.36E-02 7.00E-03  30  70 -31
 111  1   6    1  67  33   0 1.46E+00 2.56E-01 6.00E-03   2  98 -14
 111  1   6    1  33  67   0 1.27E+01 4.15E-02 6.00E-03  33  67 -32
 111  1   6    1  40  60   0 1.34E+00 3.03E-01 5.00E-03   2  98 -12
 111  1   6    1  67  33   0 1.28E+01 4.79E-02 6.00E-03  25  75 -30
 111  1   6    1  40  40  20 1.51E+00 2.70E-01 5.00E-03   1  99 -13
 111  1   6   13  43  29  29 1.26E+01 4.53E-02 7.00E-03  24  76 -31
 111  1   6    1  67  33   0 1.47E+00 2.58E-01 6.00E-03   2  98 -14
 111  1   6    1  50  50   0 1.36E+01 4.30E-02 6.00E-03  25  75 -31
 111  1   6    1  40  40  20 1.47E+00 2.19E-01 5.00E-03   2  98 -15
 111  1   6    9  33  33  33 1.30E+01 4.15E-02 6.00E-03  28  72 -32
 111  1   6    1  60  40   0 1.46E+00 2.33E-01 5.00E-03   1  99 -15
 111  1   6    1  44  44  11 1.27E+01 4.84E-02 9.00E-03  25  75 -30
 111  1   6    1  40  60   0 1.50E+00 2.37E-01 5.00E-03   2  98 -14
 111  1   6   12  50  25  25 1.26E+01 4.32E-02 8.00E-03  27  73 -31
 111  1   6    1  33  50  17 1.47E+00 2.51E-01 6.00E-03   2  98 -14
 111  1   6    1  43  57   0 1.26E+01 4.32E-02 7.00E-03  28  72 -31
 111  1   6    1  63  37   0 1.48E+00 2.14E-01 8.00E-03   2  98 -15
 111  1   6    6  50  33  17 1.24E+01 4.05E-02 6.00E-03  33  67 -32
 111  1   6    1  40  40  20 1.49E+00 2.15E-01 5.00E-03   2  98 -15
 111  1   6    1  80  20   0 1.25E+01 4.52E-02 5.00E-03  28  72 -31
 111  1   6    1  40  40  20 1.48E+00 2.05E-01 5.00E-03   2  98 -16
