        5224          12           2
 011  1   5  135   5  11  84 1.49E+04 9.57E-01 1.90E-02   9  91   0
 011  1   4  135   0  12  88 1.50E+04 9.99E-01 1.60E-02  11  89   0
 111  1   4  135  12   0  88 3.45E+05 4.16E-02 1.70E-02  13  87 -32
 011  1   5  123   6   6  87 2.03E+04 9.69E-01 1.60E-02  16  84   0
 111  1   4  132  13   6  81 1.78E+06 1.18E-02 1.60E-02  97   3 -44
 011  1   5   53   0  29  71 2.35E+04 4.70E-01 7.00E-03  83  17  -8
 111  1   4   54   0  14  86 4.17E+05 3.36E-02 7.00E-03  43  57 -34
 111  1   6    2  50  50   0 1.37E+04 2.42E-01 2.00E-03   3  97 -14
 111  1   5   73  11  11  78 7.30E+05 8.99E-03 9.00E-03   2  98 -47
 011  1   5  135   6   0  94 7.26E+03 8.96E-01 1.60E-02  30  70  -1
 111  1   6   11  33  33  33 1.15E+05 2.96E-02 3.00E-03   5  95 -35
 011  1   5  134   6   6  88 4.41E+03 9.00E-01 1.60E-02  26  74  -1
 111  1   5   39   0  20  80 1.31E+05 1.98E-02 5.00E-03   5  95 -39
 011  1   6  113   0   8  92 3.11E+03 4.71E-01 1.30E-02   6  94  -8
 111  1   4   35  20  20  60 4.38E+05 1.29E-02 5.00E-03  85  15 -44
 111  1   6    2 100   0   0 5.98E+03 1.48E-01 2.00E-03   3  97 -19
 111  1   5   52  12  13  75 1.58E+05 1.07E-02 8.00E-03   2  98 -45
 111  1   6    2  50  50   0 2.26E+03 3.68E-01 2.00E-03   1  99 -10
 111  1   6    2  50  50   0 2.06E+05 6.61E-03 2.00E-03   4  96 -50
 011  1   5   78   0  11  89 1.50E+03 8.38E-01 9.00E-03  34  66  -2
 111  1   6   22  25   0  75 9.30E+04 9.06E-03 4.00E-03   3  97 -47
 011  1   5  129   7   0  93 9.53E+02 9.17E-01 1.50E-02  21  79  -1
 111  1   6   11  25  50  25 2.60E+04 2.05E-02 4.00E-03   6  94 -39
 011  1   5  133   0   7  93 6.28E+02 9.31E-01 1.50E-02  26  74  -1
 111  1   4   10   0  50  50 3.09E+04 2.64E-02 2.00E-03  78  22 -36
 011  1   5  118   7   7  86 8.79E+02 9.05E-01 1.40E-02  83  17  -1
 111  1   5   81   0  20  80 2.69E+04 9.96E-03 1.00E-02  14  86 -46
 111  1   6    2  50   0  50 4.21E+02 3.39E-01 2.00E-03   2  98 -11
 111  1   6    5  33  33  33 2.17E+04 1.12E-02 3.00E-03  15  85 -45
 111  1   6    1 100   0   0 3.74E+02 3.10E-01 2.00E-03   2  98 -12
 111  1   6   75   0  10  90 1.07E+04 1.70E-02 1.00E-02  21  79 -41
 111  1   6    2   0 100   0 3.65E+02 2.73E-01 2.00E-03   2  98 -13
 111  1   6    1  50  50   0 2.35E+04 8.97E-03 2.00E-03  17  83 -47
 111  1   6    2  50  50   0 3.28E+02 2.93E-01 2.00E-03   2  98 -12
 111  1   6   12  33  33  33 1.18E+04 1.60E-02 3.00E-03  17  83 -41
 111  1   6    2  50   0  50 3.39E+02 2.44E-01 2.00E-03   2  98 -14
 111  1   6    2  50   0  50 7.14E+03 2.46E-02 2.00E-03  19  81 -37
 111  1   6   31  40   0  60 3.05E+02 3.13E-01 5.00E-03   5  95 -12
 111  1   6    2  50  50   0 5.15E+03 3.03E-02 2.00E-03  22  78 -35
 011  1   5  134   6   6  88 2.87E+02 7.42E-01 1.60E-02  56  44  -3
 111  1   6   12  33  33  33 1.26E+04 1.04E-02 3.00E-03  31  69 -46
 111  1   6    2  50   0  50 2.64E+02 2.56E-01 2.00E-03   3  97 -14
 111  1   6    1  50   0  50 7.23E+03 2.15E-02 2.00E-03  22  78 -38
 111  1   6    2  50   0  50 2.71E+02 2.70E-01 2.00E-03   2  98 -13
 111  1   6   27  40  20  40 4.59E+03 3.24E-02 5.00E-03  20  80 -34
 111  1   6    2  50  50   0 2.83E+02 2.51E-01 2.00E-03   2  98 -14
 111  1   6    2  50  50   0 3.64E+03 3.82E-02 2.00E-03  22  78 -33
 111  1   6   11  67   0  33 2.48E+02 2.79E-01 3.00E-03   3  97 -13
 111  1   6    2  50  50   0 3.45E+03 3.74E-02 2.00E-03  25  75 -33
 011  1   5   65  11  11  78 2.36E+02 5.40E-01 9.00E-03  66  34  -6
 111  1   6    7  67   0  33 5.37E+03 2.09E-02 3.00E-03  30  70 -39
 111  1   6    2  50   0  50 2.30E+02 2.19E-01 2.00E-03   2  98 -15
 111  1   6    1   0 100   0 3.76E+03 3.48E-02 1.00E-03  22  78 -34
 111  1   6    2  50  50   0 2.32E+02 2.75E-01 2.00E-03   2  98 -13
 111  1   6    2  50  50   0 3.36E+03 3.54E-02 2.00E-03  25  75 -33
 111  1   6   19  25   0  75 2.22E+02 2.76E-01 4.00E-03   4  96 -13
 111  1   6    2  50  50   0 3.30E+03 2.99E-02 2.00E-03  33  67 -35
 111  1   6    2  50  50   0 2.11E+02 2.59E-01 2.00E-03   3  97 -14
 111  1   6   13   0  50  50 3.26E+03 3.32E-02 2.00E-03  30  70 -34
 111  1   6    2  67  33   0 2.23E+02 2.12E-01 3.00E-03   2  98 -16
 111  1   6    2  50   0  50 3.28E+03 3.17E-02 2.00E-03  32  68 -35
 111  1   6   13   0  67  33 2.09E+02 2.68E-01 3.00E-03   4  96 -13
 111  1   6    2  50  50   0 3.26E+03 2.80E-02 2.00E-03  39  61 -36
 111  1   6    1  50  50   0 2.01E+02 2.65E-01 2.00E-03   3  97 -13
 111  1   6    2  50   0  50 3.27E+03 3.26E-02 2.00E-03  29  71 -34
 111  1   6    4   0 100   0 2.01E+02 2.15E-01 2.00E-03   2  98 -15
 111  1   6    2   0 100   0 3.28E+03 2.56E-02 2.00E-03  44  56 -37
 111  1   6    2   0 100   0 1.91E+02 2.52E-01 1.00E-03   3  97 -14
 111  1   5    2  50   0  50 3.30E+03 3.30E-02 2.00E-03  27  73 -34
 111  1   6   25  25   0  75 2.00E+02 2.42E-01 4.00E-03   4  96 -14
 111  1   4    2  50  50   0 3.36E+03 5.52E-02 2.00E-03  85  15 -29
 111  1   6    2  50  50   0 2.39E+02 1.79E-01 2.00E-03   5  95 -17
 111  1   4    2 100   0   0 3.35E+03 5.43E-02 1.00E-03  76  24 -29
 111  1   6    2  50   0  50 2.33E+02 2.19E-01 2.00E-03   4  96 -15
 111  1   4    3  50   0  50 3.36E+03 5.26E-02 2.00E-03  76  24 -29
 111  1   6   32   0  40  60 2.21E+02 2.07E-01 5.00E-03  11  89 -16
 111  1   4    1   0 100   0 3.55E+03 6.41E-02 1.00E-03  87  13 -27
 111  1   6    1  50  50   0 2.68E+02 1.67E-01 2.00E-03   5  95 -18
 111  1   4    2   0 100   0 3.43E+03 5.70E-02 1.00E-03  78  22 -29
 111  1   6    4  50   0  50 2.38E+02 1.75E-01 2.00E-03   4  96 -17
 111  1   4    2  50   0  50 3.40E+03 5.10E-02 2.00E-03  84  16 -30
 111  1   6    2  50  50   0 2.21E+02 1.99E-01 2.00E-03   5  95 -16
 111  1   4    2   0 100   0 3.42E+03 5.35E-02 1.00E-03  73  27 -29
 111  1   6    8  67  33   0 2.27E+02 2.04E-01 3.00E-03   5  95 -16
 111  1   4    2   0 100   0 3.42E+03 5.12E-02 2.00E-03  78  22 -30
 111  1   6    2  50   0  50 2.22E+02 2.00E-01 2.00E-03   4  96 -16
 111  1   4    3   0   0 100 3.44E+03 5.07E-02 1.00E-03  79  21 -30
 111  1   6    8  33  67   0 2.17E+02 1.93E-01 3.00E-03   6  94 -16
 111  1   4    1  50  50   0 3.44E+03 5.14E-02 2.00E-03  77  23 -30
 111  1   6    2  50  50   0 2.24E+02 1.71E-01 2.00E-03   5  95 -18
 111  1   4    2   0 100   0 3.46E+03 5.20E-02 1.00E-03  74  26 -30
 111  1   6    4   0  50  50 2.22E+02 1.75E-01 2.00E-03   5  95 -17
 111  1   4    2  50   0  50 3.46E+03 4.93E-02 2.00E-03  83  17 -30
 111  1   6    5  50   0  50 2.18E+02 1.84E-01 2.00E-03   6  94 -17
 111  1   4    2  50  50   0 3.47E+03 4.85E-02 2.00E-03  86  14 -30
 111  1   6    1  50  50   0 2.18E+02 1.83E-01 2.00E-03   5  95 -17
 111  1   4    2 100   0   0 3.48E+03 5.13E-02 1.00E-03  77  23 -30
 111  1   6   26  25   0  75 2.20E+02 2.00E-01 4.00E-03  11  89 -16
 111  1   4    2   0 100   0 3.68E+03 6.09E-02 2.00E-03  87  13 -28
 111  1   6    3 100   0   0 2.55E+02 1.57E-01 3.00E-03   7  93 -19
 111  1   4    2  50   0  50 3.56E+03 5.45E-02 2.00E-03  81  19 -29
 111  1   6    8  67   0  33 2.34E+02 1.51E-01 3.00E-03   7  93 -19
 111  1   4    2   0 100   0 3.52E+03 5.10E-02 1.00E-03  82  18 -30
 111  1   6    2  50  50   0 2.24E+02 1.93E-01 2.00E-03   5  95 -16
 111  1   4    2  50  50   0 3.52E+03 5.22E-02 2.00E-03  75  25 -30
 111  1   6   26  20  20  60 2.26E+02 1.96E-01 5.00E-03  12  88 -16
 111  1   4    2   0 100   0 3.78E+03 6.22E-02 1.00E-03  90  10 -28
 111  1   6    2  50  50   0 2.70E+02 1.50E-01 2.00E-03   6  94 -19
 111  1   4    2  50  50   0 3.58E+03 5.51E-02 2.00E-03  79  21 -29
 111  1   6   15  33   0  67 2.33E+02 1.84E-01 3.00E-03   8  92 -17
 111  1   4    2  50  50   0 3.54E+03 5.15E-02 2.00E-03  83  17 -30
 111  1   6   17   0  33  67 2.21E+02 1.80E-01 3.00E-03   9  91 -17
 111  1   4    2   0 100   0 3.53E+03 5.02E-02 1.00E-03  86  14 -30
 111  1   6    2  50  50   0 2.17E+02 1.54E-01 2.00E-03   6  94 -19
 111  1   4    2  50  50   0 3.52E+03 5.08E-02 2.00E-03  80  20 -30
 111  1   6   19  25  25  50 2.17E+02 1.96E-01 4.00E-03   8  92 -16
 111  1   4    2  50  50   0 3.53E+03 4.96E-02 2.00E-03  84  16 -30
 111  1   6    2 100   0   0 2.16E+02 1.80E-01 2.00E-03   5  95 -17
 111  1   4    2   0 100   0 3.52E+03 5.04E-02 1.00E-03  78  22 -30
 111  1   6    8  33  33  33 2.15E+02 1.78E-01 3.00E-03   6  94 -17
 111  1   4    2   0 100   0 3.51E+03 4.85E-02 1.00E-03  86  14 -30
 111  1   6    2  50  50   0 2.11E+02 1.87E-01 2.00E-03   5  95 -17
 111  1   4    2   0 100   0 3.51E+03 4.91E-02 1.00E-03  82  18 -30
 111  1   6   32   0  40  60 2.13E+02 2.02E-01 5.00E-03  10  90 -16
 111  1   4    2  50   0  50 3.65E+03 5.58E-02 2.00E-03  92   8 -29
 111  1   6    2  50  50   0 2.37E+02 1.47E-01 2.00E-03   6  94 -19
 111  1   4    2   0 100   0 3.56E+03 5.09E-02 1.00E-03  85  15 -30
 111  1   6   11  25  50  25 2.18E+02 1.84E-01 4.00E-03   6  94 -17
 111  1   4    2   0 100   0 3.52E+03 4.83E-02 1.00E-03  87  13 -30
 111  1   6    2  50  50   0 2.10E+02 1.82E-01 2.00E-03   5  95 -17
 111  1   4    2  50  50   0 3.53E+03 4.98E-02 2.00E-03  81  19 -30
 111  1   6   31  20   0  80 2.12E+02 1.88E-01 5.00E-03  12  88 -17
 111  1   4    2   0 100   0 3.63E+03 5.61E-02 1.00E-03  92   8 -29
 111  1   6    2   0 100   0 2.37E+02 1.55E-01 2.00E-03   6  94 -19
 111  1   4    2  50   0  50 3.56E+03 5.16E-02 2.00E-03  87  13 -30
 111  1   6   14  20  40  40 2.20E+02 1.68E-01 5.00E-03   7  93 -18
 111  1   4    2  50   0  50 3.54E+03 4.86E-02 2.00E-03  90  10 -30
 111  1   6    2  50  50   0 2.13E+02 1.71E-01 2.00E-03   5  95 -18
 111  1   4    2   0 100   0 3.53E+03 4.95E-02 1.00E-03  84  16 -30
 111  1   6   20  25   0  75 2.14E+02 1.83E-01 4.00E-03   7  93 -17
 111  1   4    2  50   0  50 3.52E+03 4.71E-02 2.00E-03  88  12 -31
 111  1   6    5  50   0  50 2.08E+02 1.63E-01 2.00E-03   6  94 -18
 111  1   4    1  50   0  50 3.52E+03 4.85E-02 2.00E-03  83  17 -30
 111  1   6    2  50  50   0 2.10E+02 1.41E-01 2.00E-03   5  95 -20
 111  1   4    1   0 100   0 3.53E+03 5.02E-02 1.00E-03  77  23 -30
 111  1   6   18  50   0  50 2.14E+02 2.01E-01 4.00E-03   8  92 -16
 111  1   4    2  50   0  50 3.54E+03 4.88E-02 2.00E-03  87  13 -30
 111  1   6    2  50  50   0 2.14E+02 1.63E-01 2.00E-03   5  95 -18
 111  1   4    2   0 100   0 3.53E+03 4.90E-02 1.00E-03  85  15 -30
 111  1   6    5  50   0  50 2.12E+02 1.79E-01 2.00E-03   6  94 -17
 111  1   4    1  50   0  50 3.53E+03 4.99E-02 2.00E-03  84  16 -30
 111  1   6    2   0 100   0 2.13E+02 1.62E-01 2.00E-03   5  95 -18
 111  1   4    1  50  50   0 3.53E+03 5.14E-02 2.00E-03  79  21 -30
 111  1   6   14  75   0  25 2.16E+02 1.88E-01 4.00E-03   6  94 -17
 111  1   4    2  50   0  50 3.52E+03 4.96E-02 2.00E-03  88  12 -30
 111  1   6    2  50  50   0 2.15E+02 1.72E-01 2.00E-03   5  95 -18
 111  1   4    2  50  50   0 3.52E+03 5.01E-02 2.00E-03  86  14 -30
 111  1   6    4  50   0  50 2.16E+02 1.72E-01 2.00E-03   5  95 -18
 111  1   4    1   0 100   0 3.51E+03 5.06E-02 1.00E-03  84  16 -30
 111  1   6    7  33  33  33 2.16E+02 1.80E-01 3.00E-03   6  94 -17
 111  1   4    2  50  50   0 3.51E+03 4.95E-02 2.00E-03  88  12 -30
 111  1   6    1  50  50   0 2.14E+02 1.76E-01 2.00E-03   5  95 -17
 111  1   4    2  50   0  50 3.51E+03 5.00E-02 2.00E-03  87  13 -30
 111  1   6    2   0 100   0 2.15E+02 1.76E-01 2.00E-03   5  95 -17
 111  1   4    2  50  50   0 3.51E+03 5.00E-02 2.00E-03  87  13 -30
 111  1   6    7  33  33  33 2.17E+02 1.80E-01 3.00E-03   6  94 -17
 111  1   4    1  50   0  50 3.51E+03 5.19E-02 2.00E-03  81  19 -30
 111  1   6    2  50  50   0 2.23E+02 1.58E-01 2.00E-03   5  95 -18
 111  1   4    2  50   0  50 3.51E+03 5.05E-02 2.00E-03  85  15 -30
 111  1   6    4  67   0  33 2.18E+02 1.66E-01 3.00E-03   5  95 -18
 111  1   4    1  33  33  33 3.51E+03 5.04E-02 3.00E-03  85  15 -30
 111  1   6    1  50  50   0 2.21E+02 1.73E-01 2.00E-03   5  95 -18
 111  1   4    2   0 100   0 3.51E+03 5.00E-02 1.00E-03  86  14 -30
 111  1   6    2   0 100   0 2.22E+02 1.97E-01 2.00E-03   6  94 -16
 111  1   4    2   0 100   0 3.51E+03 5.04E-02 1.00E-03  84  16 -30
 111  1   6   13  33   0  67 2.25E+02 2.08E-01 3.00E-03   8  92 -16
 111  1   4    1   0 100   0 3.51E+03 5.23E-02 1.00E-03  81  19 -30
 111  1   6    2  50  50   0 2.32E+02 1.66E-01 2.00E-03   5  95 -18
 111  1   4    1  50  50   0 3.51E+03 5.32E-02 2.00E-03  77  23 -29
 111  1   6    2   0 100   0 2.42E+02 1.98E-01 2.00E-03   4  96 -16
 111  1   4    2   0 100   0 3.51E+03 5.08E-02 2.00E-03  83  17 -30
 111  1   6   11  33  33  33 2.30E+02 2.02E-01 3.00E-03   5  95 -16
 111  1   4    1  50  50   0 3.51E+03 5.11E-02 2.00E-03  82  18 -30
 111  1   6    1   0 100   0 2.39E+02 1.95E-01 2.00E-03   4  96 -16
 111  1   4    2  50  50   0 3.51E+03 5.13E-02 2.00E-03  81  19 -30
 111  1   6    2  50   0  50 2.42E+02 2.18E-01 2.00E-03   5  95 -15
 111  1   4    7  67   0  33 3.51E+03 5.12E-02 3.00E-03  84  16 -30
 111  1   6    1  50  50   0 2.50E+02 2.16E-01 2.00E-03   5  95 -15
 111  1   4    1  50   0  50 3.50E+03 5.32E-02 2.00E-03  76  24 -29
 111  1   6    1  50  50   0 2.66E+02 2.42E-01 2.00E-03   4  96 -14
 111  1   4    2   0 100   0 3.50E+03 5.18E-02 1.00E-03  80  20 -30
 111  1   6    1  50   0  50 2.66E+02 2.49E-01 2.00E-03   4  96 -14
 111  1   4    1   0 100   0 3.49E+03 5.22E-02 1.00E-03  78  22 -30
 111  1   6    7   0 100   0 2.75E+02 2.36E-01 2.00E-03   4  96 -14
 111  1   4    2  50   0  50 3.49E+03 5.15E-02 2.00E-03  78  22 -30
 111  1   6    1   0 100   0 2.73E+02 2.35E-01 1.00E-03   4  96 -14
 111  1   4    3  50  50   0 3.48E+03 5.27E-02 2.00E-03  75  25 -29
 111  1   6    2  50   0  50 2.69E+02 2.11E-01 2.00E-03   4  96 -16
 111  1   4    1   0 100   0 3.48E+03 5.15E-02 1.00E-03  80  20 -30
 111  1   6    1   0 100   0 2.91E+02 2.08E-01 2.00E-03   4  96 -16
 111  1   4    2  50  50   0 3.48E+03 5.19E-02 2.00E-03  79  21 -30
 111  1   6    1   0 100   0 2.94E+02 2.36E-01 1.00E-03   4  96 -14
 111  1   4    1 100   0   0 3.47E+03 5.41E-02 2.00E-03  72  28 -29
 111  1   6    2  50  50   0 3.06E+02 2.63E-01 2.00E-03   4  96 -13
 111  1   4    2  50  50   0 3.46E+03 5.32E-02 2.00E-03  75  25 -29
 111  1   6    2 100   0   0 2.99E+02 2.59E-01 2.00E-03   4  96 -14
 111  1   4    1  50  50   0 3.45E+03 5.38E-02 2.00E-03  73  27 -29
 111  1   6    1  50  50   0 3.04E+02 2.45E-01 2.00E-03   4  96 -14
 111  1   4    2  50  50   0 3.44E+03 5.52E-02 2.00E-03  70  30 -29
 111  1   6   30  20  20  60 3.07E+02 2.41E-01 5.00E-03   6  94 -14
 111  1   4    1  50  50   0 3.81E+03 6.90E-02 2.00E-03  86  14 -27
 111  1   6    1 100   0   0 3.48E+02 1.83E-01 2.00E-03   4  96 -17
 111  1   4   15  50   0  50 3.55E+03 5.85E-02 4.00E-03  76  24 -28
 111  1   6    1   0 100   0 3.25E+02 2.35E-01 2.00E-03   4  96 -14
 111  1   4    2  50   0  50 3.45E+03 5.59E-02 2.00E-03  73  27 -29
 111  1   6    1   0 100   0 3.09E+02 2.51E-01 1.00E-03   4  96 -14
 111  1   4   23  25   0  75 3.42E+03 5.96E-02 4.00E-03  74  26 -28
 111  1   6    2  50  50   0 3.02E+02 2.16E-01 2.00E-03   4  96 -15
 111  1   4    1  50  50   0 3.53E+03 6.20E-02 2.00E-03  78  22 -28
 111  1   6    1   0 100   0 3.29E+02 2.10E-01 1.00E-03   4  96 -16
 111  1   4    4  50   0  50 3.43E+03 5.67E-02 2.00E-03  74  26 -29
 111  1   6    1   0 100   0 2.93E+02 2.45E-01 1.00E-03   4  96 -14
 111  1   4    1 100   0   0 3.39E+03 5.37E-02 2.00E-03  75  25 -29
 111  1   6    1  50  50   0 2.97E+02 2.56E-01 2.00E-03   4  96 -14
 111  1   4    9  33  33  33 3.38E+03 5.46E-02 3.00E-03  73  27 -29
 111  1   6    1  50  50   0 2.97E+02 2.56E-01 2.00E-03   5  95 -14
 111  1   4    7   0 100   0 3.37E+03 5.47E-02 2.00E-03  75  25 -29
 111  1   6    1  50  50   0 3.03E+02 2.55E-01 2.00E-03   4  96 -14
 111  1   4    2  50  50   0 3.34E+03 5.43E-02 2.00E-03  75  25 -29
 111  1   6    1  50  50   0 3.14E+02 2.47E-01 2.00E-03   4  96 -14
 111  1   4    1  50   0  50 3.33E+03 5.72E-02 2.00E-03  67  33 -29
 111  1   6    2  50  50   0 3.10E+02 2.73E-01 2.00E-03   3  97 -13
 111  1   4    1   0 100   0 3.33E+03 5.99E-02 1.00E-03  62  38 -28
 111  1   6   23   0  50  50 3.35E+02 2.79E-01 4.00E-03   5  95 -13
 111  1   4    2  50  50   0 3.51E+03 6.27E-02 2.00E-03  82  18 -28
 111  1   6    1  50  50   0 3.55E+02 2.44E-01 2.00E-03   4  96 -14
 111  1   4    2  50   0  50 3.39E+03 6.07E-02 2.00E-03  67  33 -28
 111  1   6    1  50  50   0 3.49E+02 2.63E-01 2.00E-03   3  97 -13
 111  1   4   20   0  33  67 3.36E+03 6.33E-02 3.00E-03  72  28 -28
 111  1   6    1  50  50   0 3.38E+02 2.76E-01 2.00E-03   4  96 -13
 111  1   4    1  50  50   0 3.52E+03 7.05E-02 2.00E-03  78  22 -27
 111  1   6    1   0 100   0 3.74E+02 2.48E-01 1.00E-03   4  96 -14
 111  1   4    2  50  50   0 3.36E+03 6.45E-02 2.00E-03  68  32 -27
 111  1   6    1  50  50   0 3.63E+02 2.75E-01 2.00E-03   3  97 -13
 111  1   4   13  33   0  67 3.31E+03 6.29E-02 3.00E-03  66  34 -28
 111  1   6    2   0 100   0 3.48E+02 2.30E-01 1.00E-03   3  97 -15
 111  1   5    1 100   0   0 3.32E+03 4.01E-02 2.00E-03  16  84 -32
 111  1   6    1  50  50   0 3.40E+02 2.55E-01 2.00E-03   3  97 -14
 111  1   5   11  33  33  33 3.29E+03 4.02E-02 3.00E-03  16  84 -32
 111  1   6    1  50   0  50 3.58E+02 2.88E-01 2.00E-03   3  97 -12
 111  1   6    1   0 100   0 3.26E+03 3.78E-02 2.00E-03  18  82 -33
 111  1   6    1   0 100   0 3.29E+02 2.86E-01 2.00E-03   4  96 -13
 111  1   6    5  50   0  50 3.25E+03 3.62E-02 2.00E-03  20  80 -33
 111  1   6    1   0 100   0 3.42E+02 2.69E-01 2.00E-03   3  97 -13
 111  1   6    2  50   0  50 3.23E+03 3.52E-02 2.00E-03  22  78 -33
 111  1   6    1  50  50   0 3.48E+02 2.68E-01 2.00E-03   2  98 -13
 111  1   6    2  50  50   0 3.21E+03 3.88E-02 2.00E-03  19  81 -32
 111  1   6    1 100   0   0 3.52E+02 2.81E-01 2.00E-03   2  98 -13
 111  1   6    2   0 100   0 3.20E+03 3.81E-02 2.00E-03  20  80 -33
 111  1   6    1  50   0  50 3.45E+02 2.89E-01 2.00E-03   2  98 -12
 111  1   6    2   0 100   0 3.19E+03 3.77E-02 2.00E-03  20  80 -33
 111  1   6    1  50  50   0 3.44E+02 2.90E-01 2.00E-03   2  98 -12
 111  1   6    2  50  50   0 3.17E+03 3.88E-02 2.00E-03  20  80 -32
 111  1   6    1  50  50   0 3.39E+02 2.91E-01 2.00E-03   2  98 -12
 111  1   6    2  50   0  50 3.16E+03 3.97E-02 2.00E-03  19  81 -32
 111  1   6    1  50  50   0 3.39E+02 2.95E-01 2.00E-03   2  98 -12
 111  1   6    2 100   0   0 3.14E+03 4.01E-02 2.00E-03  19  81 -32
 111  1   6    2  50  50   0 3.34E+02 2.92E-01 2.00E-03   2  98 -12
 111  1   6    2  50  50   0 3.12E+03 3.55E-02 2.00E-03  24  76 -33
 111  1   6    2  50  50   0 3.33E+02 2.70E-01 2.00E-03   2  98 -13
 111  1   6    2 100   0   0 3.11E+03 3.56E-02 3.00E-03  24  76 -33
 111  1   6    2  50  50   0 3.27E+02 2.66E-01 2.00E-03   2  98 -13
 111  1   6    2  50   0  50 3.09E+03 3.56E-02 2.00E-03  24  76 -33
 111  1   6    2   0 100   0 3.24E+02 2.66E-01 1.00E-03   2  98 -13
 111  1   6    2  50  50   0 3.07E+03 3.68E-02 2.00E-03  23  77 -33
 111  1   6    2 100   0   0 3.22E+02 2.75E-01 2.00E-03   2  98 -13
 111  1   6    2   0 100   0 3.06E+03 3.90E-02 2.00E-03  21  79 -32
 111  1   6    2  50  50   0 3.22E+02 2.94E-01 2.00E-03   2  98 -12
 111  1   6   19  25  25  50 3.04E+03 4.22E-02 4.00E-03  18  82 -32
 111  1   6    2  50   0  50 3.25E+02 2.14E-01 2.00E-03   2  98 -15
 111  1   6    2  50   0  50 3.62E+03 3.34E-02 2.00E-03  23  77 -34
 111  1   6    2   0 100   0 3.18E+02 2.16E-01 2.00E-03   2  98 -15
 111  1   6   24  40  20  40 3.27E+03 3.78E-02 5.00E-03  18  82 -33
 111  1   6    1  50   0  50 3.18E+02 3.01E-01 2.00E-03   3  97 -12
 111  1   6    1  50  50   0 3.04E+03 4.05E-02 2.00E-03  18  82 -32
 111  1   6    2  67  33   0 3.03E+02 2.42E-01 3.00E-03   2  98 -14
 111  1   6    2 100   0   0 2.99E+03 4.14E-02 2.00E-03  18  82 -32
 111  1   6    2  50  50   0 3.07E+02 2.71E-01 2.00E-03   3  97 -13
 111  1   6   12   0  67  33 2.96E+03 4.13E-02 3.00E-03  19  81 -32
 111  1   6    2  67  33   0 3.07E+02 2.21E-01 3.00E-03   2  98 -15
 111  1   6    1 100   0   0 3.00E+03 4.06E-02 2.00E-03  20  80 -32
 111  1   6    1  50  50   0 2.96E+02 2.60E-01 2.00E-03   2  98 -13
 111  1   6    9  33  33  33 2.95E+03 4.30E-02 3.00E-03  18  82 -31
 111  1   6    1   0 100   0 3.05E+02 3.13E-01 1.00E-03   3  97 -12
 111  1   6    2 100   0   0 2.90E+03 4.23E-02 2.00E-03  20  80 -32
 111  1   6    1  50  50   0 3.09E+02 2.94E-01 2.00E-03   2  98 -12
 111  1   6    7  67   0  33 2.88E+03 3.81E-02 3.00E-03  24  76 -33
 111  1   6    2  50   0  50 3.11E+02 2.04E-01 2.00E-03   2  98 -16
 111  1   6    1  50  50   0 2.86E+03 4.43E-02 2.00E-03  19  81 -31
 111  1   6    1   0 100   0 3.07E+02 2.58E-01 1.00E-03   2  98 -14
 111  1   6    2  50   0  50 2.84E+03 4.49E-02 2.00E-03  19  81 -31
 111  1   6    1   0 100   0 3.16E+02 3.08E-01 2.00E-03   2  98 -12
 111  1   6    4  67  33   0 2.82E+03 4.05E-02 3.00E-03  24  76 -32
 111  1   6    2  50   0  50 2.92E+02 2.26E-01 2.00E-03   2  98 -15
 111  1   6    1  50  50   0 2.80E+03 4.33E-02 2.00E-03  22  78 -31
 111  1   6    1  50  50   0 2.88E+02 2.46E-01 2.00E-03   3  97 -14
 111  1   6    2  50   0  50 2.78E+03 3.79E-02 2.00E-03  28  72 -33
 111  1   6    1   0 100   0 3.01E+02 2.75E-01 2.00E-03   2  98 -13
 111  1   6    1  50  50   0 2.76E+03 4.40E-02 2.00E-03  22  78 -31
 111  1   6    2   0 100   0 2.92E+02 2.64E-01 2.00E-03   2  98 -13
 111  1   6    1   0 100   0 2.74E+03 4.88E-02 1.00E-03  19  81 -30
 111  1   6    1   0 100   0 3.10E+02 2.89E-01 2.00E-03   2  98 -12
 111  1   6    2  67  33   0 2.71E+03 4.40E-02 3.00E-03  23  77 -31
 111  1   6    1  50  50   0 3.07E+02 3.05E-01 2.00E-03   2  98 -12
 111  1   6    1  67  33   0 2.68E+03 4.16E-02 3.00E-03  25  75 -32
 111  1   6    2  67  33   0 2.82E+02 2.72E-01 3.00E-03   2  98 -13
 111  1   6    1  50  50   0 2.66E+03 4.51E-02 2.00E-03  23  77 -31
 111  1   6    1  50  50   0 2.91E+02 2.73E-01 2.00E-03   3  97 -13
 111  1   6    2  50   0  50 2.63E+03 4.32E-02 2.00E-03  25  75 -31
 111  1   6    1  50  50   0 2.90E+02 2.99E-01 2.00E-03   2  98 -12
 111  1   6    1  50  50   0 2.60E+03 4.52E-02 2.00E-03  23  77 -31
 111  1   6   28   0  25  75 2.72E+02 3.10E-01 4.00E-03   4  96 -12
 111  1   6    2   0 100   0 2.86E+03 3.55E-02 2.00E-03  29  71 -33
 111  1   6    1  50  50   0 2.75E+02 2.81E-01 2.00E-03   2  98 -13
 111  1   6    1  50  50   0 2.65E+03 4.55E-02 2.00E-03  21  79 -31
 111  1   6    2 100   0   0 2.62E+02 3.03E-01 2.00E-03   2  98 -12
 111  1   6   12  33   0  67 2.57E+03 5.09E-02 3.00E-03  18  82 -30
 111  1   6    2   0 100   0 2.78E+02 2.38E-01 2.00E-03   2  98 -14
 111  1   6    2  50  50   0 2.54E+03 4.45E-02 2.00E-03  24  76 -31
 111  1   6    1  50  50   0 2.59E+02 3.13E-01 2.00E-03   3  97 -12
 111  1   6    8   0  50  50 2.49E+03 4.17E-02 2.00E-03  27  73 -32
 111  1   6    1  50  50   0 2.57E+02 3.23E-01 2.00E-03   3  97 -11
 111  1   6    2  50   0  50 2.45E+03 4.44E-02 2.00E-03  25  75 -31
 111  1   6    1   0 100   0 2.54E+02 2.85E-01 1.00E-03   2  98 -13
 111  1   6   21  20  40  40 2.42E+03 4.60E-02 5.00E-03  23  77 -31
 111  1   6    1   0 100   0 2.54E+02 3.15E-01 2.00E-03   3  97 -12
 111  1   6    2 100   0   0 2.48E+03 3.93E-02 2.00E-03  29  71 -32
 111  1   6    1  50  50   0 2.42E+02 2.80E-01 2.00E-03   2  98 -13
 111  1   6   11  33   0  67 2.42E+03 4.31E-02 3.00E-03  25  75 -31
 111  1   6    1  50  50   0 2.38E+02 3.04E-01 2.00E-03   3  97 -12
 111  1   6    2  50   0  50 2.40E+03 4.06E-02 2.00E-03  28  72 -32
 111  1   6    1  50  50   0 2.35E+02 2.79E-01 2.00E-03   2  98 -13
 111  1   6    6  33  67   0 2.35E+03 4.36E-02 3.00E-03  25  75 -31
 111  1   6    1  50  50   0 2.30E+02 2.83E-01 2.00E-03   3  97 -13
 111  1   6    2  50  50   0 2.32E+03 3.86E-02 2.00E-03  31  69 -33
 111  1   6    1  50   0  50 2.32E+02 2.63E-01 2.00E-03   2  98 -13
 111  1   6   19   0  50  50 2.29E+03 4.28E-02 4.00E-03  24  76 -32
 111  1   6    1  50   0  50 2.30E+02 2.97E-01 2.00E-03   3  97 -12
 111  1   6    2   0 100   0 2.44E+03 4.01E-02 2.00E-03  25  75 -32
 111  1   6    1  50   0  50 2.29E+02 2.73E-01 2.00E-03   2  98 -13
 111  1   6   10   0  67  33 2.31E+03 4.35E-02 3.00E-03  20  80 -31
 111  1   6    1  50   0  50 2.25E+02 3.00E-01 2.00E-03   2  98 -12
 111  1   6    4   0 100   0 2.23E+03 4.20E-02 2.00E-03  24  76 -32
 111  1   6    1   0 100   0 2.21E+02 2.90E-01 1.00E-03   2  98 -12
 111  1   6    2  50   0  50 2.20E+03 4.42E-02 2.00E-03  22  78 -31
 111  1   6    1  50  50   0 2.24E+02 2.87E-01 2.00E-03   2  98 -12
 111  1   6   23  40   0  60 2.17E+03 4.27E-02 5.00E-03  25  75 -32
 111  1   6    1   0 100   0 2.27E+02 2.94E-01 2.00E-03   2  98 -12
 111  1   6    2  50  50   0 2.71E+03 3.34E-02 2.00E-03  27  73 -34
 111  1   6    1   0 100   0 2.25E+02 2.61E-01 2.00E-03   2  98 -13
 111  1   6   14  25  25  50 2.31E+03 3.90E-02 4.00E-03  23  77 -32
 111  1   6    1  50  50   0 2.19E+02 2.85E-01 2.00E-03   2  98 -13
 111  1   6    2   0 100   0 2.14E+03 4.25E-02 2.00E-03  23  77 -32
 111  1   6    1 100   0   0 2.22E+02 2.79E-01 2.00E-03   2  98 -13
 111  1   6   20   0  50  50 2.09E+03 4.39E-02 4.00E-03  20  80 -31
 111  1   6    1  50   0  50 2.20E+02 2.91E-01 2.00E-03   2  98 -12
 111  1   6    9  33  33  33 2.09E+03 3.85E-02 3.00E-03  26  74 -33
 111  1   6    1 100   0   0 2.14E+02 2.82E-01 2.00E-03   2  98 -13
 111  1   6    2   0 100   0 2.02E+03 4.17E-02 2.00E-03  23  77 -32
 111  1   6    1  50   0  50 2.16E+02 2.69E-01 2.00E-03   2  98 -13
 111  1   6    7  33  67   0 2.00E+03 4.05E-02 3.00E-03  23  77 -32
 111  1   6    1  50  50   0 2.18E+02 2.95E-01 2.00E-03   2  98 -12
 111  1   6    2  50  50   0 1.98E+03 4.11E-02 2.00E-03  23  77 -32
 111  1   6    1  50  50   0 2.15E+02 2.71E-01 2.00E-03   2  98 -13
 111  1   6   15  33   0  67 1.95E+03 4.01E-02 3.00E-03  24  76 -32
 111  1   6    1  50  50   0 2.09E+02 2.78E-01 2.00E-03   2  98 -13
 111  1   6    1 100   0   0 1.97E+03 4.07E-02 2.00E-03  23  77 -32
 111  1   6    1  67  33   0 2.03E+02 2.71E-01 3.00E-03   2  98 -13
 111  1   6   10  33   0  67 1.95E+03 4.45E-02 3.00E-03  19  81 -31
 111  1   6    1  50  50   0 2.11E+02 2.79E-01 2.00E-03   2  98 -13
 111  1   6    4  67  33   0 1.92E+03 3.82E-02 3.00E-03  26  74 -33
 111  1   6    1   0 100   0 2.07E+02 2.77E-01 1.00E-03   2  98 -13
 111  1   6    1  50  50   0 1.89E+03 4.27E-02 2.00E-03  21  79 -32
 111  1   6    1  50  50   0 2.06E+02 2.86E-01 2.00E-03   2  98 -13
 111  1   6   14  20  40  40 1.88E+03 4.00E-02 5.00E-03  23  77 -32
 111  1   6    1  50  50   0 2.04E+02 2.93E-01 2.00E-03   2  98 -12
 111  1   6    1  50  50   0 1.91E+03 4.25E-02 2.00E-03  20  80 -32
 111  1   6    1  50   0  50 2.00E+02 2.83E-01 2.00E-03   2  98 -13
 111  1   6    7  33  33  33 1.87E+03 4.51E-02 3.00E-03  18  82 -31
 111  1   6    1   0 100   0 2.06E+02 3.03E-01 1.00E-03   1  99 -12
 111  1   6    1   0 100   0 1.84E+03 4.57E-02 1.00E-03  18  82 -31
 111  1   6    1  50  50   0 2.03E+02 2.89E-01 2.00E-03   1  99 -12
 111  1   6   11  33   0  67 1.82E+03 4.83E-02 3.00E-03  15  85 -30
 111  1   6    1  50  50   0 2.05E+02 2.96E-01 2.00E-03   2  98 -12
 111  1   6    1 100   0   0 1.83E+03 4.48E-02 2.00E-03  18  82 -31
 111  1   6    1  50  50   0 2.04E+02 2.87E-01 2.00E-03   2  98 -12
 111  1   6    7   0  50  50 1.80E+03 4.25E-02 2.00E-03  19  81 -32
 111  1   6    1   0 100   0 2.04E+02 2.92E-01 2.00E-03   1  99 -12
 111  1   6    1  50   0  50 1.79E+03 4.37E-02 2.00E-03  19  81 -31
 111  1   6    1  50  50   0 2.03E+02 2.68E-01 2.00E-03   1  99 -13
 111  1   6    6   0 100   0 1.77E+03 4.67E-02 2.00E-03  17  83 -31
 111  1   6    1  50  50   0 2.03E+02 2.87E-01 2.00E-03   1  99 -12
 111  1   6    1  50  50   0 1.75E+03 4.49E-02 2.00E-03  18  82 -31
 111  1   6    1  50  50   0 2.05E+02 2.68E-01 2.00E-03   1  99 -13
 111  1   6    2   0 100   0 1.74E+03 4.82E-02 2.00E-03  16  84 -30
 111  1   6    1  50   0  50 2.08E+02 3.03E-01 2.00E-03   1  99 -12
 111  1   6    1  50  50   0 1.72E+03 4.37E-02 2.00E-03  18  82 -31
 111  1   6    1  50  50   0 2.10E+02 2.98E-01 2.00E-03   1  99 -12
 111  1   6   12   0  67  33 1.71E+03 5.02E-02 3.00E-03  15  85 -30
 111  1   6    1 100   0   0 2.16E+02 2.83E-01 2.00E-03   1  99 -13
 111  1   6    1  50  50   0 1.74E+03 4.46E-02 2.00E-03  18  82 -31
 111  1   6    1   0 100   0 2.12E+02 2.54E-01 2.00E-03   1  99 -14
 111  1   6    9   0  67  33 1.73E+03 4.81E-02 3.00E-03  15  85 -30
 111  1   6    1   0 100   0 2.16E+02 2.74E-01 1.00E-03   1  99 -13
 111  1   6    1  50  50   0 1.69E+03 5.03E-02 2.00E-03  14  86 -30
 111  1   6    1  50  50   0 2.20E+02 2.78E-01 2.00E-03   1  99 -13
 111  1   6    7  33  33  33 1.68E+03 5.01E-02 3.00E-03  14  86 -30
 111  1   6    1  50  50   0 2.19E+02 2.85E-01 2.00E-03   1  99 -13
 111  1   6    1 100   0   0 1.66E+03 4.99E-02 2.00E-03  15  85 -30
 111  1   6    1  50   0  50 2.22E+02 2.59E-01 2.00E-03   1  99 -13
 111  1   6    6   0  50  50 1.65E+03 5.21E-02 2.00E-03  14  86 -30
 111  1   6    1 100   0   0 2.24E+02 2.67E-01 2.00E-03   1  99 -13
 111  1   6    1   0 100   0 1.63E+03 4.73E-02 2.00E-03  16  84 -31
 111  1   6    1  50  50   0 2.25E+02 2.47E-01 2.00E-03   1  99 -14
 111  1   6    1  50  50   0 1.62E+03 5.60E-02 2.00E-03  12  88 -29
 111  1   6    1  50  50   0 2.36E+02 2.76E-01 2.00E-03   1  99 -13
 111  1   6    3 100   0   0 1.60E+03 5.41E-02 2.00E-03  14  86 -29
 111  1   6    2  50  50   0 2.19E+02 2.77E-01 2.00E-03   1  99 -13
 111  1   6    1 100   0   0 1.59E+03 4.36E-02 2.00E-03  19  81 -31
 111  1   6    1   0 100   0 2.31E+02 2.13E-01 1.00E-03   1  99 -15
 111  1   6    1  50  50   0 1.57E+03 4.86E-02 2.00E-03  15  85 -30
 111  1   6    1  50  50   0 2.26E+02 2.44E-01 2.00E-03   2  98 -14
 111  1   6    1 100   0   0 1.56E+03 5.63E-02 2.00E-03  12  88 -29
 111  1   6    1  50  50   0 2.34E+02 2.71E-01 2.00E-03   1  99 -13
 111  1   6    2   0 100   0 1.54E+03 5.77E-02 2.00E-03  12  88 -29
 111  1   6    1  50   0  50 2.39E+02 2.83E-01 2.00E-03   1  99 -13
 111  1   6    1  50  50   0 1.52E+03 4.69E-02 2.00E-03  17  83 -31
 111  1   6    1  50  50   0 2.28E+02 2.84E-01 2.00E-03   1  99 -13
 111  1   6    1 100   0   0 1.51E+03 5.40E-02 2.00E-03  14  86 -29
 111  1   6    1   0 100   0 2.29E+02 2.86E-01 1.00E-03   1  99 -13
 111  1   6   11  67   0  33 1.49E+03 5.61E-02 3.00E-03  13  87 -29
 111  1   6    1  50   0  50 2.27E+02 2.67E-01 2.00E-03   1  99 -13
 111  1   6    1   0 100   0 1.54E+03 5.01E-02 2.00E-03  15  85 -30
 111  1   6    1 100   0   0 2.22E+02 2.56E-01 2.00E-03   1  99 -14
 111  1   6    7  50   0  50 1.49E+03 5.72E-02 2.00E-03  12  88 -29
 111  1   6    1  50  50   0 2.22E+02 2.70E-01 2.00E-03   1  99 -13
 111  1   6    1  50  50   0 1.47E+03 4.98E-02 2.00E-03  16  84 -30
 111  1   6    1  50  50   0 2.10E+02 2.54E-01 2.00E-03   1  99 -14
 111  1   6    6  67   0  33 1.44E+03 5.37E-02 3.00E-03  14  86 -29
 111  1   6    1   0 100   0 2.09E+02 2.67E-01 2.00E-03   1  99 -13
 111  1   6    1  50  50   0 1.42E+03 5.21E-02 2.00E-03  15  85 -30
 111  1   6    1   0 100   0 2.05E+02 2.64E-01 2.00E-03   1  99 -13
 111  1   6    4 100   0   0 1.40E+03 5.58E-02 3.00E-03  13  87 -29
 111  1   6    1  50  50   0 1.99E+02 2.78E-01 2.00E-03   1  99 -13
 111  1   6    1  50  50   0 1.37E+03 5.01E-02 2.00E-03  16  84 -30
 111  1   6    1  50   0  50 1.95E+02 2.80E-01 2.00E-03   1  99 -13
 111  1   6   10  33  33  33 1.36E+03 5.28E-02 3.00E-03  14  86 -29
 111  1   6    1   0 100   0 1.89E+02 2.80E-01 1.00E-03   1  99 -13
 111  1   6    1  50  50   0 1.38E+03 5.17E-02 2.00E-03  15  85 -30
 111  1   6    1   0 100   0 1.82E+02 2.77E-01 1.00E-03   1  99 -13
 111  1   6    6  67   0  33 1.35E+03 4.85E-02 3.00E-03  17  83 -30
 111  1   6    1  50  50   0 1.75E+02 2.85E-01 2.00E-03   1  99 -13
 111  1   6    1  50  50   0 1.33E+03 5.09E-02 2.00E-03  16  84 -30
 111  1   6    1  50  50   0 1.70E+02 2.74E-01 2.00E-03   1  99 -13
 111  1   6    9   0  50  50 1.31E+03 5.14E-02 2.00E-03  15  85 -30
 111  1   6    1  50  50   0 1.67E+02 2.98E-01 2.00E-03   1  99 -12
 111  1   6    1  50  50   0 1.30E+03 4.62E-02 2.00E-03  19  81 -31
 111  1   6    1   0 100   0 1.56E+02 2.92E-01 1.00E-03   1  99 -12
 111  1   6    5   0  50  50 1.28E+03 4.29E-02 2.00E-03  21  79 -31
 111  1   6    1   0 100   0 1.48E+02 2.68E-01 2.00E-03   2  98 -13
 111  1   6    1  50  50   0 1.26E+03 4.77E-02 2.00E-03  18  82 -30
 111  1   6    1  50  50   0 1.43E+02 2.79E-01 2.00E-03   2  98 -13
 111  1   6    9  33  33  33 1.25E+03 4.69E-02 3.00E-03  18  82 -31
 111  1   6    1  50  50   0 1.43E+02 3.04E-01 2.00E-03   1  99 -12
 111  1   6    1   0 100   0 1.25E+03 4.38E-02 2.00E-03  21  79 -31
 111  1   6    1 100   0   0 1.36E+02 2.95E-01 2.00E-03   2  98 -12
 111  1   6    5  50   0  50 1.23E+03 4.54E-02 2.00E-03  19  81 -31
 111  1   6    1  50  50   0 1.30E+02 2.83E-01 2.00E-03   2  98 -13
 111  1   6    2   0 100   0 1.22E+03 4.34E-02 2.00E-03  22  78 -31
 111  1   6    1  50  50   0 1.31E+02 3.11E-01 2.00E-03   1  99 -12
 111  1   6    1  50  50   0 1.21E+03 4.47E-02 2.00E-03  20  80 -31
 111  1   6   10  33  33  33 1.25E+02 3.23E-01 3.00E-03   3  97 -11
 111  1   6    2 100   0   0 1.22E+03 3.67E-02 2.00E-03  27  73 -33
 111  1   6    1  50  50   0 1.20E+02 2.93E-01 2.00E-03   1  99 -12
 111  1   6    1  50   0  50 1.21E+03 4.43E-02 2.00E-03  20  80 -31
 111  1   6    1  50  50   0 1.17E+02 3.25E-01 2.00E-03   2  98 -11
 111  1   6    7  67   0  33 1.20E+03 4.25E-02 3.00E-03  20  80 -32
 111  1   6    1   0 100   0 1.21E+02 3.37E-01 1.00E-03   2  98 -11
 111  1   6    1  50  50   0 1.19E+03 4.01E-02 2.00E-03  23  77 -32
 111  1   6    1  50  50   0 1.13E+02 3.05E-01 2.00E-03   2  98 -12
 111  1   6    5   0  50  50 1.18E+03 3.96E-02 2.00E-03  25  75 -32
 111  1   6    1   0 100   0 1.11E+02 2.87E-01 2.00E-03   2  98 -12
 111  1   6    1   0 100   0 1.17E+03 4.08E-02 2.00E-03  23  77 -32
 111  1   6    1 100   0   0 1.09E+02 2.94E-01 2.00E-03   2  98 -12
 111  1   6    4   0 100   0 1.16E+03 3.62E-02 2.00E-03  28  72 -33
 111  1   6    1  50  50   0 1.09E+02 3.17E-01 2.00E-03   2  98 -11
 111  1   6    1  50  50   0 1.15E+03 3.73E-02 2.00E-03  27  73 -33
 111  1   6    1   0 100   0 1.06E+02 3.02E-01 2.00E-03   2  98 -12
 111  1   6    2  50  50   0 1.15E+03 4.02E-02 2.00E-03  24  76 -32
 111  1   6    1  50   0  50 1.08E+02 3.26E-01 2.00E-03   2  98 -11
 111  1   6    1   0 100   0 1.14E+03 4.00E-02 2.00E-03  24  76 -32
 111  1   6   21  25   0  75 1.05E+02 3.00E-01 4.00E-03   4  96 -12
 111  1   6    2   0 100   0 1.17E+03 3.20E-02 2.00E-03  35  65 -34
 111  1   6    1 100   0   0 1.06E+02 2.92E-01 2.00E-03   2  98 -12
 111  1   6    1   0 100   0 1.15E+03 3.98E-02 2.00E-03  24  76 -32
 111  1   6    1 100   0   0 1.05E+02 3.18E-01 2.00E-03   2  98 -11
 111  1   6   17   0  33  67 1.14E+03 4.05E-02 3.00E-03  22  78 -32
 111  1   6    1  50  50   0 1.11E+02 3.29E-01 2.00E-03   2  98 -11
 111  1   6    1  50  50   0 1.20E+03 3.72E-02 2.00E-03  25  75 -33
 111  1   6    1  50   0  50 1.05E+02 3.06E-01 2.00E-03   2  98 -12
 111  1   6    8   0  50  50 1.14E+03 4.09E-02 2.00E-03  22  78 -32
 111  1   6    1  50  50   0 1.10E+02 3.20E-01 2.00E-03   2  98 -11
 111  1   6    2  50   0  50 1.12E+03 4.00E-02 2.00E-03  24  76 -32
 111  1   6    1   0 100   0 1.10E+02 2.95E-01 2.00E-03   2  98 -12
 111  1   6    5   0  50  50 1.11E+03 3.86E-02 2.00E-03  24  76 -33
 111  1   6    1  50  50   0 1.05E+02 2.97E-01 2.00E-03   2  98 -12
 111  1   6    2   0 100   0 1.10E+03 3.83E-02 2.00E-03  25  75 -33
 111  1   6    1  50  50   0 1.10E+02 3.05E-01 2.00E-03   2  98 -12
 111  1   6   14   0  67  33 1.10E+03 4.17E-02 3.00E-03  21  79 -32
 111  1   6    1  50  50   0 1.11E+02 3.13E-01 2.00E-03   2  98 -12
 111  1   6    4 100   0   0 1.11E+03 3.93E-02 3.00E-03  23  77 -32
 111  1   6    1   0 100   0 1.10E+02 3.07E-01 2.00E-03   2  98 -12
 111  1   6    1   0 100   0 1.09E+03 4.09E-02 1.00E-03  21  79 -32
 111  1   6    1  50   0  50 1.11E+02 3.12E-01 2.00E-03   2  98 -12
 111  1   6    8  33  33  33 1.09E+03 4.05E-02 3.00E-03  20  80 -32
 111  1   6    1  50   0  50 1.13E+02 3.17E-01 2.00E-03   2  98 -11
 111  1   6    2  50   0  50 1.09E+03 4.16E-02 2.00E-03  20  80 -32
 111  1   6    1 100   0   0 1.15E+02 2.87E-01 2.00E-03   1  99 -12
 111  1   6   10   0  67  33 1.08E+03 4.27E-02 3.00E-03  19  81 -32
 111  1   6    1  50  50   0 1.17E+02 3.14E-01 2.00E-03   2  98 -12
 111  1   6    1  50  50   0 1.07E+03 4.23E-02 2.00E-03  20  80 -32
 111  1   6    1   0 100   0 1.13E+02 3.09E-01 1.00E-03   2  98 -12
 111  1   6    7   0  50  50 1.06E+03 4.31E-02 2.00E-03  19  81 -31
 111  1   6    1  50  50   0 1.15E+02 3.11E-01 2.00E-03   2  98 -12
 111  1   6    1  50  50   0 1.06E+03 4.39E-02 2.00E-03  19  81 -31
 111  1   6    1  50  50   0 1.14E+02 2.84E-01 2.00E-03   2  98 -13
 111  1   6    2  50  50   0 1.05E+03 4.39E-02 2.00E-03  19  81 -31
 111  1   6    1   0 100   0 1.21E+02 2.98E-01 1.00E-03   1  99 -12
 111  1   6    1  50  50   0 1.04E+03 4.24E-02 2.00E-03  19  81 -32
 111  1   6    1   0 100   0 1.16E+02 3.15E-01 1.00E-03   2  98 -12
 111  1   6    5   0 100   0 1.04E+03 3.81E-02 2.00E-03  22  78 -33
 111  1   6    1  50   0  50 1.17E+02 2.91E-01 2.00E-03   2  98 -12
 111  1   6    1   0 100   0 1.04E+03 4.29E-02 1.00E-03  18  82 -31
 111  1   6    1   0 100   0 1.16E+02 2.78E-01 2.00E-03   2  98 -13
 111  1   6    3  50   0  50 1.03E+03 4.78E-02 2.00E-03  17  83 -30
 111  1   6    2  50  50   0 1.17E+02 2.37E-01 2.00E-03   1  99 -14
 111  1   6    1   0 100   0 1.02E+03 4.22E-02 2.00E-03  19  81 -32
 111  1   6    1  50   0  50 1.21E+02 2.45E-01 2.00E-03   1  99 -14
 111  1   6    2   0 100   0 1.02E+03 4.03E-02 2.00E-03  21  79 -32
 111  1   6    1 100   0   0 1.22E+02 2.82E-01 2.00E-03   1  99 -13
 111  1   6    1  50  50   0 1.01E+03 4.27E-02 2.00E-03  18  82 -32
 111  1   6    1 100   0   0 1.18E+02 2.95E-01 2.00E-03   2  98 -12
 111  1   6    2  50  50   0 1.00E+03 4.45E-02 2.00E-03  17  83 -31
 111  1   6    1  50   0  50 1.24E+02 2.97E-01 2.00E-03   1  99 -12
 111  1   6    1  50  50   0 9.98E+02 4.25E-02 2.00E-03  18  82 -32
 111  1   6    1  50  50   0 1.19E+02 3.02E-01 2.00E-03   2  98 -12
 111  1   6    2   0 100   0 9.93E+02 4.39E-02 1.00E-03  17  83 -31
 111  1   6    1   0 100   0 1.24E+02 2.97E-01 2.00E-03   1  99 -12
 111  1   6    1  50   0  50 9.87E+02 4.19E-02 2.00E-03  19  81 -32
 111  1   6    1  50  50   0 1.19E+02 2.97E-01 2.00E-03   1  99 -12
 111  1   6    2  50   0  50 9.81E+02 4.26E-02 2.00E-03  18  82 -32
 111  1   6    1   0 100   0 1.24E+02 2.91E-01 2.00E-03   1  99 -12
 111  1   6    1  50  50   0 9.75E+02 4.19E-02 2.00E-03  19  81 -32
 111  1   6    1  50   0  50 1.18E+02 2.92E-01 2.00E-03   1  99 -12
 111  1   6    2  50  50   0 9.69E+02 4.38E-02 2.00E-03  17  83 -31
 111  1   6    1  50  50   0 1.23E+02 2.90E-01 2.00E-03   1  99 -12
 111  1   6    1  50  50   0 9.63E+02 4.28E-02 2.00E-03  18  82 -32
 111  1   6    1  50   0  50 1.18E+02 2.97E-01 2.00E-03   1  99 -12
 111  1   6    2  50  50   0 9.57E+02 4.71E-02 2.00E-03  16  84 -31
 111  1   6    1   0 100   0 1.24E+02 2.97E-01 2.00E-03   1  99 -12
 111  1   6    1  50  50   0 9.51E+02 4.43E-02 2.00E-03  17  83 -31
 111  1   6    1  50  50   0 1.19E+02 3.07E-01 2.00E-03   1  99 -12
 111  1   6   14  33  33  33 9.45E+02 4.52E-02 3.00E-03  17  83 -31
 111  1   6    1  50  50   0 1.21E+02 2.85E-01 2.00E-03   1  99 -13
 111  1   6    1  50   0  50 1.02E+03 4.22E-02 2.00E-03  18  82 -32
 111  1   6    1   0 100   0 1.17E+02 2.62E-01 2.00E-03   2  98 -13
 111  1   6   16   0  67  33 9.88E+02 4.45E-02 3.00E-03  15  85 -31
 111  1   6    1   0 100   0 1.21E+02 2.81E-01 1.00E-03   1  99 -13
 111  1   6    1  50  50   0 9.48E+02 4.52E-02 2.00E-03  16  84 -31
 111  1   6    1 100   0   0 1.17E+02 2.80E-01 2.00E-03   2  98 -13
 111  1   6    9  67   0  33 9.34E+02 5.11E-02 3.00E-03  13  87 -30
 111  1   6    1  50  50   0 1.20E+02 2.94E-01 2.00E-03   1  99 -12
 111  1   6    1  50  50   0 9.28E+02 4.95E-02 2.00E-03  15  85 -30
 111  1   6    1  50  50   0 1.17E+02 2.95E-01 2.00E-03   1  99 -12
 111  1   6    5  50   0  50 9.17E+02 5.17E-02 2.00E-03  13  87 -30
 111  1   6    1  50  50   0 1.18E+02 2.68E-01 2.00E-03   2  98 -13
 111  1   6    1  50   0  50 9.05E+02 4.76E-02 2.00E-03  15  85 -30
 111  1   6    1  50  50   0 1.14E+02 2.63E-01 2.00E-03   2  98 -13
 111  1   6    2   0 100   0 8.99E+02 4.76E-02 2.00E-03  16  84 -30
 111  1   6    1  50  50   0 1.18E+02 2.77E-01 2.00E-03   1  99 -13
 111  1   6    1   0 100   0 8.93E+02 4.26E-02 1.00E-03  19  81 -32
 111  1   6    1 100   0   0 1.12E+02 2.87E-01 2.00E-03   1  99 -12
 111  1   6    5  50   0  50 8.87E+02 4.67E-02 2.00E-03  16  84 -31
 111  1   6    1  50   0  50 1.14E+02 2.65E-01 2.00E-03   2  98 -13
 111  1   6    1  50   0  50 8.81E+02 4.49E-02 2.00E-03  17  83 -31
 111  1   6    1  50  50   0 1.10E+02 2.66E-01 2.00E-03   2  98 -13
 111  1   6    2  50  50   0 8.75E+02 5.10E-02 2.00E-03  15  85 -30
 111  1   6    1 100   0   0 1.15E+02 2.85E-01 2.00E-03   1  99 -13
 111  1   6    1  50  50   0 8.68E+02 4.86E-02 2.00E-03  16  84 -30
 111  1   6    1  50   0  50 1.12E+02 3.09E-01 2.00E-03   1  99 -12
 111  1   6    3  50   0  50 8.62E+02 4.95E-02 2.00E-03  16  84 -30
 111  1   6    2  50  50   0 1.07E+02 2.80E-01 2.00E-03   1  99 -13
 111  1   6    1   0 100   0 8.57E+02 3.98E-02 1.00E-03  23  77 -32
 111  1   6    1  50   0  50 1.09E+02 2.22E-01 2.00E-03   1  99 -15
 111  1   6    1  50   0  50 8.50E+02 4.14E-02 2.00E-03  21  79 -32
 111  1   6    1  50  50   0 1.06E+02 2.39E-01 2.00E-03   2  98 -14
 111  1   6    1  50  50   0 8.45E+02 4.81E-02 2.00E-03  17  83 -30
 111  1   6    1  50   0  50 1.08E+02 2.61E-01 2.00E-03   2  98 -13
 111  1   6    2  50  50   0 8.39E+02 4.96E-02 2.00E-03  16  84 -30
 111  1   6    1   0 100   0 1.12E+02 2.78E-01 1.00E-03   1  99 -13
 111  1   6    1  50   0  50 8.32E+02 4.52E-02 2.00E-03  19  81 -31
 111  1   6    1   0 100   0 1.07E+02 2.95E-01 1.00E-03   1  99 -12
 111  1   6    2  50  50   0 8.26E+02 5.25E-02 2.00E-03  15  85 -29
 111  1   6    1   0 100   0 1.11E+02 2.97E-01 1.00E-03   1  99 -12
 111  1   6    1  50  50   0 8.19E+02 4.50E-02 2.00E-03  19  81 -31
 111  1   6    1   0 100   0 1.06E+02 3.00E-01 1.00E-03   1  99 -12
 111  1   6    1   0 100   0 8.13E+02 5.11E-02 1.00E-03  16  84 -30
 111  1   6    1  50  50   0 1.07E+02 3.04E-01 2.00E-03   1  99 -12
 111  1   6    2 100   0   0 8.06E+02 4.99E-02 2.00E-03  16  84 -30
 111  1   6    1 100   0   0 1.09E+02 2.99E-01 2.00E-03   1  99 -12
 111  1   6    1  50  50   0 8.00E+02 4.27E-02 2.00E-03  21  79 -32
 111  1   6    1  50   0  50 1.03E+02 2.95E-01 2.00E-03   1  99 -12
 111  1   6    1 100   0   0 7.94E+02 4.83E-02 2.00E-03  17  83 -30
 111  1   6    1  50  50   0 1.03E+02 2.94E-01 2.00E-03   1  99 -12
 111  1   6    1   0 100   0 7.88E+02 5.18E-02 1.00E-03  15  85 -30
 111  1   6    1  50  50   0 1.05E+02 3.01E-01 2.00E-03   1  99 -12
 111  1   6    2   0 100   0 7.82E+02 5.14E-02 2.00E-03  16  84 -30
 111  1   6    1  50   0  50 1.07E+02 3.03E-01 2.00E-03   1  99 -12
 111  1   6    1  50  50   0 7.76E+02 4.44E-02 2.00E-03  20  80 -31
 111  1   6    1 100   0   0 1.02E+02 3.04E-01 2.00E-03   1  99 -12
 111  1   6    1   0 100   0 7.70E+02 5.02E-02 1.00E-03  16  84 -30
 111  1   6    1  50   0  50 1.02E+02 3.06E-01 2.00E-03   1  99 -12
 111  1   6    2   0 100   0 7.64E+02 5.26E-02 2.00E-03  16  84 -29
 111  1   6    1  50  50   0 1.05E+02 3.10E-01 2.00E-03   1  99 -12
 111  1   6    1   0 100   0 7.58E+02 4.59E-02 2.00E-03  18  82 -31
 111  1   6    1  50  50   0 1.01E+02 3.11E-01 2.00E-03   1  99 -12
 111  1   6    1  50  50   0 7.51E+02 5.24E-02 2.00E-03  15  85 -29
 111  1   6    1 100   0   0 1.01E+02 3.16E-01 2.00E-03   1  99 -12
 111  1   6   15   0  33  67 7.45E+02 5.33E-02 3.00E-03  15  85 -29
 111  1   6    1  50  50   0 1.02E+02 2.93E-01 2.00E-03   1  99 -12
 111  1   6    1  50  50   0 7.80E+02 4.90E-02 2.00E-03  17  83 -30
 111  1   6    1   0 100   0 9.91E+01 2.84E-01 2.00E-03   1  99 -13
 111  1   6   10  33  33  33 7.69E+02 4.91E-02 3.00E-03  16  84 -30
 111  1   6    1  50  50   0 1.00E+02 2.86E-01 2.00E-03   1  99 -13
 111  1   6    1 100   0   0 7.56E+02 4.91E-02 2.00E-03  17  83 -30
 111  1   6    1  50  50   0 9.58E+01 2.92E-01 2.00E-03   1  99 -12
 111  1   6   17   0  33  67 7.44E+02 5.37E-02 3.00E-03  13  87 -29
 111  1   6    1  50  50   0 9.98E+01 3.03E-01 2.00E-03   1  99 -12
 111  1   6    1   0 100   0 7.78E+02 5.12E-02 1.00E-03  16  84 -30
 111  1   6    1  50  50   0 9.48E+01 2.96E-01 2.00E-03   1  99 -12
 111  1   6    4   0  50  50 7.40E+02 4.94E-02 2.00E-03  16  84 -30
 111  1   6    1  50  50   0 9.59E+01 2.96E-01 2.00E-03   1  99 -12
 111  1   6    1  50  50   0 7.25E+02 5.23E-02 2.00E-03  16  84 -30
 111  1   6    1  50   0  50 9.46E+01 3.15E-01 2.00E-03   1  99 -12
 111  1   6   17   0  33  67 7.16E+02 5.41E-02 3.00E-03  14  86 -29
 111  1   6    1   0 100   0 9.42E+01 3.21E-01 1.00E-03   1  99 -11
 111  1   6    1  50  50   0 7.20E+02 5.23E-02 2.00E-03  16  84 -30
 111  1   6    1   0 100   0 8.89E+01 3.00E-01 1.00E-03   1  99 -12
 111  1   6   10  33   0  67 7.09E+02 4.89E-02 3.00E-03  15  85 -30
 111  1   6    1  50  50   0 8.99E+01 3.04E-01 2.00E-03   1  99 -12
 111  1   6    1  50   0  50 6.96E+02 5.08E-02 2.00E-03  16  84 -30
 111  1   6    1   0 100   0 8.68E+01 3.08E-01 2.00E-03   1  99 -12
 111  1   6    5  67  33   0 6.83E+02 5.09E-02 3.00E-03  16  84 -30
 111  1   6    1  50   0  50 8.47E+01 2.94E-01 2.00E-03   1  99 -12
 111  1   6    2  50  50   0 6.73E+02 4.73E-02 2.00E-03  19  81 -31
 111  1   6    1  50  50   0 8.57E+01 3.07E-01 2.00E-03   1  99 -12
 111  1   6    1   0 100   0 6.67E+02 5.08E-02 2.00E-03  16  84 -30
 111  1   6    1  50  50   0 8.23E+01 3.35E-01 2.00E-03   1  99 -11
 111  1   6   14  33   0  67 6.61E+02 5.12E-02 3.00E-03  16  84 -30
 111  1   6    1  50  50   0 8.25E+01 3.28E-01 2.00E-03   1  99 -11
 111  1   6    7  50   0  50 7.17E+02 4.29E-02 2.00E-03  20  80 -31
 111  1   6    1  50  50   0 8.12E+01 3.13E-01 2.00E-03   1  99 -12
 111  1   6    1 100   0   0 6.76E+02 4.94E-02 2.00E-03  18  82 -30
 111  1   6    1   0 100   0 7.82E+01 3.04E-01 2.00E-03   1  99 -12
 111  1   6   12  67   0  33 6.62E+02 5.04E-02 3.00E-03  16  84 -30
 111  1   6    1  50  50   0 8.19E+01 3.26E-01 2.00E-03   1  99 -11
 111  1   6    8   0  50  50 6.62E+02 4.43E-02 2.00E-03  19  81 -31
 111  1   6    1  50  50   0 8.11E+01 3.25E-01 2.00E-03   1  99 -11
 111  1   6    1   0 100   0 6.43E+02 4.26E-02 1.00E-03  22  78 -32
 111  1   6    1  50  50   0 7.30E+01 3.05E-01 2.00E-03   1  99 -12
 111  1   6    4  67  33   0 6.29E+02 4.16E-02 3.00E-03  22  78 -32
 111  1   6    1  50  50   0 7.59E+01 3.23E-01 2.00E-03   1  99 -11
 111  1   6    1  50  50   0 6.19E+02 4.28E-02 2.00E-03  22  78 -32
 111  1   6    1  50  50   0 7.25E+01 3.04E-01 2.00E-03   1  99 -12
 111  1   6    2   0 100   0 6.14E+02 4.35E-02 2.00E-03  22  78 -31
 111  1   6    1  50  50   0 7.40E+01 3.23E-01 2.00E-03   1  99 -11
 111  1   6    1   0 100   0 6.10E+02 4.59E-02 1.00E-03  20  80 -31
 111  1   6    1  50  50   0 7.14E+01 3.18E-01 2.00E-03   1  99 -11
 111  1   6    2  50  50   0 6.05E+02 4.92E-02 2.00E-03  19  81 -30
 111  1   6    1 100   0   0 7.48E+01 3.41E-01 2.00E-03   1  99 -11
 111  1   6    1  50  50   0 6.00E+02 4.80E-02 2.00E-03  18  82 -30
 111  1   6   11   0  67  33 7.24E+01 3.24E-01 3.00E-03   2  98 -11
 111  1   6    2  50   0  50 6.10E+02 4.19E-02 2.00E-03  25  75 -32
 111  1   6    1  50  50   0 7.19E+01 3.11E-01 2.00E-03   1  99 -12
 111  1   6    1  50   0  50 6.02E+02 5.05E-02 2.00E-03  18  82 -30
 111  1   6    1  50  50   0 7.20E+01 3.25E-01 2.00E-03   1  99 -11
 111  1   6    9  33  33  33 5.97E+02 5.22E-02 3.00E-03  16  84 -30
 111  1   6    1   0 100   0 7.30E+01 3.39E-01 2.00E-03   1  99 -11
 111  1   6    7  33  67   0 5.92E+02 4.16E-02 3.00E-03  24  76 -32
 111  1   6    1  50  50   0 7.09E+01 3.18E-01 2.00E-03   1  99 -11
 111  1   6    1  50   0  50 5.80E+02 4.62E-02 2.00E-03  20  80 -31
 111  1   6    1  50  50   0 6.99E+01 2.87E-01 2.00E-03   1  99 -12
 111  1   6    2 100   0   0 5.73E+02 4.68E-02 2.00E-03  20  80 -31
 111  1   6    1   0 100   0 7.36E+01 3.13E-01 1.00E-03   1  99 -12
 111  1   6    1  50  50   0 5.67E+02 4.63E-02 2.00E-03  20  80 -31
 111  1   6    1 100   0   0 7.14E+01 3.11E-01 2.00E-03   1  99 -12
 111  1   6   11   0  67  33 5.62E+02 4.89E-02 3.00E-03  18  82 -30
 111  1   6    1  50   0  50 7.43E+01 3.12E-01 2.00E-03   1  99 -12
 111  1   6    1  50  50   0 5.74E+02 4.72E-02 2.00E-03  20  80 -31
 111  1   6    1  50  50   0 7.18E+01 2.88E-01 2.00E-03   1  99 -12
 111  1   6    7  67   0  33 5.63E+02 5.49E-02 3.00E-03  15  85 -29
 111  1   6    1  50  50   0 7.27E+01 3.07E-01 2.00E-03   1  99 -12
 111  1   6    1  50  50   0 5.52E+02 5.13E-02 2.00E-03  18  82 -30
 111  1   6    1  50  50   0 7.00E+01 2.78E-01 2.00E-03   1  99 -13
 111  1   6    4  67  33   0 5.46E+02 5.17E-02 3.00E-03  16  84 -30
 111  1   6    1  50  50   0 7.52E+01 3.04E-01 2.00E-03   1  99 -12
 111  1   6    1  50   0  50 5.40E+02 4.65E-02 2.00E-03  19  81 -31
 111  1   6    1  50  50   0 7.51E+01 2.96E-01 2.00E-03   1  99 -12
 111  1   6    1  50  50   0 5.35E+02 5.02E-02 2.00E-03  17  83 -30
 111  1   6    1  50  50   0 7.27E+01 2.97E-01 2.00E-03   1  99 -12
 111  1   6   10  33  33  33 5.31E+02 5.49E-02 3.00E-03  15  85 -29
 111  1   6    1  50  50   0 7.32E+01 3.09E-01 2.00E-03   1  99 -12
 111  1   6    1   0 100   0 5.38E+02 5.50E-02 1.00E-03  15  85 -29
 111  1   6    1  50  50   0 7.26E+01 3.04E-01 2.00E-03   1  99 -12
 111  1   6    6  50   0  50 5.31E+02 5.62E-02 2.00E-03  14  86 -29
 111  1   6    1  50  50   0 7.28E+01 3.01E-01 2.00E-03   1  99 -12
 111  1   6    1  50   0  50 5.24E+02 5.47E-02 2.00E-03  15  85 -29
 111  1   6    1   0 100   0 7.24E+01 2.75E-01 1.00E-03   1  99 -13
 111  1   6    9  33  33  33 5.18E+02 5.66E-02 3.00E-03  13  87 -29
 111  1   6    1  50  50   0 7.35E+01 3.11E-01 2.00E-03   1  99 -12
 111  1   6    1   0 100   0 5.14E+02 5.24E-02 1.00E-03  16  84 -29
 111  1   6    1  50  50   0 7.20E+01 2.98E-01 2.00E-03   1  99 -12
 111  1   6    5   0  50  50 5.06E+02 5.01E-02 2.00E-03  16  84 -30
 111  1   6    1  50  50   0 7.28E+01 2.79E-01 2.00E-03   1  99 -13
 111  1   6    1   0 100   0 5.01E+02 5.31E-02 1.00E-03  15  85 -29
 111  1   6    1  50  50   0 7.17E+01 2.78E-01 2.00E-03   1  99 -13
 111  1   6    2   0 100   0 4.95E+02 5.92E-02 2.00E-03  14  86 -28
 111  1   6    1  50   0  50 7.31E+01 3.13E-01 2.00E-03   1  99 -12
 111  1   6    1  50  50   0 4.90E+02 5.38E-02 2.00E-03  15  85 -29
 111  1   6    1  67  33   0 7.06E+01 3.18E-01 3.00E-03   1  99 -11
 111  1   6    5  67  33   0 4.86E+02 5.66E-02 3.00E-03  14  86 -29
 111  1   6    1  50  50   0 6.96E+01 2.88E-01 2.00E-03   1  99 -12
 111  1   6    1  50  50   0 4.82E+02 5.65E-02 2.00E-03  14  86 -29
 111  1   6    1  50  50   0 6.92E+01 2.86E-01 2.00E-03   1  99 -13
 111  1   6    4  50   0  50 4.77E+02 4.68E-02 2.00E-03  17  83 -31
 111  1   6    1  50  50   0 6.88E+01 3.05E-01 2.00E-03   1  99 -12
 111  1   6    1  50  50   0 4.74E+02 4.90E-02 2.00E-03  17  83 -30
 111  1   6    1  50   0  50 6.70E+01 2.81E-01 2.00E-03   1  99 -13
 111  1   6    3  50   0  50 4.70E+02 5.22E-02 2.00E-03  16  84 -30
 111  1   6    2  50   0  50 6.62E+01 2.57E-01 2.00E-03   1  99 -14
 111  1   6    1  50  50   0 4.65E+02 4.99E-02 2.00E-03  15  85 -30
 111  1   6    1  50  50   0 6.74E+01 2.37E-01 2.00E-03   1  99 -14
 111  1   6    1  50   0  50 4.60E+02 5.15E-02 2.00E-03  15  85 -30
 111  1   6    1  50  50   0 6.46E+01 2.77E-01 2.00E-03   1  99 -13
 111  1   6    1  50   0  50 4.57E+02 5.54E-02 2.00E-03  13  87 -29
 111  1   6    1   0 100   0 6.50E+01 2.97E-01 2.00E-03   1  99 -12
 111  1   6    2  50   0  50 4.53E+02 5.74E-02 2.00E-03  14  86 -29
 111  1   6    1  50   0  50 6.55E+01 3.22E-01 2.00E-03   1  99 -11
 111  1   6    1  50  50   0 4.49E+02 4.83E-02 2.00E-03  17  83 -30
 111  1   6    1   0 100   0 6.26E+01 3.20E-01 1.00E-03   1  99 -11
 111  1   6    1  50   0  50 4.46E+02 5.44E-02 2.00E-03  14  86 -29
 111  1   6    1  50  50   0 6.21E+01 3.22E-01 2.00E-03   1  99 -11
 111  1   6   18   0  33  67 4.43E+02 5.58E-02 3.00E-03  13  87 -29
 111  1   6    1  50  50   0 6.21E+01 3.08E-01 2.00E-03   1  99 -12
 111  1   6    1  50  50   0 4.87E+02 4.92E-02 2.00E-03  15  85 -30
 111  1   6    1  50  50   0 5.99E+01 2.97E-01 2.00E-03   1  99 -12
 111  1   6   17   0  33  67 4.66E+02 5.34E-02 3.00E-03  12  88 -29
 111  1   6    1  50   0  50 6.08E+01 3.13E-01 2.00E-03   1  99 -12
 111  1   6    1  50  50   0 4.51E+02 4.95E-02 2.00E-03  16  84 -30
 111  1   6    1  50  50   0 5.75E+01 2.89E-01 2.00E-03   1  99 -12
 111  1   6    4   0 100   0 4.38E+02 5.05E-02 2.00E-03  15  85 -30
 111  1   6    1  50  50   0 5.86E+01 3.07E-01 2.00E-03   1  99 -12
 111  1   6    1  50  50   0 4.33E+02 5.12E-02 2.00E-03  15  85 -30
 111  1   6    1  50   0  50 5.81E+01 3.16E-01 2.00E-03   1  99 -12
 111  1   6   10  33  33  33 4.28E+02 5.11E-02 3.00E-03  14  86 -30
 111  1   6    1  50  50   0 5.59E+01 3.22E-01 2.00E-03   1  99 -11
 111  1   6    1  50  50   0 4.38E+02 5.00E-02 2.00E-03  16  84 -30
 111  1   6    1  50  50   0 5.37E+01 3.04E-01 2.00E-03   1  99 -12
 111  1   6    7  50   0  50 4.30E+02 4.64E-02 2.00E-03  17  83 -31
 111  1   6    1  50   0  50 5.36E+01 3.15E-01 2.00E-03   1  99 -12
 111  1   6    1  50  50   0 4.24E+02 4.94E-02 2.00E-03  16  84 -30
 111  1   6    1  50  50   0 5.16E+01 2.99E-01 2.00E-03   1  99 -12
 111  1   6    4   0 100   0 4.20E+02 4.75E-02 2.00E-03  16  84 -30
 111  1   6    1  50  50   0 5.30E+01 3.16E-01 2.00E-03   1  99 -12
 111  1   6    1   0 100   0 4.16E+02 4.61E-02 1.00E-03  17  83 -31
 111  1   6    1  50   0  50 5.15E+01 3.14E-01 2.00E-03   1  99 -12
 111  1   6   85   9   9  82 4.13E+02 6.05E-02 1.10E-02  12  88 -28
 111  1   6    2  50  50   0 6.74E+01 3.58E-01 2.00E-03   1  99 -10
 111  1   6    1  50  50   0 6.79E+03 4.85E-03 2.00E-03   9  91 -53
 111  1   6    1   0 100   0 5.99E+01 3.33E-01 1.00E-03   1  99 -11
 111  1   6    9   0  50  50 3.35E+03 7.84E-03 2.00E-03  10  90 -48
 111  1   6    1   0 100   0 5.11E+01 3.36E-01 1.00E-03   1  99 -11
 111  1   6   31  20  20  60 1.76E+03 1.31E-02 5.00E-03  12  88 -43
 111  1   6    1 100   0   0 5.11E+01 3.33E-01 2.00E-03   1  99 -11
 111  1   6    7  67   0  33 1.01E+03 1.97E-02 3.00E-03  18  82 -39
 111  1   6    1 100   0   0 4.76E+01 3.02E-01 2.00E-03   1  99 -12
 111  1   6    1  50   0  50 5.99E+02 3.28E-02 2.00E-03  17  83 -34
 111  1   6    1 100   0   0 4.55E+01 3.02E-01 2.00E-03   1  99 -12
 111  1   6   14  33   0  67 4.68E+02 4.13E-02 3.00E-03  16  84 -32
 111  1   6    1  50  50   0 4.65E+01 3.26E-01 2.00E-03   1  99 -11
 111  1   6    1  50  50   0 4.21E+02 4.46E-02 2.00E-03  18  82 -31
 111  1   6    1  50  50   0 4.47E+01 3.18E-01 2.00E-03   1  99 -11
 111  1   6   28  17  17  67 4.17E+02 4.36E-02 6.00E-03  17  83 -31
 111  1   6    1  50   0  50 4.58E+01 3.25E-01 2.00E-03   1  99 -11
 111  1   6    1  50   0  50 4.21E+02 4.05E-02 2.00E-03  20  80 -32
 111  1   6    1  50  50   0 4.27E+01 3.07E-01 2.00E-03   1  99 -12
 111  1   6   17   0  33  67 4.14E+02 4.40E-02 3.00E-03  17  83 -31
 111  1   6    1  50   0  50 4.38E+01 3.15E-01 2.00E-03   1  99 -12
 111  1   6   40  20  10  70 4.11E+02 4.43E-02 1.00E-02  17  83 -31
 111  1   6    1  50  50   0 4.36E+01 3.07E-01 2.00E-03   1  99 -12
 111  1   6   15  33   0  67 7.14E+02 2.44E-02 3.00E-03  19  81 -37
 111  1   6    1  50  50   0 4.23E+01 3.03E-01 2.00E-03   1  99 -12
 111  1   6    1  50   0  50 4.90E+02 3.47E-02 2.00E-03  20  80 -34
 111  1   6    1  50  50   0 4.04E+01 3.05E-01 2.00E-03   2  98 -12
 111  1   6   27  20  20  60 4.15E+02 4.16E-02 5.00E-03  18  82 -32
 111  1   6    1  50  50   0 4.20E+01 3.17E-01 2.00E-03   1  99 -11
 111  1   6    1  50  50   0 4.52E+02 3.42E-02 2.00E-03  24  76 -34
 111  1   6    1  50   0  50 3.88E+01 2.92E-01 2.00E-03   2  98 -12
 111  1   6    6  50   0  50 4.03E+02 4.03E-02 2.00E-03  22  78 -32
 111  1   6    1 100   0   0 3.89E+01 2.97E-01 2.00E-03   2  98 -12
 111  1   6    1  50  50   0 3.89E+02 4.14E-02 2.00E-03  21  79 -32
 111  1   6    1  50  50   0 3.84E+01 2.91E-01 2.00E-03   2  98 -12
 111  1   6   14  75   0  25 3.84E+02 4.07E-02 4.00E-03  21  79 -32
 111  1   6    1  50  50   0 3.93E+01 3.16E-01 2.00E-03   1  99 -12
 111  1   6    1  50  50   0 3.81E+02 4.17E-02 2.00E-03  21  79 -32
 111  1   6    1  50  50   0 3.70E+01 3.14E-01 2.00E-03   2  98 -12
 111  1   6   32  33  17  50 3.77E+02 4.25E-02 6.00E-03  19  81 -32
 111  1   6    1   0 100   0 3.90E+01 3.21E-01 2.00E-03   1  99 -11
 111  1   6    1  50  50   0 3.94E+02 3.96E-02 2.00E-03  22  78 -32
 111  1   6    1  50  50   0 3.63E+01 3.10E-01 2.00E-03   2  98 -12
 111  1   6   29  20  20  60 3.81E+02 4.24E-02 5.00E-03  17  83 -32
 111  1   6    1  50   0  50 3.84E+01 3.19E-01 2.00E-03   2  98 -11
 111  1   6    1 100   0   0 4.60E+02 3.27E-02 2.00E-03  20  80 -34
 111  1   6    1  50  50   0 3.56E+01 3.14E-01 2.00E-03   2  98 -12
 111  1   6    7  50   0  50 3.87E+02 3.80E-02 2.00E-03  20  80 -33
 111  1   6    1  50  50   0 3.64E+01 3.21E-01 2.00E-03   1  99 -11
 111  1   6    1  50  50   0 3.67E+02 3.96E-02 2.00E-03  20  80 -32
 111  1   6    1  67  33   0 3.40E+01 3.09E-01 3.00E-03   2  98 -12
 111  1   6   12  33  33  33 3.58E+02 4.08E-02 3.00E-03  20  80 -32
 111  1   6    1  50  50   0 3.61E+01 3.19E-01 2.00E-03   1  99 -11
 111  1   6    1  50   0  50 3.59E+02 3.73E-02 2.00E-03  25  75 -33
 111  1   6    1  50  50   0 3.32E+01 3.07E-01 2.00E-03   2  98 -12
 111  1   6    5   0 100   0 3.52E+02 3.80E-02 2.00E-03  24  76 -33
 111  1   6    1  50  50   0 3.38E+01 2.91E-01 2.00E-03   2  98 -12
 111  1   6    2  33  67   0 3.47E+02 4.02E-02 3.00E-03  22  78 -32
 111  1   6    1  50  50   0 3.39E+01 2.92E-01 2.00E-03   1  99 -12
 111  1   6   10  67   0  33 3.44E+02 3.81E-02 3.00E-03  22  78 -33
 111  1   6    1  50  50   0 3.37E+01 3.17E-01 2.00E-03   2  98 -11
 111  1   6    1   0 100   0 3.51E+02 3.69E-02 1.00E-03  23  77 -33
 111  1   6    1  50   0  50 3.13E+01 3.14E-01 2.00E-03   2  98 -12
 111  1   6    8   0  50  50 3.43E+02 3.93E-02 2.00E-03  21  79 -32
 111  1   6    1   0 100   0 3.24E+01 3.13E-01 2.00E-03   2  98 -12
 111  1   6    4  67  33   0 3.38E+02 3.61E-02 3.00E-03  25  75 -33
 111  1   6    1  50  50   0 3.14E+01 3.04E-01 2.00E-03   1  99 -12
 111  1   6    1  50   0  50 3.34E+02 3.79E-02 2.00E-03  23  77 -33
 111  1   6    1   0 100   0 3.10E+01 3.30E-01 1.00E-03   2  98 -11
 111  1   6    7   0  50  50 3.31E+02 3.72E-02 2.00E-03  25  75 -33
 111  1   6    1  50  50   0 3.06E+01 3.23E-01 2.00E-03   2  98 -11
 111  1   6    1  50  50   0 3.29E+02 3.87E-02 2.00E-03  23  77 -33
 111  1   6    1  50  50   0 2.87E+01 3.02E-01 2.00E-03   2  98 -12
 111  1   6    5   0 100   0 3.26E+02 3.58E-02 2.00E-03  26  74 -33
 111  1   6    1  50  50   0 3.00E+01 2.96E-01 2.00E-03   2  98 -12
 111  1   6    1  50  50   0 3.23E+02 3.36E-02 2.00E-03  29  71 -34
 111  1   6    1  50  50   0 2.79E+01 2.95E-01 2.00E-03   3  97 -12
 111  1   6    1  50  50   0 3.21E+02 3.68E-02 2.00E-03  25  75 -33
 111  1   6    1 100   0   0 2.76E+01 2.99E-01 2.00E-03   3  97 -12
 111  1   6    3  50  50   0 3.19E+02 3.78E-02 2.00E-03  24  76 -33
 111  1   6    2  50  50   0 2.73E+01 2.54E-01 2.00E-03   1  99 -14
 111  1   6    1  50  50   0 3.16E+02 3.51E-02 2.00E-03  27  73 -33
 111  1   6    1 100   0   0 2.75E+01 2.77E-01 2.00E-03   2  98 -13
 111  1   6   43   0  17  83 3.13E+02 3.34E-02 6.00E-03  32  68 -34
 111  1   6    1  50  50   0 2.82E+01 2.99E-01 2.00E-03   2  98 -12
 111  1   6    1  50   0  50 5.97E+02 1.91E-02 2.00E-03  29  71 -40
 111  1   6    1  67  33   0 2.64E+01 2.90E-01 3.00E-03   2  98 -12
 111  1   6   20  25   0  75 4.10E+02 3.01E-02 4.00E-03  23  77 -35
 111  1   6    1   0 100   0 2.80E+01 3.01E-01 1.00E-03   2  98 -12
 111  1   6   41  29   0  71 3.53E+02 3.21E-02 7.00E-03  25  75 -34
 111  1   6    1  50  50   0 2.77E+01 3.03E-01 2.00E-03   2  98 -12
 111  1   6   23  40  20  40 5.82E+02 1.92E-02 5.00E-03  24  76 -40
 111  1   6    1  50  50   0 2.71E+01 3.04E-01 2.00E-03   2  98 -12
 111  1   6    2  67  33   0 3.54E+02 3.20E-02 3.00E-03  25  75 -34
 111  1   6    1  50  50   0 2.66E+01 2.88E-01 2.00E-03   1  99 -12
 111  1   6    8  67   0  33 3.11E+02 3.49E-02 3.00E-03  24  76 -34
 111  1   6    1  50  50   0 2.66E+01 3.20E-01 2.00E-03   2  98 -11
 111  1   6    2  50  50   0 2.99E+02 3.66E-02 2.00E-03  24  76 -33
 111  1   6    1  50  50   0 2.60E+01 2.79E-01 2.00E-03   1  99 -13
 111  1   6    5   0 100   0 2.94E+02 3.78E-02 2.00E-03  23  77 -33
 111  1   6    1   0 100   0 2.50E+01 2.96E-01 1.00E-03   2  98 -12
 111  1   6    2   0 100   0 2.91E+02 3.17E-02 2.00E-03  32  68 -35
 111  1   6    1  50   0  50 2.53E+01 2.96E-01 2.00E-03   1  99 -12
 111  1   6    1  50  50   0 2.88E+02 3.67E-02 2.00E-03  24  76 -33
 111  1   6    1   0 100   0 2.40E+01 3.24E-01 2.00E-03   2  98 -11
 111  1   6    4  50   0  50 2.85E+02 3.79E-02 2.00E-03  23  77 -33
 111  1   6    1  67  33   0 2.41E+01 3.27E-01 3.00E-03   2  98 -11
 111  1   6    1   0 100   0 2.82E+02 3.17E-02 2.00E-03  31  69 -35
 111  1   6    1  50  50   0 2.35E+01 3.05E-01 2.00E-03   2  98 -12
 111  1   6    2   0 100   0 2.80E+02 3.14E-02 2.00E-03  32  68 -35
 111  1   6    1  50  50   0 2.39E+01 2.88E-01 2.00E-03   1  99 -12
 111  1   6    2   0 100   0 2.78E+02 3.51E-02 1.00E-03  26  74 -34
 111  1   6    1  50   0  50 2.39E+01 2.90E-01 2.00E-03   1  99 -12
 111  1   6    3  50   0  50 2.74E+02 3.33E-02 2.00E-03  29  71 -34
 111  1   6    1   0 100   0 2.47E+01 3.09E-01 2.00E-03   2  98 -12
 111  1   6    1  50   0  50 2.73E+02 4.04E-02 2.00E-03  21  79 -32
 111  1   6    1   0 100   0 2.24E+01 2.86E-01 1.00E-03   1  99 -13
 111  1   6    2   0 100   0 2.71E+02 3.32E-02 2.00E-03  29  71 -34
 111  1   6    1  50  50   0 2.38E+01 2.95E-01 2.00E-03   1  99 -12
 111  1   6    3  50   0  50 2.67E+02 3.49E-02 2.00E-03  28  72 -34
 111  1   6    1   0 100   0 2.45E+01 3.06E-01 2.00E-03   2  98 -12
 111  1   6    1 100   0   0 2.66E+02 4.10E-02 2.00E-03  20  80 -32
 111  1   6    1  50  50   0 2.22E+01 2.91E-01 2.00E-03   1  99 -12
 111  1   6    2   0 100   0 2.64E+02 3.41E-02 2.00E-03  28  72 -34
 111  1   6    1  50  50   0 2.34E+01 3.02E-01 2.00E-03   1  99 -12
 111  1   6    3  50   0  50 2.60E+02 3.47E-02 2.00E-03  28  72 -34
 111  1   6    1   0 100   0 2.39E+01 3.09E-01 1.00E-03   2  98 -12
 111  1   6    1  50  50   0 2.59E+02 4.15E-02 2.00E-03  20  80 -32
 111  1   6    1  50  50   0 2.19E+01 2.89E-01 2.00E-03   1  99 -12
 111  1   6    2  50  50   0 2.56E+02 3.51E-02 2.00E-03  27  73 -33
 111  1   6    1  50  50   0 2.36E+01 3.32E-01 2.00E-03   2  98 -11
 111  1   6    1  50  50   0 2.54E+02 4.27E-02 2.00E-03  19  81 -32
 111  1   6    2  50  50   0 2.22E+01 3.00E-01 2.00E-03   2  98 -12
 111  1   6    3  50  50   0 2.51E+02 3.72E-02 2.00E-03  24  76 -33
 111  1   6    1  50  50   0 2.32E+01 3.19E-01 2.00E-03   1  99 -11
 111  1   6    1 100   0   0 2.50E+02 3.90E-02 2.00E-03  22  78 -32
 111  1   6    1  50  50   0 2.11E+01 3.07E-01 2.00E-03   1  99 -12
 111  1   6    2  50   0  50 2.47E+02 3.66E-02 2.00E-03  26  74 -33
 111  1   6    1  50  50   0 2.31E+01 3.37E-01 2.00E-03   2  98 -11
 111  1   6    1  50  50   0 2.45E+02 4.37E-02 2.00E-03  19  81 -31
 111  1   6   25   0  50  50 2.17E+01 3.20E-01 4.00E-03   4  96 -11
 111  1   6   25  20  40  40 2.42E+02 4.22E-02 5.00E-03  20  80 -32
 111  1   6    1   0 100   0 2.25E+01 3.17E-01 2.00E-03   2  98 -11
 111  1   6    1   0 100   0 3.85E+02 3.06E-02 2.00E-03  18  82 -35
 111  1   6    1   0 100   0 2.25E+01 2.96E-01 2.00E-03   2  98 -12
 111  1   6   11  33   0  67 2.87E+02 3.77E-02 3.00E-03  19  81 -33
 111  1   6    1   0 100   0 2.26E+01 3.14E-01 1.00E-03   1  99 -12
 111  1   6   25  40   0  60 2.53E+02 4.04E-02 5.00E-03  20  80 -32
 111  1   6    1  50  50   0 2.25E+01 3.04E-01 2.00E-03   2  98 -12
 111  1   6    6  33  33  33 3.53E+02 2.59E-02 3.00E-03  25  75 -37
 111  1   6    1  50   0  50 2.12E+01 2.96E-01 2.00E-03   2  98 -12
 111  1   6    1   0 100   0 2.63E+02 4.53E-02 1.00E-03  16  84 -31
 111  1   6    1  50   0  50 2.17E+01 3.06E-01 2.00E-03   1  99 -12
 111  1   6   12  33   0  67 2.37E+02 4.22E-02 3.00E-03  19  81 -32
 111  1   6    1   0 100   0 2.09E+01 3.33E-01 2.00E-03   2  98 -11
 111  1   6    1  50  50   0 2.33E+02 4.47E-02 2.00E-03  20  80 -31
 111  1   6    1  50  50   0 2.10E+01 3.07E-01 2.00E-03   2  98 -12
 111  1   6    8  33  33  33 2.27E+02 4.25E-02 3.00E-03  21  79 -32
 111  1   6    1  50  50   0 2.07E+01 3.26E-01 2.00E-03   2  98 -11
 111  1   6    1  50  50   0 2.24E+02 4.93E-02 2.00E-03  17  83 -30
 111  1   6    1  50  50   0 2.11E+01 3.22E-01 2.00E-03   1  99 -11
 111  1   6   13  50  25  25 2.21E+02 4.67E-02 4.00E-03  16  84 -31
 111  1   6    1  50   0  50 2.11E+01 3.37E-01 2.00E-03   2  98 -11
 111  1   6    1   0 100   0 2.23E+02 4.80E-02 2.00E-03  17  83 -30
 111  1   6    1  50  50   0 2.05E+01 3.22E-01 2.00E-03   2  98 -11
 111  1   6   10  33  33  33 2.18E+02 4.42E-02 3.00E-03  19  81 -31
 111  1   6    1  50   0  50 2.03E+01 3.19E-01 2.00E-03   1  99 -11
 111  1   6    1   0 100   0 2.15E+02 5.01E-02 2.00E-03  16  84 -30
 111  1   6    1  50  50   0 2.05E+01 3.23E-01 2.00E-03   2  98 -11
 111  1   6    8  67  33   0 2.12E+02 4.62E-02 3.00E-03  17  83 -31
 111  1   6    1  50  50   0 1.98E+01 3.45E-01 2.00E-03   2  98 -11
 111  1   6    1  50  50   0 2.11E+02 5.14E-02 2.00E-03  15  85 -30
 111  1   6    1   0 100   0 2.06E+01 3.27E-01 2.00E-03   1  99 -11
 111  1   6    6  67   0  33 2.07E+02 4.65E-02 3.00E-03  17  83 -31
 111  1   6    1  50  50   0 2.05E+01 3.27E-01 2.00E-03   1  99 -11
 111  1   6    1  50  50   0 2.05E+02 5.13E-02 2.00E-03  15  85 -30
 111  1   6    1   0 100   0 2.02E+01 3.21E-01 1.00E-03   1  99 -11
 111  1   6    2   0 100   0 2.02E+02 4.60E-02 2.00E-03  19  81 -31
 111  1   6    1  50   0  50 2.04E+01 3.59E-01 2.00E-03   1  99 -10
 111  1   6    1  50  50   0 2.01E+02 4.85E-02 2.00E-03  17  83 -30
 111  1   6   23  25   0  75 1.95E+01 3.27E-01 4.00E-03   3  97 -11
 111  1   6   22   0  50  50 1.99E+02 4.53E-02 4.00E-03  20  80 -31
 111  1   6    1  50   0  50 1.93E+01 3.30E-01 2.00E-03   2  98 -11
 111  1   6    1  50  50   0 2.76E+02 3.82E-02 2.00E-03  18  82 -33
 111  1   6    1  50  50   0 1.98E+01 3.02E-01 2.00E-03   2  98 -12
 111  1   6   15  50   0  50 2.23E+02 4.56E-02 4.00E-03  15  85 -31
 111  1   6    1   0 100   0 1.93E+01 3.35E-01 2.00E-03   2  98 -11
 111  1   6    1   0 100   0 2.06E+02 4.84E-02 1.00E-03  17  83 -30
 111  1   6    1   0 100   0 1.95E+01 3.19E-01 2.00E-03   2  98 -11
 111  1   6   12  75   0  25 1.97E+02 4.64E-02 4.00E-03  17  83 -31
 111  1   6    1  50  50   0 1.87E+01 3.28E-01 2.00E-03   2  98 -11
 111  1   6    1   0 100   0 1.97E+02 5.02E-02 1.00E-03  17  83 -30
 111  1   6    1   0 100   0 1.91E+01 3.16E-01 2.00E-03   2  98 -12
 111  1   6   26  20  20  60 1.91E+02 4.57E-02 5.00E-03  17  83 -31
 111  1   6    1  50  50   0 1.87E+01 3.18E-01 2.00E-03   1  99 -11
 111  1   6    1   0 100   0 2.95E+02 3.15E-02 1.00E-03  17  83 -35
 111  1   6    1   0 100   0 1.85E+01 3.11E-01 2.00E-03   2  98 -12
 111  1   6   15   0  33  67 2.19E+02 3.69E-02 3.00E-03  20  80 -33
 111  1   6    1   0 100   0 1.80E+01 3.08E-01 2.00E-03   2  98 -12
 111  1   6    1  50   0  50 1.97E+02 4.52E-02 2.00E-03  19  81 -31
 111  1   6    1  50  50   0 1.82E+01 2.94E-01 2.00E-03   2  98 -12
 111  1   6   26  40   0  60 1.87E+02 4.26E-02 5.00E-03  20  80 -32
 111  1   6    1  50  50   0 1.79E+01 3.05E-01 2.00E-03   1  99 -12
 111  1   6    1  50  50   0 2.56E+02 3.46E-02 2.00E-03  19  81 -34
 111  1   6    1  33  67   0 1.81E+01 2.93E-01 3.00E-03   2  98 -12
 111  1   6    5  67   0  33 2.01E+02 3.96E-02 3.00E-03  21  79 -32
 111  1   6    1  50  50   0 1.69E+01 3.01E-01 2.00E-03   1  99 -12
 111  1   6    1   0 100   0 1.84E+02 4.73E-02 1.00E-03  19  81 -31
 111  1   6    1  50  50   0 1.76E+01 2.87E-01 2.00E-03   2  98 -12
 111  1   6   24  25   0  75 1.78E+02 4.22E-02 4.00E-03  21  79 -32
 111  1   6    1  50  50   0 1.76E+01 2.95E-01 2.00E-03   1  99 -12
 111  1   6    1 100   0   0 1.97E+02 4.10E-02 2.00E-03  21  79 -32
 111  1   6    1 100   0   0 1.74E+01 2.78E-01 2.00E-03   2  98 -13
