        5224           1           2
 011  1   5  135  11   5  84 1.49E+04 9.57E-01 8.10E-02   9  91   0
 011  1   4  135   6   5  89 1.50E+04 9.99E-01 6.50E-02  11  89   0
 111  1   4  135   6   3  91 3.45E+05 4.16E-02 6.50E-02  13  87 -32
 011  1   5  123   7   5  88 2.03E+04 9.69E-01 5.90E-02  16  84   0
 111  1   4  132   8   3  89 1.78E+06 1.18E-02 6.30E-02  97   3 -44
 011  1   5   53  16  10  74 2.35E+04 4.70E-01 3.10E-02  83  17  -8
 111  1   4   54  19   6  74 4.17E+05 3.36E-02 3.10E-02  43  57 -34
 111  1   6    2  50  40  10 1.37E+04 2.42E-01 1.00E-02   3  97 -14
 111  1   5   73  12   8  80 7.30E+05 8.99E-03 4.00E-02   2  98 -47
 011  1   5  135   6   6  87 7.26E+03 8.96E-01 6.40E-02  30  70  -1
 111  1   6   11  38  23  38 1.15E+05 2.96E-02 1.30E-02   5  95 -35
 011  1   5  134   9   5  86 4.41E+03 9.00E-01 6.50E-02  26  74  -1
 111  1   5   39  20  12  68 1.31E+05 1.98E-02 2.50E-02   5  95 -39
 011  1   6  113   7   5  88 3.11E+03 4.71E-01 5.60E-02   6  94  -8
 111  1   4   35  25   8  67 4.38E+05 1.29E-02 2.40E-02  85  15 -44
 111  1   6    2  50  40  10 5.98E+03 1.48E-01 1.00E-02   3  97 -19
 111  1   5   52  17  10  73 1.58E+05 1.07E-02 3.00E-02   2  98 -45
 111  1   6    2  44  44  11 2.26E+03 3.68E-01 9.00E-03   1  99 -10
 111  1   6    2  58  33   8 2.06E+05 6.61E-03 1.20E-02   4  96 -50
 011  1   5   78  12   7  80 1.50E+03 8.38E-01 4.10E-02  34  66  -2
 111  1   6   22  33  17  50 9.30E+04 9.06E-03 1.80E-02   3  97 -47
 011  1   5  129   7   7  87 9.53E+02 9.17E-01 6.10E-02  21  79  -1
 111  1   6   11  38  23  38 2.60E+04 2.05E-02 1.30E-02   6  94 -39
 011  1   5  133   8   5  88 6.28E+02 9.31E-01 6.50E-02  26  74  -1
 111  1   4   10  37  25  37 3.09E+04 2.64E-02 1.60E-02  78  22 -36
 011  1   5  118   7   5  88 8.79E+02 9.05E-01 5.70E-02  83  17  -1
 111  1   5   81  12   7  81 2.70E+04 9.95E-03 4.30E-02  14  86 -46
 111  1   6    2  67  22  11 4.21E+02 3.39E-01 9.00E-03   2  98 -11
 111  1   6    5  45  36  18 2.17E+04 1.12E-02 1.10E-02  15  85 -45
 111  1   6    1  38  50  12 3.74E+02 3.10E-01 8.00E-03   2  98 -12
 111  1   6   75  10  10  80 1.07E+04 1.70E-02 4.00E-02  21  79 -41
 111  1   6    2  56  33  11 3.65E+02 2.73E-01 9.00E-03   2  98 -13
 111  1   6    1  56  33  11 2.35E+04 8.97E-03 9.00E-03  17  83 -47
 111  1   6    2  44  44  11 3.28E+02 2.93E-01 9.00E-03   2  98 -12
 111  1   6   12  31  31  38 1.18E+04 1.60E-02 1.30E-02  17  83 -41
 111  1   6    2  44  44  11 3.39E+02 2.44E-01 9.00E-03   2  98 -14
 111  1   6    2  56  33  11 7.14E+03 2.46E-02 9.00E-03  19  81 -37
 111  1   6   31  14  19  67 3.05E+02 3.13E-01 2.10E-02   5  95 -12
 111  1   6    2  50  40  10 5.15E+03 3.03E-02 1.00E-02  22  78 -35
 011  1   5  134   6   5  89 2.87E+02 7.42E-01 6.40E-02  56  44  -3
 111  1   6   12  31  31  38 1.26E+04 1.04E-02 1.30E-02  31  69 -46
 111  1   6    2  44  44  11 2.64E+02 2.56E-01 9.00E-03   3  97 -14
 111  1   6    1  56  44   0 7.23E+03 2.15E-02 9.00E-03  22  78 -38
 111  1   6    2  56  33  11 2.71E+02 2.70E-01 9.00E-03   2  98 -13
 111  1   6   27  21  17  62 4.59E+03 3.24E-02 2.40E-02  20  80 -34
 111  1   6    2  50  40  10 2.83E+02 2.51E-01 1.00E-02   2  98 -14
 111  1   6    2  44  44  11 3.64E+03 3.81E-02 9.00E-03  22  78 -33
 111  1   6   11  33  25  42 2.49E+02 2.79E-01 1.20E-02   3  97 -13
 111  1   6    2  44  44  11 3.45E+03 3.74E-02 9.00E-03  25  75 -33
 011  1   5   65  13   8  79 2.36E+02 5.40E-01 3.80E-02  66  34  -6
 111  1   6    7  50  25  25 5.37E+03 2.10E-02 1.20E-02  30  70 -39
 111  1   6    2  44  44  11 2.30E+02 2.19E-01 9.00E-03   2  98 -15
 111  1   6    1  56  33  11 3.76E+03 3.48E-02 9.00E-03  22  78 -34
 111  1   6    2  60  30  10 2.32E+02 2.74E-01 1.00E-02   2  98 -13
 111  1   6    2  44  44  11 3.36E+03 3.54E-02 9.00E-03  25  75 -33
 111  1   6   19  25  25  50 2.22E+02 2.77E-01 1.60E-02   4  96 -13
 111  1   6    2  50  40  10 3.30E+03 2.99E-02 1.00E-02  33  67 -35
 111  1   6    2  42  42  17 2.11E+02 2.59E-01 1.20E-02   3  97 -14
 111  1   6   13  29  29  43 3.26E+03 3.31E-02 1.40E-02  30  70 -34
 111  1   6    2  44  44  11 2.23E+02 2.12E-01 9.00E-03   2  98 -16
 111  1   6    2  67  33   0 3.28E+03 3.17E-02 9.00E-03  32  68 -35
 111  1   6   13  29  29  43 2.09E+02 2.68E-01 1.40E-02   4  96 -13
 111  1   6    2  44  44  11 3.26E+03 2.80E-02 9.00E-03  39  61 -36
 111  1   6    1  37  50  12 2.01E+02 2.65E-01 8.00E-03   3  97 -13
 111  1   6    2  44  44  11 3.27E+03 3.26E-02 9.00E-03  29  71 -34
 111  1   6    4  40  40  20 2.01E+02 2.15E-01 1.00E-02   2  98 -15
 111  1   6    2  50  33  17 3.28E+03 2.56E-02 1.20E-02  44  56 -37
 111  1   6    2  55  36   9 1.91E+02 2.51E-01 1.10E-02   3  97 -14
 111  1   5    2  67  22  11 3.30E+03 3.30E-02 9.00E-03  27  73 -34
 111  1   6   25  26  21  53 2.00E+02 2.41E-01 1.90E-02   4  96 -14
 111  1   4    2  50  38  12 3.36E+03 5.52E-02 8.00E-03  85  15 -29
 111  1   6    2  50  40  10 2.39E+02 1.79E-01 1.00E-02   5  95 -17
 111  1   4    2  67  22  11 3.35E+03 5.43E-02 9.00E-03  76  24 -29
 111  1   6    2  56  33  11 2.33E+02 2.19E-01 9.00E-03   4  96 -15
 111  1   4    3  60  30  10 3.36E+03 5.26E-02 1.00E-02  76  24 -29
 111  1   6   32  22  17  61 2.21E+02 2.07E-01 2.30E-02  11  89 -16
 111  1   4    1  62  25  13 3.55E+03 6.41E-02 8.00E-03  87  13 -27
 111  1   6    1  67  33   0 2.68E+02 1.67E-01 9.00E-03   5  95 -18
 111  1   4    2  50  38  12 3.43E+03 5.70E-02 8.00E-03  78  22 -29
 111  1   6    4  40  40  20 2.38E+02 1.75E-01 1.00E-02   4  96 -17
 111  1   4    2  64  27   9 3.40E+03 5.10E-02 1.10E-02  84  16 -30
 111  1   6    2  67  33   0 2.21E+02 1.99E-01 9.00E-03   5  95 -16
 111  1   4    2  62  25  13 3.42E+03 5.35E-02 8.00E-03  73  27 -29
 111  1   6    8  27  36  36 2.27E+02 2.03E-01 1.10E-02   5  95 -16
 111  1   4    2  62  25  12 3.42E+03 5.12E-02 8.00E-03  78  22 -30
 111  1   6    2  50  40  10 2.22E+02 1.99E-01 1.00E-02   4  96 -16
 111  1   4    3  56  22  22 3.44E+03 5.07E-02 9.00E-03  79  21 -30
 111  1   6    8  33  33  33 2.17E+02 1.93E-01 1.50E-02   6  94 -16
 111  1   4    1  62  25  13 3.44E+03 5.14E-02 8.00E-03  77  23 -30
 111  1   6    2  44  44  11 2.24E+02 1.71E-01 9.00E-03   5  95 -18
 111  1   4    2  56  33  11 3.46E+03 5.20E-02 9.00E-03  74  26 -30
 111  1   6    4  45  36  18 2.22E+02 1.74E-01 1.10E-02   5  95 -17
 111  1   4    2  63  25  12 3.46E+03 4.93E-02 8.00E-03  83  17 -30
 111  1   6    5  40  40  20 2.18E+02 1.84E-01 1.00E-02   6  94 -17
 111  1   4    2  50  30  20 3.47E+03 4.85E-02 1.00E-02  86  14 -30
 111  1   6    1  56  44   0 2.18E+02 1.83E-01 9.00E-03   5  95 -17
 111  1   4    2  50  37  13 3.48E+03 5.13E-02 8.00E-03  77  23 -30
 111  1   6   26  20  20  60 2.20E+02 2.01E-01 2.00E-02  11  89 -16
 111  1   4    2  50  38  12 3.67E+03 6.09E-02 8.00E-03  87  13 -28
 111  1   6    3  60  30  10 2.55E+02 1.57E-01 1.00E-02   7  93 -18
 111  1   4    2  63  25  12 3.56E+03 5.45E-02 8.00E-03  81  19 -29
 111  1   6    8  44  25  31 2.34E+02 1.51E-01 1.60E-02   7  93 -19
 111  1   4    2  50  38  12 3.52E+03 5.10E-02 8.00E-03  81  19 -30
 111  1   6   26  21  16  63 2.24E+02 1.91E-01 1.90E-02  11  89 -17
 111  1   4    2  50  37  13 3.67E+03 5.81E-02 8.00E-03  89  11 -28
 111  1   6    2  50  40  10 2.53E+02 1.36E-01 1.00E-02   6  94 -20
 111  1   4    2  63  25  12 3.55E+03 5.30E-02 8.00E-03  80  20 -29
 111  1   6    4  50  30  20 2.27E+02 1.69E-01 1.00E-02   6  94 -18
 111  1   4    2  67  22  11 3.52E+03 4.95E-02 9.00E-03  84  16 -30
 111  1   6   22  26  21  53 2.16E+02 1.81E-01 1.90E-02  11  89 -17
 111  1   4    2  50  38  12 3.52E+03 5.02E-02 8.00E-03  85  15 -30
 111  1   6    2  56  33  11 2.17E+02 1.67E-01 9.00E-03   6  94 -18
 111  1   4    2  63  25  12 3.52E+03 5.19E-02 8.00E-03  77  23 -30
 111  1   6    4  45  36  18 2.20E+02 1.96E-01 1.10E-02   5  95 -16
 111  1   4    2  62  25  12 3.51E+03 4.90E-02 8.00E-03  85  15 -30
 111  1   6    8  36  27  36 2.12E+02 1.80E-01 1.10E-02   6  94 -17
 111  1   4    2  50  40  10 3.51E+03 4.94E-02 1.00E-02  83  17 -30
 111  1   6    2  56  33  11 2.14E+02 1.78E-01 9.00E-03   5  95 -17
 111  1   4    2  50  38  12 3.51E+03 4.99E-02 8.00E-03  80  20 -30
 111  1   6   18  27  20  53 2.15E+02 2.01E-01 1.50E-02   8  92 -16
 111  1   4    2  75  25   0 3.53E+03 4.80E-02 8.00E-03  86  14 -30
 111  1   6    2  50  40  10 2.10E+02 1.62E-01 1.00E-02   6  94 -18
 111  1   4    2  50  37  13 3.52E+03 4.90E-02 8.00E-03  80  20 -30
 111  1   6   12  31  31  37 2.11E+02 1.88E-01 1.60E-02   8  92 -17
 111  1   4    2  50  38  12 3.52E+03 4.79E-02 8.00E-03  87  13 -30
 111  1   6    2  67  22  11 2.09E+02 1.84E-01 9.00E-03   5  95 -17
 111  1   4    2  67  22  11 3.52E+03 4.94E-02 9.00E-03  81  19 -30
 111  1   6   15  36  21  43 2.12E+02 1.90E-01 1.40E-02   6  94 -17
 111  1   4    2  50  38  12 3.52E+03 4.79E-02 8.00E-03  88  12 -30
 111  1   6    2  44  44  11 2.09E+02 1.74E-01 9.00E-03   5  95 -17
 111  1   4    2  63  25  12 3.52E+03 4.86E-02 8.00E-03  85  15 -30
 111  1   6    5  30  40  30 2.10E+02 1.74E-01 1.00E-02   6  94 -17
 111  1   4    1  43  57   0 3.52E+03 4.96E-02 7.00E-03  81  19 -30
 111  1   6   13  40  20  40 2.10E+02 1.67E-01 1.50E-02   9  91 -18
 111  1   4    2  50  38  12 3.53E+03 4.85E-02 8.00E-03  89  11 -30
 111  1   6    2  50  40  10 2.11E+02 1.46E-01 1.00E-02   6  94 -19
 111  1   4    2  50  37  13 3.53E+03 4.87E-02 8.00E-03  85  15 -30
 111  1   6    3  40  40  20 2.11E+02 1.80E-01 1.00E-02   5  95 -17
 111  1   4    2  50  37  13 3.53E+03 4.79E-02 8.00E-03  88  12 -30
 111  1   6   13  29  29  43 2.08E+02 1.69E-01 1.40E-02   6  94 -18
 111  1   4    1  71  29   0 3.52E+03 4.99E-02 7.00E-03  81  19 -30
 111  1   6    2  56  33  11 2.13E+02 1.60E-01 9.00E-03   5  95 -18
 111  1   4    2  50  38  12 3.53E+03 4.85E-02 8.00E-03  86  14 -30
 111  1   6    3  30  50  20 2.12E+02 1.79E-01 1.00E-02   5  95 -17
 111  1   4    1  43  57   0 3.53E+03 4.91E-02 7.00E-03  83  17 -30
 111  1   6    4  40  40  20 2.11E+02 1.72E-01 1.00E-02   6  94 -18
 111  1   4    1  62  25  12 3.53E+03 4.96E-02 8.00E-03  82  18 -30
 111  1   6    2  50  40  10 2.12E+02 1.76E-01 1.00E-02   5  95 -17
 111  1   4    2  50  37  13 3.53E+03 4.95E-02 8.00E-03  83  17 -30
 111  1   6   13  29  29  43 2.12E+02 1.92E-01 1.40E-02   6  94 -16
 111  1   4    1  63  25  12 3.52E+03 4.95E-02 8.00E-03  83  17 -30
 111  1   6    2  44  33  22 2.13E+02 1.70E-01 9.00E-03   5  95 -18
 111  1   4    1  80  20   0 3.52E+03 5.14E-02 1.00E-02  78  22 -30
 111  1   6    3  50  40  10 2.17E+02 1.88E-01 1.00E-02   4  96 -17
 111  1   4    2  62  25  12 3.52E+03 4.91E-02 8.00E-03  86  14 -30
 011  1   5  112  11   5  84 2.12E+02 4.39E-01 5.60E-02  83  17  -8
 111  1   4    2  50  38  12 3.91E+03 6.63E-02 8.00E-03  95   5 -27
 111  1   6    1  44  44  11 2.89E+02 1.40E-01 9.00E-03   6  94 -20
 111  1   4    2  50  38  12 3.66E+03 5.64E-02 8.00E-03  89  11 -29
 111  1   6   72  13   7  80 2.34E+02 1.65E-01 4.00E-02  16  84 -18
 111  1   4    1  50  38  12 4.90E+03 7.63E-02 8.00E-03  96   4 -26
 111  1   6    1  67  33   0 3.92E+02 1.08E-01 9.00E-03   6  94 -22
 111  1   4    2  50  37  13 3.91E+03 6.79E-02 8.00E-03  91   9 -27
 111  1   6   20  28  22  50 2.88E+02 1.51E-01 1.80E-02   9  91 -19
 111  1   4    1  50  38  12 3.67E+03 6.09E-02 8.00E-03  88  12 -28
 111  1   6    2  44  44  11 2.60E+02 1.61E-01 9.00E-03   5  95 -18
 111  1   4    2  64  27   9 3.55E+03 5.35E-02 1.10E-02  85  15 -29
 111  1   6   31  18  18  64 2.24E+02 1.83E-01 2.20E-02  12  88 -17
 111  1   4    1  71  29   0 3.74E+03 6.34E-02 7.00E-03  90  10 -28
 111  1   6    1  44  44  11 2.75E+02 1.57E-01 9.00E-03   5  95 -19
 111  1   4    2  67  22  11 3.58E+03 5.43E-02 9.00E-03  86  14 -29
 111  1   6    3  44  44  11 2.33E+02 1.82E-01 9.00E-03   6  94 -17
 111  1   4    2  50  37  13 3.54E+03 5.05E-02 8.00E-03  90  10 -30
 111  1   6   15  28  28  44 2.25E+02 1.87E-01 1.80E-02   9  91 -17
 111  1   4    2  50  37  12 3.53E+03 5.02E-02 8.00E-03  89  11 -30
 111  1   6    1  56  44   0 2.24E+02 1.83E-01 9.00E-03   5  95 -17
 111  1   4    2  62  25  12 3.53E+03 5.20E-02 8.00E-03  81  19 -30
 111  1   6   11  46  23  31 2.27E+02 1.92E-01 1.30E-02   7  93 -17
 111  1   4    1  50  38  12 3.52E+03 5.16E-02 8.00E-03  82  18 -30
 111  1   6    2  56  33  11 2.32E+02 1.85E-01 9.00E-03   5  95 -17
 111  1   4    2  55  36   9 3.51E+03 5.04E-02 1.10E-02  85  15 -30
 111  1   6    2  50  40  10 2.31E+02 2.01E-01 1.00E-02   5  95 -16
 111  1   4    2  71  29   0 3.51E+03 4.99E-02 7.00E-03  86  14 -30
 111  1   6    2  50  40  10 2.37E+02 2.13E-01 1.00E-02   5  95 -15
 111  1   4    2  63  25  12 3.51E+03 4.99E-02 8.00E-03  85  15 -30
 111  1   6    2  50  40  10 2.43E+02 2.20E-01 1.00E-02   5  95 -15
 111  1   4    2  50  38  12 3.51E+03 5.01E-02 8.00E-03  84  16 -30
 111  1   6    2  55  36   9 2.49E+02 2.32E-01 1.10E-02   5  95 -15
 111  1   4    2  67  22  11 3.51E+03 5.06E-02 9.00E-03  82  18 -30
 111  1   6   28  24  19  57 2.56E+02 2.11E-01 2.10E-02  10  90 -16
 111  1   4    1  50  38  12 3.77E+03 6.31E-02 8.00E-03  87  13 -28
 111  1   6    1  56  44   0 2.99E+02 1.79E-01 9.00E-03   4  96 -17
 111  1   4    2  62  25  12 3.58E+03 5.62E-02 8.00E-03  81  19 -29
 111  1   6    1  44  44  11 2.89E+02 2.21E-01 9.00E-03   4  96 -15
 111  1   4   22  26  16  58 3.54E+03 5.66E-02 1.90E-02  79  21 -29
 111  1   6    1  56  33  11 2.78E+02 2.28E-01 9.00E-03   4  96 -15
 111  1   4    2  62  25  13 3.57E+03 5.65E-02 8.00E-03  84  16 -29
 111  1   6    1  56  44   0 3.00E+02 2.10E-01 9.00E-03   4  96 -16
 111  1   4    2  50  37  12 3.52E+03 5.41E-02 8.00E-03  76  24 -29
 111  1   6    1  38  50  12 2.86E+02 2.45E-01 8.00E-03   4  96 -14
 111  1   4    9  50  17  33 3.49E+03 5.42E-02 1.20E-02  75  25 -29
 111  1   6    1  56  44   0 2.91E+02 2.39E-01 9.00E-03   4  96 -14
 111  1   4    2  63  25  12 3.50E+03 5.42E-02 8.00E-03  76  24 -29
 111  1   6    1  56  33  11 3.03E+02 2.32E-01 9.00E-03   4  96 -15
 111  1   4    4  44  33  22 3.48E+03 5.35E-02 9.00E-03  76  24 -29
 111  1   6    1  67  33   0 2.95E+02 2.28E-01 9.00E-03   4  96 -15
 111  1   4    1  62  38   0 3.46E+03 5.29E-02 8.00E-03  77  23 -29
 111  1   6    1  50  38  12 3.04E+02 2.37E-01 8.00E-03   4  96 -14
 111  1   4    2  62  25  13 3.45E+03 5.28E-02 8.00E-03  77  23 -29
 111  1   6    1  50  42   8 3.05E+02 2.51E-01 1.20E-02   4  96 -14
 111  1   4    1  63  25  12 3.44E+03 5.49E-02 8.00E-03  70  30 -29
 111  1   6   22  25  20  55 3.05E+02 2.69E-01 2.00E-02   5  95 -13
 111  1   4    2  50  38  12 3.62E+03 6.38E-02 8.00E-03  86  14 -28
 111  1   6    1  63  37   0 3.39E+02 2.13E-01 8.00E-03   4  96 -15
 111  1   4    2  50  38  12 3.47E+03 5.82E-02 8.00E-03  73  27 -28
 111  1   6    1  67  33   0 3.11E+02 2.40E-01 9.00E-03   4  96 -14
 111  1   4   13  33  22  44 3.42E+03 5.60E-02 1.80E-02  75  25 -29
 111  1   6    2  50  40  10 2.93E+02 2.09E-01 1.00E-02   4  96 -16
 111  1   4    1  71  29   0 3.44E+03 5.65E-02 7.00E-03  76  24 -29
 111  1   6    1  56  44   0 3.07E+02 2.14E-01 9.00E-03   4  96 -15
 111  1   4    2  62  25  12 3.40E+03 5.40E-02 8.00E-03  76  24 -29
 111  1   6    1  56  44   0 3.02E+02 2.52E-01 9.00E-03   4  96 -14
 111  1   4    6  40  30  30 3.37E+03 5.50E-02 1.00E-02  74  26 -29
 111  1   6    1  50  40  10 3.01E+02 2.57E-01 1.00E-02   4  96 -14
 111  1   4    2  50  38  12 3.36E+03 5.25E-02 8.00E-03  78  22 -29
 111  1   6    1  67  33   0 3.03E+02 2.41E-01 9.00E-03   4  96 -14
 111  1   4    2  50  38  12 3.34E+03 5.50E-02 8.00E-03  69  31 -29
 111  1   6    1  50  50   0 3.07E+02 2.60E-01 8.00E-03   4  96 -13
 111  1   4   14  29  21  50 3.33E+03 5.87E-02 1.40E-02  72  28 -28
 111  1   6    1  38  50  13 3.10E+02 2.68E-01 8.00E-03   4  96 -13
 111  1   4    1  62  25  12 3.38E+03 5.89E-02 8.00E-03  72  28 -28
 111  1   6    1  44  56   0 3.15E+02 2.54E-01 9.00E-03   4  96 -14
 111  1   4    2  50  37  13 3.34E+03 5.77E-02 8.00E-03  67  33 -29
 111  1   6    1  37  50  12 3.35E+02 2.64E-01 8.00E-03   3  97 -13
 111  1   4    9  45  18  36 3.32E+03 5.82E-02 1.10E-02  71  29 -28
 111  1   6    1  50  38  12 3.19E+02 2.75E-01 8.00E-03   4  96 -13
 111  1   4    2  62  25  12 3.33E+03 5.70E-02 8.00E-03  71  29 -29
 111  1   6    1  67  33   0 3.40E+02 2.49E-01 9.00E-03   3  97 -14
 111  1   4    7  45  27  27 3.31E+03 5.84E-02 1.10E-02  70  30 -28
 111  1   6    1  44  44  11 3.21E+02 2.74E-01 9.00E-03   4  96 -13
 111  1   4    2  63  25  12 3.31E+03 5.70E-02 8.00E-03  76  24 -29
 111  1   6    1  44  44  11 3.40E+02 2.49E-01 9.00E-03   3  97 -14
 111  1   5    2  62  25  13 3.29E+03 3.70E-02 8.00E-03  18  82 -33
 111  1   6    1  50  40  10 3.43E+02 2.62E-01 1.00E-02   2  98 -13
 111  1   5    5  60  20  20 3.28E+03 3.49E-02 1.00E-02  20  80 -34
 111  1   6    1  50  42   8 3.40E+02 2.60E-01 1.20E-02   3  97 -13
 111  1   5    1  67  33   0 3.27E+03 3.63E-02 9.00E-03  19  81 -33
 111  1   6    1  56  44   0 3.29E+02 2.57E-01 9.00E-03   4  96 -14
 111  1   5    2  56  33  11 3.26E+03 3.54E-02 9.00E-03  20  80 -33
 111  1   6    1  67  33   0 3.56E+02 2.61E-01 9.00E-03   2  98 -13
 111  1   6    2  44  44  11 3.25E+03 4.07E-02 9.00E-03  16  84 -32
 111  1   6    1  44  44  11 3.57E+02 2.71E-01 9.00E-03   2  98 -13
 111  1   6    4  45  36  18 3.24E+03 3.60E-02 1.10E-02  21  79 -33
 111  1   6    2  44  44  11 3.24E+02 2.32E-01 9.00E-03   2  98 -15
 111  1   6    1  67  33   0 3.23E+03 3.60E-02 9.00E-03  21  79 -33
 111  1   6    1  56  44   0 3.28E+02 2.36E-01 9.00E-03   4  96 -14
 111  1   6    2  50  40  10 3.21E+03 3.26E-02 1.00E-02  25  75 -34
 111  1   6    1  56  44   0 3.39E+02 2.60E-01 9.00E-03   2  98 -13
 111  1   6   13  29  29  43 3.20E+03 3.37E-02 1.40E-02  23  77 -34
 111  1   6    1  44  44  11 3.38E+02 2.83E-01 9.00E-03   3  97 -13
 111  1   6    1  56  44   0 3.28E+03 3.67E-02 9.00E-03  20  80 -33
 111  1   6    1  56  44   0 3.21E+02 2.72E-01 9.00E-03   3  97 -13
 111  1   6    9  42  25  33 3.21E+03 4.08E-02 1.20E-02  16  84 -32
 111  1   6    1  37  50  12 3.39E+02 2.90E-01 8.00E-03   4  96 -12
 111  1   6    4  50  30  20 3.16E+03 3.46E-02 1.00E-02  24  76 -34
 111  1   6    1  44  44  11 3.17E+02 2.89E-01 9.00E-03   3  97 -12
 111  1   6    1  67  33   0 3.13E+03 3.61E-02 9.00E-03  22  78 -33
 111  1   6    1  56  44   0 3.11E+02 2.84E-01 9.00E-03   3  97 -13
 111  1   6    2  44  44  11 3.12E+03 3.66E-02 9.00E-03  22  78 -33
 111  1   6    1  56  33  11 3.31E+02 2.89E-01 9.00E-03   2  98 -12
 111  1   6    6  30  40  30 3.10E+03 3.94E-02 1.00E-02  21  79 -32
 111  1   6    1  56  44   0 3.15E+02 2.77E-01 9.00E-03   3  97 -13
 111  1   6    2  44  44  11 3.11E+03 3.53E-02 9.00E-03  24  76 -33
 111  1   6    1  67  33   0 3.23E+02 2.70E-01 9.00E-03   2  98 -13
 111  1   6    5  38  38  23 3.08E+03 3.77E-02 1.30E-02  21  79 -33
 111  1   6    1  56  44   0 3.03E+02 2.77E-01 9.00E-03   3  97 -13
 111  1   6    1  63  37   0 3.05E+03 3.85E-02 8.00E-03  21  79 -33
 111  1   6    1  56  44   0 2.98E+02 2.81E-01 9.00E-03   3  97 -13
 111  1   6    2  56  33  11 3.04E+03 3.75E-02 9.00E-03  22  78 -33
 111  1   6    1  56  33  11 3.16E+02 2.87E-01 9.00E-03   2  98 -12
 111  1   6    2  67  33   0 3.02E+03 4.01E-02 9.00E-03  20  80 -32
 111  1   6    1  42  50   8 3.17E+02 2.89E-01 1.20E-02   2  98 -12
 111  1   6    2  58  33   8 3.00E+03 4.01E-02 1.20E-02  20  80 -32
 111  1   6    2  56  33  11 3.11E+02 2.70E-01 9.00E-03   2  98 -13
 111  1   6    2  50  40  10 2.98E+03 3.59E-02 1.00E-02  24  76 -33
 111  1   6    1  56  44   0 3.15E+02 2.98E-01 9.00E-03   2  98 -12
 111  1   6    1  56  44   0 2.96E+03 4.11E-02 9.00E-03  19  81 -32
 111  1   6    2  44  44  11 3.01E+02 2.99E-01 9.00E-03   2  98 -12
 111  1   6    1  45  45   9 2.95E+03 4.55E-02 1.10E-02  17  83 -31
 111  1   6    1  56  44   0 3.15E+02 2.94E-01 9.00E-03   2  98 -12
 111  1   6   24  25  20  55 2.93E+03 4.21E-02 2.00E-02  18  82 -32
 111  1   6    2  56  33  11 3.14E+02 2.17E-01 9.00E-03   2  98 -15
 111  1   6    1  56  33  11 3.17E+03 3.83E-02 9.00E-03  20  80 -33
 111  1   6    1  50  38  12 3.01E+02 2.56E-01 8.00E-03   3  97 -14
 111  1   6   11  31  31  38 3.02E+03 4.10E-02 1.30E-02  20  80 -32
 111  1   6    1  55  36   9 2.98E+02 2.97E-01 1.10E-02   3  97 -12
 111  1   6    5  45  36  18 2.97E+03 3.62E-02 1.10E-02  26  74 -33
 111  1   6    1  44  44  11 2.96E+02 2.78E-01 9.00E-03   3  97 -13
 111  1   6   10  46  23  31 2.92E+03 4.00E-02 1.30E-02  23  77 -32
 111  1   6    1  50  38  12 3.03E+02 2.98E-01 8.00E-03   3  97 -12
 111  1   6    8  33  33  33 2.89E+03 3.66E-02 1.20E-02  27  73 -33
 111  1   6    1  67  33   0 2.98E+02 3.02E-01 9.00E-03   2  98 -12
 111  1   6    2  54  38   8 2.84E+03 4.24E-02 1.30E-02  22  78 -32
 111  1   6    1  44  44  11 3.08E+02 2.84E-01 9.00E-03   2  98 -13
 111  1   6   19  19  31  50 2.81E+03 4.40E-02 1.60E-02  19  81 -31
 111  1   6    1  44  44  11 3.09E+02 3.07E-01 9.00E-03   3  97 -12
 111  1   6    2  44  44  11 3.04E+03 3.72E-02 9.00E-03  25  75 -33
 111  1   6    1  50  40  10 3.06E+02 2.78E-01 1.00E-02   2  98 -13
 111  1   6   10  31  31  38 2.87E+03 4.17E-02 1.30E-02  21  79 -32
 111  1   6    1  50  40  10 3.00E+02 2.97E-01 1.00E-02   3  97 -12
 111  1   6    2  44  44  11 2.78E+03 4.19E-02 9.00E-03  23  77 -32
 111  1   6    1  44  44  11 3.03E+02 2.82E-01 9.00E-03   2  98 -13
 111  1   6    6  55  27  18 2.75E+03 4.59E-02 1.10E-02  20  80 -31
 111  1   6    1  50  38  12 2.98E+02 2.93E-01 8.00E-03   3  97 -12
 111  1   6    2  38  50  12 2.73E+03 4.26E-02 8.00E-03  24  76 -32
 111  1   6    1  44  44  11 3.01E+02 2.87E-01 9.00E-03   2  98 -12
 111  1   6   22  22  22  56 2.69E+03 4.72E-02 1.80E-02  20  80 -31
 111  1   6    1  56  33  11 2.91E+02 3.12E-01 9.00E-03   3  97 -12
 111  1   6    2  44  44  11 3.10E+03 3.75E-02 9.00E-03  26  74 -33
 111  1   6    1  38  50  12 2.86E+02 2.77E-01 8.00E-03   2  98 -13
 111  1   6    8  33  33  33 2.82E+03 4.29E-02 1.20E-02  23  77 -31
 111  1   6    1  38  50  12 2.84E+02 3.11E-01 8.00E-03   3  97 -12
 111  1   6   19  31  19  50 2.71E+03 4.05E-02 1.60E-02  26  74 -32
 111  1   6    1  67  33   0 2.77E+02 2.91E-01 9.00E-03   3  97 -12
 111  1   6    7  38  31  31 2.97E+03 3.58E-02 1.30E-02  26  74 -33
 111  1   6    1  67  33   0 2.67E+02 2.97E-01 9.00E-03   3  97 -12
 111  1   6    2  67  33   0 2.63E+03 4.11E-02 9.00E-03  25  75 -32
 111  1   6    1  67  33   0 2.68E+02 2.83E-01 9.00E-03   2  98 -13
 111  1   6   10  42  25  33 2.52E+03 4.50E-02 1.20E-02  23  77 -31
 111  1   6    1  56  33  11 2.58E+02 3.12E-01 9.00E-03   3  97 -12
 111  1   6    2  67  33   0 2.51E+03 4.30E-02 9.00E-03  25  75 -31
 111  1   6    1  55  36   9 2.55E+02 2.83E-01 1.10E-02   2  98 -13
 111  1   6    4  60  30  10 2.46E+03 4.54E-02 1.00E-02  23  77 -31
 111  1   6    2  42  42  17 2.45E+02 2.40E-01 1.20E-02   2  98 -14
 111  1   6    1  50  38  12 2.41E+03 4.77E-02 8.00E-03  21  79 -30
 111  1   6    1  56  44   0 2.44E+02 2.95E-01 9.00E-03   4  96 -12
 111  1   6    8  33  33  33 2.38E+03 4.24E-02 1.20E-02  25  75 -32
 111  1   6    1  56  44   0 2.41E+02 3.14E-01 9.00E-03   3  97 -12
 111  1   6    2  42  42  17 2.37E+03 4.12E-02 1.20E-02  27  73 -32
 111  1   6    1  44  56   0 2.37E+02 2.66E-01 9.00E-03   2  98 -13
 111  1   6    4  40  40  20 2.34E+03 4.57E-02 1.00E-02  23  77 -31
 111  1   6    1  56  44   0 2.31E+02 3.12E-01 9.00E-03   3  97 -12
 111  1   6    1  56  44   0 2.30E+03 4.15E-02 9.00E-03  26  74 -32
 111  1   6    2  60  30  10 2.26E+02 2.84E-01 1.00E-02   2  98 -13
 111  1   6    1  56  33  11 2.28E+03 4.39E-02 9.00E-03  24  76 -31
 111  1   6    1  44  44  11 2.30E+02 2.84E-01 9.00E-03   2  98 -13
 111  1   6    8  42  33  25 2.26E+03 4.30E-02 1.20E-02  24  76 -31
 111  1   6    1  56  33  11 2.32E+02 2.95E-01 9.00E-03   2  98 -12
 111  1   6    2  44  44  11 2.24E+03 4.50E-02 9.00E-03  23  77 -31
 111  1   6    1  56  44   0 2.33E+02 2.69E-01 9.00E-03   2  98 -13
 111  1   6    5  45  36  18 2.21E+03 4.47E-02 1.10E-02  22  78 -31
 111  1   6    1  56  44   0 2.23E+02 2.82E-01 9.00E-03   3  97 -13
 111  1   6    2  50  40  10 2.18E+03 3.66E-02 1.00E-02  31  69 -33
 111  1   6    1  56  44   0 2.24E+02 2.70E-01 9.00E-03   2  98 -13
 111  1   6    1  67  33   0 2.15E+03 4.25E-02 9.00E-03  23  77 -32
 111  1   6    1  50  38  12 2.16E+02 3.04E-01 8.00E-03   3  97 -12
 111  1   6    5  40  30  30 2.13E+03 4.30E-02 1.00E-02  23  77 -31
 111  1   6    1  56  44   0 2.25E+02 2.80E-01 9.00E-03   2  98 -13
 111  1   6    1  56  44   0 2.11E+03 4.34E-02 9.00E-03  22  78 -31
 111  1   6    1  44  44  11 2.16E+02 2.92E-01 9.00E-03   3  97 -12
 111  1   6    4  45  36  18 2.09E+03 4.36E-02 1.10E-02  22  78 -31
 111  1   6    1  44  44  11 2.16E+02 3.01E-01 9.00E-03   2  98 -12
 111  1   6    1  50  38  12 2.06E+03 3.80E-02 8.00E-03  28  72 -33
 111  1   6    1  56  44   0 2.09E+02 2.87E-01 9.00E-03   2  98 -12
 111  1   6    2  44  44  11 2.04E+03 4.26E-02 9.00E-03  23  77 -32
 111  1   6    1  67  33   0 2.20E+02 2.87E-01 9.00E-03   2  98 -12
 111  1   6    3  56  33  11 2.02E+03 4.41E-02 9.00E-03  22  78 -31
 111  1   6    2  42  42  17 2.18E+02 2.54E-01 1.20E-02   2  98 -14
 111  1   6    1  60  40   0 2.00E+03 3.85E-02 1.00E-02  27  73 -33
 111  1   6    1  67  33   0 2.12E+02 2.51E-01 9.00E-03   2  98 -14
 111  1   6    1  56  44   0 1.98E+03 4.41E-02 9.00E-03  20  80 -31
 111  1   6    1  44  44  11 2.11E+02 2.87E-01 9.00E-03   2  98 -12
 111  1   6    2  40  50  10 1.96E+03 4.32E-02 1.00E-02  22  78 -31
 111  1   6    1  56  33  11 2.18E+02 2.95E-01 9.00E-03   2  98 -12
 111  1   6    1  67  33   0 1.94E+03 4.36E-02 1.20E-02  21  79 -31
 111  1   6    1  56  44   0 2.12E+02 3.12E-01 9.00E-03   2  98 -12
 111  1   6    4  45  36  18 1.93E+03 4.46E-02 1.10E-02  20  80 -31
 111  1   6    1  44  44  11 2.11E+02 2.99E-01 9.00E-03   2  98 -12
 111  1   6    1  56  44   0 1.91E+03 3.90E-02 9.00E-03  25  75 -32
 111  1   6    1  56  44   0 2.07E+02 2.85E-01 9.00E-03   2  98 -13
 111  1   6    1  44  44  11 1.89E+03 4.21E-02 9.00E-03  21  79 -32
 111  1   6    1  56  44   0 2.04E+02 2.90E-01 9.00E-03   2  98 -12
 111  1   6    2  56  33  11 1.88E+03 3.77E-02 9.00E-03  26  74 -33
 111  1   6    1  67  33   0 2.05E+02 2.91E-01 9.00E-03   2  98 -12
 111  1   6    1  38  50  12 1.86E+03 4.11E-02 8.00E-03  22  78 -32
 111  1   6    1  67  33   0 2.01E+02 2.94E-01 9.00E-03   2  98 -12
 111  1   6    2  50  40  10 1.85E+03 4.43E-02 1.00E-02  20  80 -31
 111  1   6    1  56  33  11 2.06E+02 3.10E-01 9.00E-03   2  98 -12
 111  1   6    1  56  44   0 1.83E+03 4.29E-02 9.00E-03  20  80 -31
 111  1   6    1  56  44   0 2.04E+02 3.08E-01 9.00E-03   2  98 -12
 111  1   6   12  31  31  38 1.82E+03 4.59E-02 1.30E-02  18  82 -31
 111  1   6    1  67  33   0 2.08E+02 3.02E-01 9.00E-03   2  98 -12
 111  1   6    1  67  33   0 1.88E+03 4.35E-02 9.00E-03  19  81 -31
 111  1   6    1  67  33   0 2.03E+02 2.81E-01 9.00E-03   2  98 -13
 111  1   6    8  50  25  25 1.84E+03 4.39E-02 1.20E-02  19  81 -31
 111  1   6    1  67  33   0 2.07E+02 2.97E-01 9.00E-03   2  98 -12
 111  1   6    1  55  36   9 1.80E+03 4.19E-02 1.10E-02  21  79 -32
 111  1   6    1  56  33  11 2.02E+02 2.72E-01 9.00E-03   2  98 -13
 111  1   6    6  30  40  30 1.79E+03 4.11E-02 1.00E-02  21  79 -32
 111  1   6    1  56  44   0 2.00E+02 2.75E-01 9.00E-03   1  99 -13
 111  1   6    1  62  38   0 1.77E+03 4.21E-02 8.00E-03  20  80 -32
 111  1   6    1  50  38  12 2.01E+02 2.54E-01 8.00E-03   1  99 -14
 111  1   6   14  33  20  47 1.76E+03 4.61E-02 1.50E-02  17  83 -31
 111  1   6    1  50  40  10 2.10E+02 2.75E-01 1.00E-02   1  99 -13
 111  1   6    1  50  37  12 1.78E+03 4.30E-02 8.00E-03  19  81 -31
 111  1   6    1  50  38  12 2.10E+02 2.62E-01 8.00E-03   1  99 -13
 111  1   6    2  56  33  11 1.76E+03 5.10E-02 9.00E-03  16  84 -30
 111  1   6    1  56  44   0 2.14E+02 2.97E-01 9.00E-03   1  99 -12
 111  1   6    1  60  40   0 1.74E+03 4.89E-02 1.00E-02  16  84 -30
 111  1   6    1  67  33   0 2.17E+02 3.12E-01 9.00E-03   1  99 -12
 111  1   6   14  29  29  41 1.73E+03 4.74E-02 1.70E-02  15  85 -30
 111  1   6    1  44  56   0 2.16E+02 2.95E-01 9.00E-03   1  99 -12
 111  1   6    1  44  44  11 1.75E+03 4.64E-02 9.00E-03  16  84 -31
 111  1   6    1  56  33  11 2.16E+02 2.60E-01 9.00E-03   1  99 -13
 111  1   6    7  36  36  27 1.71E+03 5.14E-02 1.10E-02  14  86 -30
 111  1   6    1  60  40   0 2.18E+02 2.78E-01 1.00E-02   1  99 -13
 111  1   6    1  56  44   0 1.68E+03 5.04E-02 9.00E-03  15  85 -30
 111  1   6    1  38  50  12 2.20E+02 2.67E-01 8.00E-03   1  99 -13
 111  1   6    5  45  36  18 1.67E+03 5.24E-02 1.10E-02  13  87 -29
 111  1   6    1  50  40  10 2.29E+02 2.53E-01 1.00E-02   1  99 -14
 111  1   6    1  38  50  13 1.65E+03 5.00E-02 8.00E-03  15  85 -30
 111  1   6    1  56  44   0 2.31E+02 2.58E-01 9.00E-03   1  99 -14
 111  1   6    4  42  33  25 1.64E+03 4.98E-02 1.20E-02  15  85 -30
 111  1   6    1  44  44  11 2.26E+02 2.76E-01 9.00E-03   1  99 -13
 111  1   6    1  67  33   0 1.62E+03 4.55E-02 9.00E-03  17  83 -31
 111  1   6    1  38  50  12 2.26E+02 2.59E-01 8.00E-03   1  99 -13
 111  1   6    1  67  33   0 1.61E+03 5.68E-02 9.00E-03  12  88 -29
 111  1   6    1  38  50  13 2.34E+02 2.83E-01 8.00E-03   1  99 -13
 111  1   6    2  67  33   0 1.60E+03 6.05E-02 9.00E-03  12  88 -28
 111  1   6    1  37  50  12 2.43E+02 2.93E-01 8.00E-03   1  99 -12
 111  1   6    1  63  37   0 1.58E+03 4.62E-02 8.00E-03  17  83 -31
 111  1   6    1  44  56   0 2.32E+02 2.84E-01 9.00E-03   1  99 -13
 111  1   6    1  67  33   0 1.56E+03 5.29E-02 9.00E-03  14  86 -29
 111  1   6    1  67  33   0 2.34E+02 2.79E-01 9.00E-03   1  99 -13
 111  1   6    1  56  44   0 1.55E+03 5.83E-02 9.00E-03  12  88 -28
 111  1   6    1  50  37  13 2.38E+02 2.90E-01 8.00E-03   1  99 -12
 111  1   6   16  40  20  40 1.53E+03 5.87E-02 1.50E-02  12  88 -28
 111  1   6    1  62  38   0 2.39E+02 2.72E-01 8.00E-03   1  99 -13
 111  1   6    1  56  44   0 1.76E+03 4.78E-02 9.00E-03  14  86 -30
 111  1   6    1  44  44  11 2.31E+02 2.68E-01 9.00E-03   1  99 -13
 111  1   6    8  38  31  31 1.61E+03 5.67E-02 1.30E-02  11  89 -29
 111  1   6    1  45  45   9 2.34E+02 2.75E-01 1.10E-02   1  99 -13
 111  1   6    1  56  44   0 1.53E+03 5.84E-02 9.00E-03  13  87 -28
 111  1   6    1  56  44   0 2.27E+02 2.86E-01 9.00E-03   1  99 -13
 111  1   6   15  40  20  40 1.51E+03 5.59E-02 1.50E-02  12  88 -29
 111  1   6    1  37  50  12 2.26E+02 2.88E-01 8.00E-03   1  99 -12
 111  1   6    1  56  44   0 1.55E+03 4.49E-02 9.00E-03  18  82 -31
 111  1   6    1  56  44   0 2.11E+02 2.59E-01 9.00E-03   1  99 -14
 111  1   6    5  45  36  18 1.48E+03 4.82E-02 1.10E-02  17  83 -30
 111  1   6    1  44  56   0 2.14E+02 2.39E-01 9.00E-03   1  99 -14
 111  1   6    1  50  50   0 1.44E+03 5.68E-02 8.00E-03  13  87 -29
 111  1   6    1  37  50  12 2.10E+02 2.75E-01 8.00E-03   1  99 -13
 111  1   6   12  36  29  36 1.42E+03 5.47E-02 1.40E-02  13  87 -29
 111  1   6    1  60  40   0 2.04E+02 2.80E-01 1.00E-02   1  99 -13
 111  1   6    1  44  44  11 1.43E+03 5.29E-02 9.00E-03  15  85 -29
 111  1   6    1  38  50  12 1.92E+02 2.71E-01 8.00E-03   1  99 -13
 111  1   6    8  33  33  33 1.39E+03 5.27E-02 1.20E-02  14  86 -29
 111  1   6    1  67  33   0 1.94E+02 2.90E-01 9.00E-03   1  99 -12
 111  1   6    1  56  44   0 1.35E+03 5.13E-02 9.00E-03  16  84 -30
 111  1   6    1  44  56   0 1.82E+02 2.90E-01 9.00E-03   1  99 -12
 111  1   6   10  44  22  33 1.33E+03 5.32E-02 1.80E-02  14  86 -29
 111  1   6    1  44  44  11 1.77E+02 2.95E-01 9.00E-03   1  99 -12
 111  1   6    1  56  44   0 1.32E+03 5.00E-02 9.00E-03  16  84 -30
 111  1   6    1  56  33  11 1.69E+02 2.89E-01 9.00E-03   1  99 -12
 111  1   6    4  45  36  18 1.30E+03 5.06E-02 1.10E-02  16  84 -30
 111  1   6    1  56  44   0 1.63E+02 2.91E-01 9.00E-03   1  99 -12
 111  1   6    1  67  33   0 1.29E+03 5.10E-02 9.00E-03  16  84 -30
 111  1   6    1  58  42   0 1.59E+02 2.94E-01 1.20E-02   1  99 -12
 111  1   6    4  50  30  20 1.27E+03 4.86E-02 1.00E-02  16  84 -30
 111  1   6    1  67  33   0 1.51E+02 3.05E-01 9.00E-03   1  99 -12
 111  1   6    1  56  44   0 1.26E+03 4.71E-02 9.00E-03  18  82 -31
 111  1   6    1  56  44   0 1.47E+02 2.99E-01 9.00E-03   1  99 -12
 111  1   6    9  38  31  31 1.25E+03 4.75E-02 1.30E-02  17  83 -30
 111  1   6    1  56  44   0 1.43E+02 3.15E-01 9.00E-03   1  99 -12
 111  1   6    1  44  44  11 1.25E+03 4.38E-02 9.00E-03  21  79 -31
 111  1   6    1  37  50  12 1.34E+02 2.97E-01 8.00E-03   2  98 -12
 111  1   6    7  42  33  25 1.24E+03 4.26E-02 1.20E-02  21  79 -32
 111  1   6    1  67  33   0 1.31E+02 3.12E-01 9.00E-03   2  98 -12
 111  1   6    2  56  33  11 1.23E+03 4.39E-02 9.00E-03  21  79 -31
 111  1   6    1  44  56   0 1.27E+02 3.01E-01 9.00E-03   1  99 -12
 111  1   6    5  45  36  18 1.21E+03 3.64E-02 1.10E-02  28  72 -33
 111  1   6    1  44  44  11 1.19E+02 2.90E-01 9.00E-03   2  98 -12
 111  1   6    1  44  44  11 1.20E+03 4.19E-02 9.00E-03  22  78 -32
 111  1   6    1  44  44  11 1.20E+02 2.92E-01 9.00E-03   2  98 -12
 111  1   6    5  36  45  18 1.19E+03 4.18E-02 1.10E-02  23  77 -32
 111  1   6    1  56  44   0 1.14E+02 2.95E-01 9.00E-03   2  98 -12
 111  1   6    2  44  44  11 1.19E+03 3.96E-02 9.00E-03  25  75 -32
 111  1   6    1  56  44   0 1.14E+02 3.10E-01 9.00E-03   2  98 -12
 111  1   6    1  56  33  11 1.18E+03 4.15E-02 9.00E-03  23  77 -32
 111  1   6    2  45  45   9 1.11E+02 3.18E-01 1.10E-02   2  98 -11
 111  1   6    2  44  44  11 1.17E+03 4.12E-02 9.00E-03  23  77 -32
 111  1   6    2  50  40  10 1.15E+02 2.88E-01 1.00E-02   2  98 -12
 111  1   6    1  50  40  10 1.16E+03 4.22E-02 1.00E-02  21  79 -32
 111  1   6    1  56  44   0 1.12E+02 3.03E-01 9.00E-03   2  98 -12
 111  1   6    5  55  27  18 1.16E+03 3.92E-02 1.10E-02  25  75 -32
 111  1   6    1  67  33   0 1.09E+02 3.03E-01 9.00E-03   2  98 -12
 111  1   6    1  50  42   8 1.15E+03 3.97E-02 1.20E-02  24  76 -32
 111  1   6    1  56  44   0 1.06E+02 2.95E-01 9.00E-03   2  98 -12
 111  1   6    2  56  33  11 1.14E+03 3.95E-02 9.00E-03  25  75 -32
 111  1   6    1  56  44   0 1.09E+02 3.24E-01 9.00E-03   2  98 -11
 111  1   6    1  44  44  11 1.14E+03 3.84E-02 9.00E-03  25  75 -33
 111  1   6    5  42  33  25 1.05E+02 2.45E-01 1.20E-02   2  98 -14
 111  1   6    2  50  40  10 1.14E+03 3.75E-02 1.00E-02  27  73 -33
 111  1   6    1  50  42   8 1.07E+02 2.98E-01 1.20E-02   2  98 -12
 111  1   6    3  50  30  20 1.13E+03 3.93E-02 1.00E-02  25  75 -32
 111  1   6    2  42  42  17 1.09E+02 2.17E-01 1.20E-02   2  98 -15
 111  1   6    1  44  44  11 1.12E+03 3.73E-02 9.00E-03  27  73 -33
 111  1   6    1  44  44  11 1.05E+02 2.56E-01 9.00E-03   2  98 -14
 111  1   6    2  40  50  10 1.12E+03 3.30E-02 1.00E-02  33  67 -34
 111  1   6    1  56  33  11 1.07E+02 3.00E-01 9.00E-03   2  98 -12
 111  1   6    1  58  42   0 1.11E+03 3.79E-02 1.20E-02  25  75 -33
 111  1   6    1  56  44   0 1.05E+02 3.11E-01 9.00E-03   2  98 -12
 111  1   6    2  50  40  10 1.11E+03 3.82E-02 1.00E-02  25  75 -33
 111  1   6    1  50  40  10 1.10E+02 3.18E-01 1.00E-02   2  98 -11
 111  1   6    1  44  44  11 1.10E+03 3.93E-02 9.00E-03  24  76 -32
 111  1   6    2  50  42   8 1.07E+02 3.08E-01 1.20E-02   2  98 -12
 111  1   6    1  56  33  11 1.10E+03 4.43E-02 9.00E-03  20  80 -31
 111  1   6    1  50  38  12 1.12E+02 2.88E-01 8.00E-03   2  98 -12
 111  1   6    2  44  44  11 1.09E+03 4.05E-02 9.00E-03  22  78 -32
 111  1   6    1  44  44  11 1.14E+02 3.23E-01 9.00E-03   1  99 -11
 111  1   6    1  50  40  10 1.09E+03 3.94E-02 1.00E-02  23  77 -32
 111  1   6   13  43  21  36 1.10E+02 2.99E-01 1.40E-02   3  97 -12
 111  1   6    2  44  44  11 1.11E+03 3.22E-02 9.00E-03  33  67 -34
 111  1   6    1  56  44   0 1.10E+02 2.82E-01 9.00E-03   1  99 -13
 111  1   6    1  56  44   0 1.10E+03 4.21E-02 9.00E-03  20  80 -32
 111  1   6    1  56  44   0 1.11E+02 3.09E-01 9.00E-03   2  98 -12
 111  1   6   10  29  36  36 1.09E+03 3.93E-02 1.40E-02  22  78 -32
 111  1   6    1  60  40   0 1.15E+02 3.15E-01 1.00E-02   2  98 -12
 111  1   6    1  67  33   0 1.08E+03 4.17E-02 9.00E-03  20  80 -32
 111  1   6    1  44  44  11 1.12E+02 3.01E-01 9.00E-03   2  98 -12
 111  1   6    7  36  27  36 1.08E+03 3.94E-02 1.10E-02  21  79 -32
 111  1   6    1  56  44   0 1.15E+02 3.10E-01 9.00E-03   1  99 -12
 111  1   6    1  44  44  11 1.06E+03 4.27E-02 9.00E-03  19  81 -32
 111  1   6    1  56  44   0 1.13E+02 2.90E-01 9.00E-03   2  98 -12
 111  1   6    2  56  33  11 1.05E+03 4.56E-02 9.00E-03  17  83 -31
 111  1   6    1  38  50  12 1.21E+02 3.09E-01 8.00E-03   1  99 -12
 111  1   6    1  38  50  12 1.05E+03 4.38E-02 8.00E-03  18  82 -31
 111  1   6    9  50  17  33 1.17E+02 2.85E-01 1.20E-02   3  97 -13
 111  1   6    2  44  44  11 1.05E+03 3.57E-02 9.00E-03  26  74 -33
 111  1   6    1  55  36   9 1.16E+02 2.78E-01 1.10E-02   1  99 -13
 111  1   6    1  56  33  11 1.05E+03 4.54E-02 9.00E-03  17  83 -31
 111  1   6    1  44  44  11 1.17E+02 3.06E-01 9.00E-03   2  98 -12
 111  1   6    6  30  40  30 1.04E+03 4.48E-02 1.00E-02  16  84 -31
 111  1   6    1  38  50  12 1.19E+02 3.08E-01 8.00E-03   2  98 -12
 111  1   6    1  44  56   0 1.03E+03 4.47E-02 9.00E-03  17  83 -31
 111  1   6    1  44  56   0 1.17E+02 2.81E-01 9.00E-03   2  98 -13
 111  1   6    4  50  30  20 1.02E+03 4.66E-02 1.00E-02  16  84 -31
 111  1   6    1  50  38  12 1.21E+02 3.04E-01 8.00E-03   1  99 -12
 111  1   6    1  56  33  11 1.02E+03 4.03E-02 9.00E-03  20  80 -32
 111  1   6    1  38  50  12 1.20E+02 2.97E-01 8.00E-03   2  98 -12
 111  1   6    2  50  40  10 1.01E+03 4.46E-02 1.00E-02  17  83 -31
 111  1   6    1  56  44   0 1.23E+02 2.96E-01 9.00E-03   1  99 -12
 111  1   6    1  56  33  11 1.01E+03 4.69E-02 9.00E-03  16  84 -31
 111  1   6    1  67  33   0 1.20E+02 3.07E-01 1.20E-02   1  99 -12
 111  1   6    3  44  33  22 1.00E+03 4.75E-02 9.00E-03  15  85 -30
 111  1   6    2  56  33  11 1.18E+02 2.78E-01 9.00E-03   1  99 -13
 111  1   6    1  56  44   0 9.93E+02 4.20E-02 9.00E-03  18  82 -32
 111  1   6    1  56  44   0 1.23E+02 2.51E-01 9.00E-03   1  99 -14
 111  1   6    1  56  44   0 9.87E+02 4.32E-02 9.00E-03  17  83 -31
 111  1   6    1  50  40  10 1.18E+02 2.73E-01 1.00E-02   2  98 -13
 111  1   6    1  58  33   8 9.81E+02 4.87E-02 1.20E-02  14  86 -30
 111  1   6    1  56  44   0 1.21E+02 2.83E-01 9.00E-03   1  99 -13
 111  1   6    2  44  44  11 9.76E+02 4.61E-02 9.00E-03  16  84 -31
 111  1   6    1  56  44   0 1.25E+02 2.92E-01 9.00E-03   1  99 -12
 111  1   6    1  67  33   0 9.70E+02 4.30E-02 9.00E-03  17  83 -31
 111  1   6    1  56  44   0 1.20E+02 3.03E-01 9.00E-03   1  99 -12
 111  1   6   17  31  25  44 9.64E+02 4.71E-02 1.60E-02  15  85 -31
 111  1   6    1  56  33  11 1.24E+02 2.93E-01 9.00E-03   1  99 -12
 111  1   6    1  56  44   0 1.04E+03 4.56E-02 9.00E-03  15  85 -31
 111  1   6    1  44  44  11 1.20E+02 2.90E-01 9.00E-03   1  99 -12
 111  1   6   10  38  31  31 1.00E+03 4.83E-02 1.30E-02  14  86 -30
 111  1   6    1  56  44   0 1.23E+02 2.98E-01 9.00E-03   1  99 -12
 111  1   6    1  37  50  12 9.91E+02 4.38E-02 8.00E-03  17  83 -31
 111  1   6    1  56  44   0 1.19E+02 2.83E-01 9.00E-03   2  98 -13
 111  1   6   12  36  29  36 9.68E+02 4.56E-02 1.40E-02  15  85 -31
 111  1   6    1  44  44  11 1.21E+02 2.86E-01 9.00E-03   1  99 -13
 111  1   6    1  56  44   0 9.58E+02 4.49E-02 9.00E-03  17  83 -31
 111  1   6    1  67  33   0 1.17E+02 2.71E-01 9.00E-03   2  98 -13
 111  1   6    9  38  31  31 9.46E+02 4.51E-02 1.30E-02  16  84 -31
 111  1   6    1  44  56   0 1.18E+02 2.87E-01 9.00E-03   1  99 -12
 111  1   6    1  38  50  13 9.34E+02 4.42E-02 8.00E-03  17  83 -31
 111  1   6    1  50  37  13 1.15E+02 2.75E-01 8.00E-03   1  99 -13
 111  1   6   19  33  17  50 9.26E+02 4.94E-02 1.80E-02  14  86 -30
 111  1   6    1  44  44  11 1.21E+02 2.78E-01 9.00E-03   1  99 -13
 111  1   6    1  44  44  11 9.98E+02 4.52E-02 9.00E-03  15  85 -31
 111  1   6    1  44  44  11 1.16E+02 2.81E-01 9.00E-03   1  99 -13
 111  1   6   10  31  38  31 9.45E+02 4.79E-02 1.30E-02  14  86 -30
 111  1   6    1  56  33  11 1.17E+02 2.83E-01 9.00E-03   1  99 -13
 111  1   6    1  44  44  11 9.20E+02 4.70E-02 9.00E-03  15  85 -31
 111  1   6    1  55  36   9 1.15E+02 2.82E-01 1.10E-02   2  98 -13
 111  1   6    6  42  33  25 9.10E+02 5.25E-02 1.20E-02  13  87 -29
 111  1   6    1  67  33   0 1.15E+02 2.83E-01 9.00E-03   1  99 -13
 111  1   6    1  44  44  11 9.09E+02 4.70E-02 9.00E-03  17  83 -31
 111  1   6    1  70  30   0 1.11E+02 2.64E-01 1.00E-02   1  99 -13
 111  1   6   21  24  24  53 8.96E+02 4.49E-02 1.70E-02  18  82 -31
 111  1   6    1  67  33   0 1.14E+02 2.70E-01 9.00E-03   1  99 -13
 111  1   6    1  55  36   9 9.44E+02 4.49E-02 1.10E-02  18  82 -31
 111  1   6    1  67  33   0 1.10E+02 2.76E-01 9.00E-03   2  98 -13
 111  1   6   12  31  31  38 9.15E+02 4.78E-02 1.30E-02  15  85 -30
 111  1   6    1  44  44  11 1.14E+02 2.84E-01 9.00E-03   1  99 -13
 111  1   6    1  56  33  11 9.05E+02 4.77E-02 9.00E-03  16  84 -30
 111  1   6    1  67  33   0 1.11E+02 2.84E-01 9.00E-03   1  99 -13
 111  1   6    8  33  33  33 8.84E+02 5.09E-02 1.20E-02  15  85 -30
 111  1   6    1  60  40   0 1.14E+02 2.95E-01 1.00E-02   1  99 -12
 111  1   6    1  56  44   0 8.68E+02 4.92E-02 9.00E-03  17  83 -30
 111  1   6    1  50  37  13 1.08E+02 2.92E-01 8.00E-03   1  99 -12
 111  1   6   18  25  25  50 8.61E+02 4.82E-02 1.60E-02  17  83 -30
 111  1   6    1  56  44   0 1.12E+02 2.96E-01 9.00E-03   1  99 -12
 111  1   6    1  56  44   0 9.36E+02 4.35E-02 9.00E-03  20  80 -31
 111  1   6    1  56  44   0 1.07E+02 2.83E-01 9.00E-03   2  98 -13
 111  1   6   11  37  25  38 8.88E+02 4.50E-02 1.60E-02  18  82 -31
 111  1   6    1  56  33  11 1.09E+02 2.78E-01 9.00E-03   1  99 -13
 111  1   6    1  38  50  12 8.69E+02 4.82E-02 8.00E-03  17  83 -30
 111  1   6    1  56  33  11 1.06E+02 2.82E-01 9.00E-03   1  99 -13
 111  1   6   22  28  22  50 8.52E+02 4.90E-02 1.80E-02  16  84 -30
 111  1   6    1  62  38   0 1.09E+02 2.87E-01 1.30E-02   1  99 -12
 111  1   6    1  56  44   0 8.57E+02 4.34E-02 9.00E-03  22  78 -31
 111  1   6    1  45  45   9 1.03E+02 2.68E-01 1.10E-02   1  99 -13
 111  1   6   15  33  20  47 8.38E+02 4.94E-02 1.50E-02  16  84 -30
 111  1   6    1  62  38   0 1.07E+02 2.70E-01 8.00E-03   1  99 -13
 111  1   6    1  56  44   0 8.29E+02 4.94E-02 9.00E-03  16  84 -30
 111  1   6    1  67  33   0 1.05E+02 2.81E-01 9.00E-03   1  99 -13
 111  1   6    7  42  33  25 8.10E+02 4.70E-02 1.20E-02  17  83 -31
 111  1   6    1  50  38  12 1.08E+02 2.92E-01 8.00E-03   1  99 -12
 111  1   6    1  64  36   0 7.99E+02 4.79E-02 1.10E-02  17  83 -30
 111  1   6    1  67  33   0 1.04E+02 2.72E-01 9.00E-03   1  99 -13
 111  1   6    3  56  33  11 7.90E+02 5.38E-02 9.00E-03  15  85 -29
 111  1   6    2  56  33  11 1.00E+02 2.50E-01 9.00E-03   1  99 -14
 111  1   6    1  38  50  13 7.82E+02 4.58E-02 8.00E-03  18  82 -31
 111  1   6    1  44  44  11 1.04E+02 2.49E-01 9.00E-03   1  99 -14
 111  1   6    1  38  50  12 7.75E+02 4.55E-02 8.00E-03  18  82 -31
 111  1   6    1  67  33   0 1.01E+02 2.80E-01 1.20E-02   1  99 -13
 111  1   6    1  67  33   0 7.69E+02 5.08E-02 9.00E-03  16  84 -30
 111  1   6    1  56  33  11 1.02E+02 2.94E-01 9.00E-03   1  99 -12
 111  1   6    2  55  36   9 7.63E+02 5.46E-02 1.10E-02  15  85 -29
 111  1   6    1  56  44   0 1.05E+02 3.10E-01 9.00E-03   1  99 -12
 111  1   6    1  44  44  11 7.57E+02 4.92E-02 9.00E-03  16  84 -30
 111  1   6    1  56  44   0 1.01E+02 3.23E-01 9.00E-03   1  99 -11
 111  1   6   19  26  22  52 7.50E+02 5.23E-02 2.30E-02  15  85 -29
 111  1   6    1  44  44  11 1.03E+02 2.98E-01 9.00E-03   1  99 -12
 111  1   6    1  38  50  12 8.92E+02 4.45E-02 8.00E-03  17  83 -31
 111  1   6    1  56  44   0 9.80E+01 2.90E-01 9.00E-03   1  99 -12
 111  1   6   11  31  31  38 8.10E+02 4.53E-02 1.30E-02  17  83 -31
 111  1   6    1  37  50  12 1.00E+02 2.98E-01 8.00E-03   1  99 -12
 111  1   6    1  56  44   0 7.88E+02 4.60E-02 9.00E-03  19  81 -31
 111  1   6    1  44  44  11 9.60E+01 2.86E-01 9.00E-03   1  99 -13
 111  1   6   23  26  21  53 7.60E+02 4.72E-02 1.90E-02  16  84 -31
 111  1   6    1  56  44   0 9.71E+01 2.91E-01 9.00E-03   1  99 -12
 111  1   6    1  67  33   0 8.21E+02 4.11E-02 9.00E-03  18  82 -32
 111  1   6    1  38  50  12 9.14E+01 2.77E-01 8.00E-03   1  99 -13
 111  1   6    4  45  36  18 7.51E+02 4.73E-02 1.10E-02  16  84 -31
 111  1   6    1  67  33   0 9.53E+01 2.94E-01 9.00E-03   1  99 -12
 111  1   6    1  67  33   0 7.28E+02 4.80E-02 9.00E-03  16  84 -30
 111  1   6    1  44  44  11 9.39E+01 3.06E-01 9.00E-03   1  99 -12
 111  1   6   15  33  20  47 7.17E+02 4.62E-02 1.50E-02  20  80 -31
 111  1   6    1  38  50  13 9.09E+01 3.07E-01 8.00E-03   1  99 -12
 111  1   6    1  56  44   0 7.62E+02 4.43E-02 9.00E-03  21  79 -31
 111  1   6    1  56  44   0 8.56E+01 2.84E-01 9.00E-03   1  99 -13
 111  1   6   17  31  25  44 7.26E+02 4.35E-02 1.60E-02  18  82 -31
 111  1   6    1  38  50  12 9.01E+01 3.03E-01 8.00E-03   1  99 -12
 111  1   6    1  56  33  11 7.04E+02 4.66E-02 9.00E-03  18  82 -31
 111  1   6    1  44  44  11 8.56E+01 2.95E-01 9.00E-03   1  99 -12
 111  1   6    9  42  25  33 6.86E+02 4.90E-02 1.20E-02  17  83 -30
 111  1   6    1  56  33  11 8.42E+01 3.11E-01 9.00E-03   1  99 -12
 111  1   6    1  56  44   0 6.74E+02 4.80E-02 9.00E-03  18  82 -30
 111  1   6    1  50  37  12 8.16E+01 2.99E-01 8.00E-03   1  99 -12
 111  1   6    4  50  30  20 6.66E+02 4.66E-02 1.00E-02  18  82 -31
 111  1   6    1  50  50   0 8.50E+01 3.15E-01 1.00E-02   1  99 -12
 111  1   6    1  56  44   0 6.58E+02 4.55E-02 9.00E-03  20  80 -31
 111  1   6    1  56  44   0 8.16E+01 3.09E-01 9.00E-03   1  99 -12
 111  1   6    2  56  33  11 6.53E+02 4.38E-02 9.00E-03  21  79 -31
 111  1   6    1  56  44   0 8.03E+01 3.21E-01 9.00E-03   1  99 -11
 111  1   6    1  50  40  10 6.48E+02 4.61E-02 1.00E-02  20  80 -31
 111  1   6    1  50  37  12 7.62E+01 3.16E-01 8.00E-03   1  99 -12
 111  1   6   10  31  31  37 6.43E+02 4.61E-02 1.60E-02  18  82 -31
 111  1   6    1  44  56   0 7.80E+01 3.16E-01 9.00E-03   1  99 -12
 111  1   6    1  67  33   0 6.57E+02 4.62E-02 9.00E-03  19  81 -31
 111  1   6    1  67  33   0 7.46E+01 3.01E-01 9.00E-03   1  99 -12
 111  1   6    7  36  27  36 6.41E+02 4.36E-02 1.10E-02  20  80 -31
 111  1   6    1  56  33  11 7.63E+01 3.20E-01 9.00E-03   1  99 -11
 111  1   6    1  37  50  12 6.29E+02 4.72E-02 8.00E-03  19  81 -31
 111  1   6    1  58  42   0 7.36E+01 2.97E-01 1.20E-02   1  99 -12
 111  1   6    2  50  40  10 6.23E+02 4.99E-02 1.00E-02  18  82 -30
 111  1   6    1  67  33   0 7.73E+01 3.30E-01 9.00E-03   1  99 -11
 111  1   6    1  44  44  11 6.18E+02 4.97E-02 9.00E-03  17  83 -30
 111  1   6    9  33  33  33 7.48E+01 3.24E-01 1.20E-02   2  98 -11
 111  1   6    2  60  30  10 6.13E+02 3.89E-02 1.00E-02  27  73 -32
 111  1   6    1  67  33   0 7.33E+01 3.08E-01 9.00E-03   1  99 -12
 111  1   6    1  50  42   8 6.08E+02 4.66E-02 1.20E-02  20  80 -31
 111  1   6    1  56  33  11 7.17E+01 3.17E-01 9.00E-03   1  99 -11
 111  1   6    8  42  25  33 6.03E+02 5.13E-02 1.20E-02  17  83 -30
 111  1   6    1  56  44   0 7.42E+01 3.34E-01 9.00E-03   1  99 -11
 111  1   6    1  56  44   0 6.00E+02 5.02E-02 9.00E-03  18  82 -30
 111  1   6    1  56  44   0 7.17E+01 3.11E-01 9.00E-03   1  99 -12
 111  1   6    4  30  50  20 5.95E+02 5.00E-02 1.00E-02  16  84 -30
 111  1   6    1  64  36   0 7.58E+01 3.19E-01 1.10E-02   1  99 -11
 111  1   6    1  56  33  11 5.86E+02 4.84E-02 9.00E-03  18  82 -30
 111  1   6    1  56  44   0 7.51E+01 3.17E-01 9.00E-03   1  99 -11
 111  1   6    1  56  33  11 5.81E+02 5.13E-02 9.00E-03  17  83 -30
 111  1   6    1  50  38  12 7.32E+01 3.21E-01 8.00E-03   1  99 -11
 111  1   6    2  50  40  10 5.77E+02 4.65E-02 1.00E-02  20  80 -31
 111  1   6    1  44  44  11 7.26E+01 3.31E-01 9.00E-03   1  99 -11
 111  1   6    1  56  44   0 5.73E+02 4.75E-02 9.00E-03  19  81 -30
 111  1   6    1  56  44   0 7.06E+01 3.16E-01 9.00E-03   1  99 -12
 111  1   6    6  30  40  30 5.68E+02 5.07E-02 1.00E-02  18  82 -30
 111  1   6    1  56  44   0 7.07E+01 3.09E-01 9.00E-03   1  99 -12
 111  1   6    1  44  56   0 5.66E+02 4.90E-02 9.00E-03  19  81 -30
 111  1   6    1  44  44  11 7.07E+01 2.73E-01 9.00E-03   1  99 -13
 111  1   6    4  45  36  18 5.60E+02 4.83E-02 1.10E-02  18  82 -30
 111  1   6    1  56  44   0 7.42E+01 3.02E-01 9.00E-03   1  99 -12
 111  1   6    1  44  44  11 5.54E+02 4.61E-02 9.00E-03  20  80 -31
 111  1   6    1  50  38  12 7.35E+01 2.92E-01 8.00E-03   1  99 -12
 111  1   6    4  45  36  18 5.49E+02 4.38E-02 1.10E-02  22  78 -31
 111  1   6    1  56  33  11 7.36E+01 3.14E-01 9.00E-03   1  99 -12
 111  1   6    1  60  40   0 5.43E+02 4.44E-02 1.00E-02  21  79 -31
 111  1   6    1  67  33   0 7.11E+01 2.83E-01 9.00E-03   1  99 -13
 111  1   6    1  56  44   0 5.38E+02 5.22E-02 9.00E-03  16  84 -30
 111  1   6    1  67  33   0 7.25E+01 2.78E-01 9.00E-03   1  99 -13
 111  1   6    1  57  36   7 5.34E+02 5.55E-02 1.40E-02  15  85 -29
 111  1   6    1  56  33  11 7.38E+01 2.80E-01 9.00E-03   1  99 -13
 111  1   6    1  56  44   0 5.29E+02 5.56E-02 9.00E-03  15  85 -29
 111  1   6    1  56  44   0 7.41E+01 2.81E-01 9.00E-03   1  99 -13
 111  1   6    1  38  50  12 5.25E+02 5.58E-02 8.00E-03  15  85 -29
 111  1   6    1  50  40  10 7.41E+01 2.84E-01 1.00E-02   1  99 -13
 111  1   6    1  56  33  11 5.20E+02 5.73E-02 9.00E-03  14  86 -29
 111  1   6    1  67  33   0 7.45E+01 2.93E-01 9.00E-03   1  99 -12
 111  1   6    2  50  40  10 5.15E+02 5.37E-02 1.00E-02  16  84 -29
 111  1   6    1  50  40  10 7.56E+01 3.07E-01 1.00E-02   1  99 -12
 111  1   6    1  67  33   0 5.10E+02 4.66E-02 9.00E-03  19  81 -31
 111  1   6    1  56  44   0 7.19E+01 3.01E-01 9.00E-03   1  99 -12
 111  1   6    1  56  33  11 5.05E+02 5.24E-02 9.00E-03  16  84 -29
 111  1   6    1  56  44   0 7.18E+01 2.96E-01 9.00E-03   1  99 -12
 111  1   6    1  67  33   0 5.01E+02 5.61E-02 9.00E-03  14  86 -29
 111  1   6    1  56  44   0 7.23E+01 3.00E-01 9.00E-03   1  99 -12
 111  1   6    1  67  33   0 4.97E+02 5.81E-02 9.00E-03  13  87 -28
 111  1   6    1  56  33  11 7.25E+01 3.07E-01 9.00E-03   1  99 -12
 111  1   6    1  56  44   0 4.92E+02 5.90E-02 9.00E-03  13  87 -28
 111  1   6    1  50  40  10 7.23E+01 3.13E-01 1.00E-02   1  99 -12
 111  1   6    2  50  40  10 4.88E+02 5.72E-02 1.00E-02  14  86 -29
 111  1   6    1  38  50  12 7.26E+01 3.22E-01 8.00E-03   1  99 -11
 111  1   6    1  38  50  12 4.84E+02 4.70E-02 8.00E-03  18  82 -31
 111  1   6    1  56  33  11 6.91E+01 3.11E-01 9.00E-03   1  99 -12
 111  1   6    1  44  44  11 4.79E+02 5.17E-02 9.00E-03  16  84 -30
 111  1   6    1  56  44   0 6.83E+01 3.01E-01 9.00E-03   1  99 -12
 111  1   6    1  67  33   0 4.75E+02 5.49E-02 9.00E-03  14  86 -29
 111  1   6    1  56  44   0 6.83E+01 3.01E-01 9.00E-03   1  99 -12
 111  1   6    1  44  44  11 4.71E+02 5.69E-02 9.00E-03  13  87 -29
 111  1   6    1  44  44  11 6.83E+01 3.08E-01 9.00E-03   1  99 -12
 111  1   6    1  56  44   0 4.67E+02 5.81E-02 9.00E-03  13  87 -28
 111  1   6    1  56  44   0 6.81E+01 3.16E-01 9.00E-03   1  99 -12
 111  1   6   24  26  21  53 4.63E+02 5.77E-02 1.90E-02  15  85 -29
 111  1   6    1  50  37  12 6.92E+01 3.07E-01 8.00E-03   1  99 -12
 111  1   6    1  45  45   9 6.07E+02 4.04E-02 1.10E-02  19  81 -32
 111  1   6    1  56  44   0 6.54E+01 2.88E-01 9.00E-03   1  99 -12
 111  1   6   25  21  21  58 5.40E+02 4.76E-02 1.90E-02  13  87 -30
 111  1   6    1  44  44  11 6.63E+01 3.06E-01 9.00E-03   1  99 -12
 111  1   6    1  44  56   0 4.85E+02 4.82E-02 9.00E-03  17  83 -30
 111  1   6    1  50  40  10 6.20E+01 2.87E-01 1.00E-02   1  99 -12
 111  1   6   22  28  17  56 4.69E+02 5.20E-02 1.80E-02  13  87 -30
 111  1   6    1  45  45   9 6.44E+01 3.03E-01 1.10E-02   1  99 -12
 111  1   6    1  44  44  11 4.96E+02 4.31E-02 9.00E-03  18  82 -31
 111  1   6    1  56  44   0 6.10E+01 2.76E-01 9.00E-03   1  99 -13
 111  1   6    5  36  36  27 4.64E+02 4.71E-02 1.10E-02  17  83 -31
 111  1   6    1  56  44   0 5.95E+01 2.70E-01 9.00E-03   1  99 -13
 111  1   6    1  56  33  11 4.53E+02 5.15E-02 9.00E-03  15  85 -30
 111  1   6    1  44  44  11 5.93E+01 2.86E-01 9.00E-03   1  99 -13
 111  1   6   11  29  29  41 4.48E+02 4.86E-02 1.70E-02  16  84 -30
 111  1   6    1  37  50  12 6.00E+01 3.07E-01 8.00E-03   1  99 -12
 111  1   6    1  67  33   0 4.50E+02 4.77E-02 9.00E-03  17  83 -30
 111  1   6    1  44  56   0 5.72E+01 2.91E-01 9.00E-03   1  99 -12
 111  1   6    8  36  27  36 4.45E+02 5.25E-02 1.10E-02  13  87 -29
 111  1   6    1  67  33   0 5.87E+01 3.17E-01 9.00E-03   1  99 -11
 111  1   6    1  67  33   0 4.45E+02 4.87E-02 9.00E-03  16  84 -30
 111  1   6    1  67  33   0 5.45E+01 3.07E-01 9.00E-03   1  99 -12
 111  1   6   35  21  12  67 4.35E+02 5.36E-02 2.40E-02  13  87 -29
 111  1   6    1  67  33   0 5.78E+01 3.06E-01 9.00E-03   1  99 -12
 111  1   6    1  38  50  12 7.44E+02 2.83E-02 8.00E-03  18  82 -36
 111  1   6    1  50  38  12 5.46E+01 2.90E-01 8.00E-03   1  99 -12
 111  1   6   24  21  21  58 5.32E+02 3.70E-02 1.90E-02  17  83 -33
 111  1   6    1  56  44   0 5.36E+01 3.03E-01 9.00E-03   1  99 -12
 111  1   6    1  45  45   9 4.28E+02 4.55E-02 1.10E-02  18  82 -31
 111  1   6    1  56  44   0 5.06E+01 2.89E-01 9.00E-03   1  99 -12
 111  1   6    7  36  36  27 4.23E+02 5.07E-02 1.10E-02  15  85 -30
 111  1   6    1  44  44  11 5.23E+01 3.13E-01 9.00E-03   1  99 -12
 111  1   6    1  44  44  11 4.20E+02 4.66E-02 9.00E-03  17  83 -31
 111  1   6    1  67  33   0 4.93E+01 2.96E-01 9.00E-03   1  99 -12
 111  1   6   15  33  20  47 4.16E+02 4.55E-02 1.50E-02  18  82 -31
 111  1   6    1  67  33   0 5.02E+01 3.10E-01 1.20E-02   1  99 -12
 111  1   6    1  67  33   0 4.46E+02 4.10E-02 9.00E-03  20  80 -32
 111  1   6    1  38  50  13 4.76E+01 2.97E-01 8.00E-03   1  99 -12
 111  1   6    8  42  33  25 4.22E+02 4.56E-02 1.20E-02  18  82 -31
 111  1   6    1  56  33  11 4.90E+01 3.11E-01 9.00E-03   1  99 -12
 111  1   6    1  67  33   0 4.13E+02 4.56E-02 9.00E-03  19  81 -31
 111  1   6    1  56  33  11 4.61E+01 2.95E-01 9.00E-03   1  99 -12
 111  1   6   17  29  24  47 4.09E+02 4.65E-02 1.70E-02  16  84 -31
 111  1   6    1  67  33   0 4.75E+01 3.15E-01 9.00E-03   1  99 -12
 111  1   6    1  38  50  12 4.08E+02 4.40E-02 8.00E-03  19  81 -31
 111  1   6    1  44  56   0 4.51E+01 3.04E-01 9.00E-03   1  99 -12
 111  1   6   10  31  31  38 4.02E+02 4.39E-02 1.30E-02  19  81 -31
 111  1   6    1  63  37   0 4.58E+01 3.11E-01 8.00E-03   1  99 -12
 111  1   6    1  67  33   0 3.98E+02 4.36E-02 9.00E-03  20  80 -31
 111  1   6    1  44  44  11 4.38E+01 2.97E-01 9.00E-03   1  99 -12
 111  1   6    5  45  36  18 3.96E+02 4.32E-02 1.10E-02  19  81 -31
 111  1   6    1  56  44   0 4.36E+01 2.92E-01 9.00E-03   1  99 -12
 111  1   6    1  56  44   0 3.92E+02 4.35E-02 9.00E-03  19  81 -31
 111  1   6    1  37  50  12 4.21E+01 2.99E-01 8.00E-03   2  98 -12
 111  1   6   20  24  24  53 3.89E+02 4.48E-02 1.70E-02  18  82 -31
 111  1   6    1  67  33   0 4.31E+01 3.14E-01 9.00E-03   1  99 -12
 111  1   6    1  44  44  11 3.99E+02 3.94E-02 9.00E-03  23  77 -32
 111  1   6    1  56  44   0 4.00E+01 2.87E-01 9.00E-03   2  98 -12
 111  1   6   14  27  33  40 3.93E+02 4.11E-02 1.50E-02  20  80 -32
 111  1   6    1  67  33   0 4.25E+01 3.13E-01 9.00E-03   1  99 -12
 111  1   6    1  44  44  11 3.95E+02 3.75E-02 9.00E-03  24  76 -33
 111  1   6    1  50  50   0 3.97E+01 2.96E-01 8.00E-03   2  98 -12
 111  1   6    2  56  33  11 3.83E+02 4.39E-02 9.00E-03  20  80 -31
 111  1   6    1  44  44  11 4.12E+01 3.09E-01 9.00E-03   1  99 -12
 111  1   6    1  56  33  11 3.78E+02 4.40E-02 9.00E-03  19  81 -31
 111  1   6    9  33  25  42 3.96E+01 3.06E-01 1.20E-02   2  98 -12
 111  1   6    2  44  44  11 3.76E+02 3.86E-02 9.00E-03  24  76 -33
 111  1   6    1  67  33   0 3.94E+01 2.96E-01 9.00E-03   1  99 -12
 111  1   6    1  38  50  12 3.73E+02 4.32E-02 8.00E-03  20  80 -31
 111  1   6    1  44  56   0 3.81E+01 3.29E-01 9.00E-03   2  98 -11
 111  1   6    8  33  33  33 3.70E+02 4.01E-02 1.20E-02  21  79 -32
 111  1   6    1  50  40  10 3.95E+01 3.25E-01 1.00E-02   1  99 -11
 111  1   6    1  67  33   0 3.71E+02 4.02E-02 9.00E-03  21  79 -32
 111  1   6    1  67  33   0 3.65E+01 3.04E-01 9.00E-03   2  98 -12
 111  1   6    5  50  33  17 3.68E+02 4.06E-02 1.20E-02  21  79 -32
 111  1   6    1  67  33   0 3.79E+01 2.94E-01 9.00E-03   2  98 -12
 111  1   6    1  37  50  12 3.63E+02 4.03E-02 8.00E-03  22  78 -32
 111  1   6    1  56  44   0 3.62E+01 3.04E-01 9.00E-03   2  98 -12
 111  1   6    4  50  33  17 3.61E+02 3.86E-02 1.20E-02  23  77 -33
 111  1   6    1  56  44   0 3.56E+01 3.19E-01 9.00E-03   2  98 -11
 111  1   6    1  37  50  12 3.58E+02 3.84E-02 8.00E-03  23  77 -33
 111  1   6    1  44  44  11 3.41E+01 3.04E-01 9.00E-03   2  98 -12
 111  1   6    3  33  44  22 3.56E+02 3.97E-02 9.00E-03  22  78 -32
 111  1   6    2  44  44  11 3.48E+01 2.60E-01 9.00E-03   1  99 -13
 111  1   6    1  44  44  11 3.53E+02 3.98E-02 9.00E-03  22  78 -32
 111  1   6    1  45  45   9 3.55E+01 2.78E-01 1.10E-02   2  98 -13
 111  1   6   24  32  16  53 3.50E+02 4.01E-02 1.90E-02  22  78 -32
 111  1   6    1  56  44   0 3.55E+01 3.17E-01 9.00E-03   2  98 -11
 111  1   6    1  67  33   0 3.61E+02 3.83E-02 9.00E-03  25  75 -33
 111  1   6    1  37  50  12 3.28E+01 3.16E-01 8.00E-03   2  98 -12
 111  1   6   14  33  27  40 3.55E+02 3.70E-02 1.50E-02  24  76 -33
 111  1   6    1  56  44   0 3.37E+01 3.16E-01 9.00E-03   2  98 -12
 111  1   6    1  45  45   9 3.49E+02 3.84E-02 1.10E-02  24  76 -33
 111  1   6    1  50  40  10 3.14E+01 3.04E-01 1.00E-02   2  98 -12
 111  1   6    9  42  25  33 3.45E+02 3.75E-02 1.20E-02  24  76 -33
 111  1   6    1  50  40  10 3.25E+01 3.14E-01 1.00E-02   2  98 -12
 111  1   6    1  56  44   0 3.41E+02 3.91E-02 9.00E-03  23  77 -32
 111  1   6    1  56  33  11 3.11E+01 3.19E-01 9.00E-03   2  98 -11
 111  1   6   19  25  25  50 3.38E+02 4.04E-02 1.60E-02  21  79 -32
 111  1   6    1  67  33   0 3.26E+01 3.10E-01 1.20E-02   2  98 -12
 111  1   6    1  56  44   0 3.44E+02 3.84E-02 9.00E-03  23  77 -33
 111  1   6    1  37  50  12 3.01E+01 3.07E-01 8.00E-03   2  98 -12
 111  1   6   12  43  21  36 3.37E+02 3.69E-02 1.40E-02  23  77 -33
 111  1   6    1  44  44  11 3.15E+01 3.12E-01 9.00E-03   2  98 -12
 111  1   6    2  50  40  10 3.37E+02 3.73E-02 1.00E-02  23  77 -33
 111  1   6    1  56  44   0 3.08E+01 2.87E-01 9.00E-03   1  99 -12
 111  1   6    6  42  33  25 3.31E+02 3.79E-02 1.20E-02  23  77 -33
 111  1   6    1  56  44   0 2.98E+01 3.05E-01 9.00E-03   2  98 -12
 111  1   6    2  44  44  11 3.27E+02 3.39E-02 9.00E-03  28  72 -34
 111  1   6    1  50  38  12 3.03E+01 2.82E-01 8.00E-03   1  99 -13
 111  1   6    1  44  44  11 3.24E+02 3.81E-02 9.00E-03  22  78 -33
 111  1   6    2  44  44  11 2.82E+01 3.27E-01 9.00E-03   2  98 -11
 111  1   6    2  56  33  11 3.22E+02 4.14E-02 9.00E-03  20  80 -32
 111  1   6    2  44  44  11 2.91E+01 3.24E-01 9.00E-03   1  99 -11
 111  1   6   83  11   9  80 3.19E+02 3.84E-02 4.60E-02  26  74 -33
 111  1   6    1  50  37  13 3.08E+01 3.35E-01 8.00E-03   2  98 -11
 111  1   6    1  38  50  12 1.46E+03 9.03E-03 8.00E-03  24  76 -47
 111  1   6    1  44  44  11 2.79E+01 3.21E-01 9.00E-03   2  98 -11
 111  1   6   50  13  13  73 7.74E+02 1.82E-02 3.00E-02  17  83 -40
 111  1   6    1  62  38   0 2.97E+01 3.34E-01 8.00E-03   2  98 -11
 111  1   6   10  33  27  40 4.48E+02 2.73E-02 1.50E-02  25  75 -36
 111  1   6    1  44  44  11 2.74E+01 3.04E-01 9.00E-03   2  98 -12
 111  1   6    4  33  44  22 3.69E+02 3.02E-02 9.00E-03  29  71 -35
 111  1   6    1  56  44   0 2.59E+01 3.01E-01 9.00E-03   2  98 -12
 111  1   6   58  15  12  74 3.35E+02 3.53E-02 3.40E-02  22  78 -33
 111  1   6    1  44  44  11 2.74E+01 3.15E-01 9.00E-03   2  98 -12
 111  1   6    2  50  40  10 8.85E+02 1.25E-02 1.00E-02  27  73 -44
 111  1   6    1  50  40  10 2.66E+01 2.84E-01 1.00E-02   1  99 -13
 111  1   6   12  36  29  36 5.09E+02 2.24E-02 1.40E-02  25  75 -38
 111  1   6    1  56  33  11 2.69E+01 3.12E-01 9.00E-03   2  98 -12
 111  1   6    2  33  56  11 3.90E+02 2.76E-02 9.00E-03  27  73 -36
 111  1   6    1  56  44   0 2.60E+01 2.88E-01 9.00E-03   1  99 -12
 111  1   6   31  25  17  58 3.25E+02 3.56E-02 2.40E-02  22  78 -33
 111  1   6    1  50  40  10 2.63E+01 3.10E-01 1.00E-02   2  98 -12
 111  1   6   24  27  15  58 3.27E+02 3.41E-02 2.60E-02  24  76 -34
 111  1   6    1  44  44  11 2.56E+01 2.98E-01 9.00E-03   2  98 -12
 111  1   6    2  67  22  11 3.37E+02 3.29E-02 9.00E-03  26  74 -34
 111  1   6    1  44  44  11 2.56E+01 2.89E-01 9.00E-03   1  99 -12
 111  1   6   21  33  17  50 3.01E+02 3.64E-02 1.80E-02  23  77 -33
 111  1   6    1  67  33   0 2.52E+01 3.19E-01 9.00E-03   2  98 -11
 111  1   6    2  44  44  11 2.94E+02 3.37E-02 9.00E-03  29  71 -34
 111  1   6    1  50  40  10 2.48E+01 2.87E-01 1.00E-02   1  99 -12
 111  1   6   12  36  29  36 2.87E+02 3.48E-02 1.40E-02  26  74 -34
 111  1   6    1  37  50  12 2.49E+01 3.05E-01 8.00E-03   2  98 -12
 111  1   6    2  44  44  11 2.87E+02 3.23E-02 9.00E-03  31  69 -34
 111  1   6    1  44  56   0 2.42E+01 2.77E-01 9.00E-03   1  99 -13
 111  1   6    9  33  33  33 2.81E+02 3.71E-02 1.20E-02  23  77 -33
 111  1   6    1  44  44  11 2.40E+01 3.08E-01 9.00E-03   2  98 -12
 111  1   6    2  56  33  11 2.78E+02 3.65E-02 9.00E-03  24  76 -33
 111  1   6    1  56  44   0 2.39E+01 2.93E-01 9.00E-03   1  99 -12
 111  1   6    6  36  36  27 2.74E+02 3.63E-02 1.10E-02  24  76 -33
 111  1   6    1  50  38  12 2.41E+01 3.19E-01 8.00E-03   2  98 -11
 111  1   6    1  56  44   0 2.73E+02 4.49E-02 9.00E-03  17  83 -31
 111  1   6    1  56  44   0 2.36E+01 2.96E-01 9.00E-03   1  99 -12
 111  1   6    2  50  40  10 2.70E+02 3.40E-02 1.00E-02  28  72 -34
 111  1   6    1  44  44  11 2.40E+01 2.97E-01 9.00E-03   1  99 -12
 111  1   6    6  36  36  29 2.67E+02 3.27E-02 1.40E-02  29  71 -34
 111  1   6    1  44  44  11 2.35E+01 3.14E-01 9.00E-03   2  98 -12
 111  1   6    1  37  50  12 2.66E+02 4.35E-02 8.00E-03  18  82 -31
 111  1   6    1  67  33   0 2.28E+01 2.86E-01 9.00E-03   1  99 -13
 111  1   6    2  56  33  11 2.63E+02 4.04E-02 9.00E-03  21  79 -32
 111  1   6    1  50  50   0 2.37E+01 3.19E-01 1.00E-02   1  99 -11
 111  1   6    4  36  45  18 2.59E+02 3.50E-02 1.10E-02  26  74 -34
 111  1   6    1  50  50   0 2.33E+01 3.29E-01 1.00E-02   2  98 -11
 111  1   6    1  56  44   0 2.59E+02 4.27E-02 9.00E-03  19  81 -32
 111  1   6    1  56  44   0 2.20E+01 2.89E-01 9.00E-03   1  99 -12
 111  1   6    2  40  50  10 2.56E+02 3.76E-02 1.00E-02  24  76 -33
 111  1   6    1  38  50  13 2.29E+01 3.16E-01 8.00E-03   1  99 -12
 111  1   6   30  14  19  67 2.53E+02 3.78E-02 2.10E-02  24  76 -33
 111  1   6    1  50  38  12 2.30E+01 3.11E-01 8.00E-03   2  98 -12
 111  1   6    1  45  45   9 4.20E+02 3.02E-02 1.10E-02  17  83 -35
 111  1   6    1  56  33  11 2.32E+01 2.88E-01 9.00E-03   1  99 -12
 111  1   6   23  22  17  61 3.06E+02 3.69E-02 1.80E-02  17  83 -33
 111  1   6    1  67  33   0 2.40E+01 3.17E-01 9.00E-03   1  99 -11
 111  1   6    4  40  40  20 2.57E+02 3.91E-02 1.00E-02  23  77 -32
 111  1   6    1  56  33  11 2.16E+01 3.02E-01 9.00E-03   2  98 -12
 111  1   6   24  17  22  61 2.48E+02 3.69E-02 1.80E-02  23  77 -33
 111  1   6    1  50  40  10 2.19E+01 3.10E-01 1.00E-02   2  98 -12
 111  1   6    1  37  50  12 2.87E+02 3.96E-02 8.00E-03  19  81 -32
 111  1   6    1  56  44   0 2.14E+01 2.98E-01 9.00E-03   2  98 -12
 111  1   6   13  36  21  43 2.52E+02 4.29E-02 1.40E-02  17  83 -31
 111  1   6    1  67  33   0 2.26E+01 3.30E-01 9.00E-03   2  98 -11
 111  1   6    1  37  50  12 2.44E+02 4.60E-02 8.00E-03  17  83 -31
 111  1   6    1  44  44  11 2.18E+01 3.27E-01 9.00E-03   1  99 -11
 111  1   6    9  43  29  29 2.36E+02 4.14E-02 1.40E-02  19  81 -32
 111  1   6    1  44  44  11 2.18E+01 3.27E-01 9.00E-03   2  98 -11
 111  1   6    1  56  44   0 2.33E+02 4.68E-02 9.00E-03  17  83 -31
 111  1   6    1  56  44   0 2.13E+01 3.14E-01 9.00E-03   1  99 -12
 111  1   6    6  45  36  18 2.30E+02 4.53E-02 1.10E-02  17  83 -31
 111  1   6    1  56  44   0 2.22E+01 3.28E-01 9.00E-03   1  99 -11
 111  1   6    1  67  33   0 2.28E+02 4.89E-02 9.00E-03  16  84 -30
 111  1   6    1  60  40   0 2.14E+01 3.23E-01 1.00E-02   1  99 -11
 111  1   6    2  44  44  11 2.25E+02 4.45E-02 9.00E-03  19  81 -31
 111  1   6    1  37  50  12 2.20E+01 3.62E-01 8.00E-03   1  99 -10
 111  1   6    1  67  33   0 2.23E+02 4.66E-02 9.00E-03  17  83 -31
 011  1   5   25  21  16  63 2.08E+01 5.52E-01 1.90E-02  55  45  -6
 111  1   6   26  25  20  55 2.21E+02 4.24E-02 2.00E-02  23  77 -32
 111  1   6    1  56  44   0 2.10E+01 3.35E-01 9.00E-03   2  98 -11
 111  1   6    1  45  45   9 3.16E+02 3.30E-02 1.10E-02  22  78 -34
 111  1   6    1  56  44   0 2.06E+01 2.85E-01 9.00E-03   2  98 -13
 111  1   6   15  21  29  50 2.52E+02 4.04E-02 1.40E-02  17  83 -32
 111  1   6    1  56  44   0 2.04E+01 3.20E-01 9.00E-03   2  98 -11
 111  1   6    1  56  33  11 2.23E+02 5.00E-02 9.00E-03  16  84 -30
 111  1   6    2  33  56  11 2.09E+01 3.28E-01 9.00E-03   2  98 -11
 111  1   6   30  19  19  62 2.17E+02 4.66E-02 2.10E-02  16  84 -31
 111  1   6    1  50  40  10 2.09E+01 3.37E-01 1.00E-02   2  98 -11
 111  1   6    1  56  44   0 2.53E+02 4.21E-02 9.00E-03  17  83 -32
 111  1   6    1  38  50  12 2.03E+01 3.16E-01 8.00E-03   2  98 -12
 111  1   6    9  33  33  33 2.25E+02 4.43E-02 1.20E-02  17  83 -31
 111  1   6    1  67  33   0 2.05E+01 3.21E-01 9.00E-03   2  98 -11
 111  1   6    1  56  44   0 2.15E+02 4.89E-02 9.00E-03  17  83 -30
 111  1   6    1  67  33   0 2.02E+01 3.27E-01 9.00E-03   2  98 -11
 111  1   6   30  23  15  62 2.12E+02 4.44E-02 2.60E-02  18  82 -31
 111  1   6    1  56  33  11 2.00E+01 3.34E-01 9.00E-03   1  99 -11
 111  1   6    1  56  44   0 2.45E+02 4.25E-02 9.00E-03  18  82 -32
 111  1   6    1  56  44   0 1.98E+01 3.11E-01 9.00E-03   2  98 -12
 111  1   6   13  29  29  43 2.17E+02 4.58E-02 1.40E-02  17  83 -31
 111  1   6    1  56  33  11 1.99E+01 3.15E-01 9.00E-03   2  98 -12
 111  1   6    1  44  44  11 2.09E+02 5.02E-02 9.00E-03  17  83 -30
 111  1   6    1  50  40  10 2.00E+01 3.17E-01 1.00E-02   2  98 -11
 111  1   6   24  26  21  53 2.03E+02 4.55E-02 1.90E-02  16  84 -31
 111  1   6    1  38  50  12 1.94E+01 3.33E-01 8.00E-03   2  98 -11
 111  1   6    1  44  44  11 2.07E+02 4.61E-02 9.00E-03  18  82 -31
 111  1   6    1  56  33  11 1.89E+01 3.10E-01 9.00E-03   2  98 -12
 111  1   6   11  31  31  38 1.99E+02 4.36E-02 1.30E-02  19  81 -31
 111  1   6    1  50  38  12 1.86E+01 3.15E-01 8.00E-03   2  98 -12
 111  1   6    1  58  42   0 1.96E+02 5.02E-02 1.20E-02  17  83 -30
 111  1   6    1  70  30   0 1.90E+01 3.15E-01 1.00E-02   2  98 -12
 111  1   6   22  28  22  50 1.93E+02 4.76E-02 1.80E-02  16  84 -30
 111  1   6    1  56  44   0 1.87E+01 3.28E-01 9.00E-03   2  98 -11
 111  1   6    1  56  33  11 2.15E+02 4.51E-02 9.00E-03  17  83 -31
 111  1   6    1  67  33   0 1.89E+01 3.13E-01 9.00E-03   2  98 -12
 111  1   6   10  46  23  31 1.94E+02 4.50E-02 1.30E-02  18  82 -31
 111  1   6    1  58  42   0 1.82E+01 3.21E-01 1.20E-02   1  99 -11
 111  1   6    1  67  33   0 1.94E+02 5.09E-02 9.00E-03  16  84 -30
 111  1   6    1  56  44   0 1.87E+01 3.23E-01 9.00E-03   2  98 -11
 111  1   6    8  27  36  36 1.86E+02 4.61E-02 1.10E-02  18  82 -31
 111  1   6    1  56  44   0 1.77E+01 3.45E-01 9.00E-03   2  98 -11
 111  1   6    1  50  40  10 1.82E+02 4.91E-02 1.00E-02  18  82 -30
 111  1   6    1  56  33  11 1.83E+01 3.08E-01 9.00E-03   2  98 -12
 111  1   6   22  27  18  55 1.79E+02 4.82E-02 2.20E-02  16  84 -30
 111  1   6    1  56  44   0 1.79E+01 3.07E-01 9.00E-03   2  98 -12
 111  1   6    1  56  33  11 1.87E+02 5.20E-02 9.00E-03  15  85 -30
 111  1   6    1  67  33   0 1.83E+01 3.21E-01 9.00E-03   2  98 -11
 111  1   6   13  23  31  46 1.82E+02 4.85E-02 1.30E-02  16  84 -30
 111  1   6    1  38  50  12 1.83E+01 3.26E-01 8.00E-03   1  99 -11
 111  1   6    1  56  44   0 1.80E+02 5.48E-02 9.00E-03  15  85 -29
 111  1   6    1  45  45   9 1.86E+01 3.25E-01 1.10E-02   1  99 -11
